#
# There is insufficient memory for the Java Runtime Environment to continue.
# Native memory allocation (malloc) failed to allocate 939136 bytes for Chunk::new
# Possible reasons:
#   The system is out of physical RAM or swap space
#   In 32 bit mode, the process size limit was hit
# Possible solutions:
#   Reduce memory load on the system
#   Increase physical memory or swap space
#   Check if swap backing store is full
#   Use 64 bit Java on a 64 bit OS
#   Decrease Java heap size (-Xmx/-Xms)
#   Decrease number of Java threads
#   Decrease Java thread stack sizes (-Xss)
#   Set larger code cache with -XX:ReservedCodeCacheSize=
# This output file may be truncated or incomplete.
#
#  Out of Memory Error (allocation.cpp:390), pid=7812, tid=0x00000000000004a4
#
# JRE version: OpenJDK Runtime Environment (8.0_76-b03) (build 1.8.0_76-release-b03)
# Java VM: OpenJDK 64-Bit Server VM (25.76-b03 mixed mode windows-amd64 compressed oops)
# Failed to write core dump. Minidumps are not enabled by default on client versions of Windows
#

---------------  T H R E A D  ---------------

Current thread (0x000000001516c000):  JavaThread "C2 CompilerThread0" daemon [_thread_in_native, id=1188, stack(0x00000000167d0000,0x00000000168d0000)]

Stack: [0x00000000167d0000,0x00000000168d0000]
[error occurred during error reporting (printing stack bounds), id 0xc0000005]

Native frames: (J=compiled Java code, j=interpreted, Vv=VM code, C=native code)


Current CompileTask:
C2:   3787 1231   !   4       com.android.dx.cf.code.Ropper::processBlock (1101 bytes)


---------------  P R O C E S S  ---------------

Java Threads: ( => current thread )
  0x0000000016aec000 JavaThread "Service Thread" daemon [_thread_blocked, id=5364, stack(0x0000000016ed0000,0x0000000016fd0000)]
  0x00000000151c0800 JavaThread "C1 CompilerThread2" daemon [_thread_blocked, id=6064, stack(0x00000000169d0000,0x0000000016ad0000)]
  0x000000001516f000 JavaThread "C2 CompilerThread1" daemon [_thread_blocked, id=7664, stack(0x00000000168d0000,0x00000000169d0000)]
=>0x000000001516c000 JavaThread "C2 CompilerThread0" daemon [_thread_in_native, id=1188, stack(0x00000000167d0000,0x00000000168d0000)]
  0x000000001516a800 JavaThread "Attach Listener" daemon [_thread_blocked, id=1492, stack(0x00000000166d0000,0x00000000167d0000)]
  0x0000000002a9e800 JavaThread "Signal Dispatcher" daemon [_thread_blocked, id=2976, stack(0x00000000165d0000,0x00000000166d0000)]
  0x0000000015158000 JavaThread "Finalizer" daemon [_thread_blocked, id=2932, stack(0x00000000163e0000,0x00000000164e0000)]
  0x0000000015137000 JavaThread "Reference Handler" daemon [_thread_blocked, id=7160, stack(0x00000000162e0000,0x00000000163e0000)]
  0x000000000299e000 JavaThread "main" [_thread_in_Java, id=3204, stack(0x00000000027c0000,0x00000000028c0000)]

Other Threads:
  0x0000000015135000 VMThread [stack: 0x00000000161e0000,0x00000000162e0000] [id=4060]
  0x0000000016aed000 WatcherThread [stack: 0x0000000016fd0000,0x00000000170d0000] [id=9092]

VM state:not at safepoint (normal execution)

VM Mutex/Monitor currently owned by a thread: None

Heap:
 PSYoungGen      total 71680K, used 21298K [0x00000000eab00000, 0x00000000ef600000, 0x0000000100000000)
  eden space 66560K, 24% used [0x00000000eab00000,0x00000000ebad3ed0,0x00000000eec00000)
  from space 5120K, 99% used [0x00000000ef100000,0x00000000ef5f8c08,0x00000000ef600000)
  to   space 5120K, 0% used [0x00000000eec00000,0x00000000eec00000,0x00000000ef100000)
 ParOldGen       total 87552K, used 5941K [0x00000000c0000000, 0x00000000c5580000, 0x00000000eab00000)
  object space 87552K, 6% used [0x00000000c0000000,0x00000000c05cd418,0x00000000c5580000)
 Metaspace       used 5528K, capacity 6960K, committed 7040K, reserved 1056768K
  class space    used 535K, capacity 616K, committed 640K, reserved 1048576K

Card table byte_map: [0x0000000011e60000,0x0000000012070000] byte_map_base: 0x0000000011860000

Marking Bits: (ParMarkBitMap*) 0x0000000069109d00
 Begin Bits: [0x00000000125d0000, 0x00000000135d0000)
 End Bits:   [0x00000000135d0000, 0x00000000145d0000)

Polling page: 0x0000000001120000

CodeCache: size=245760Kb used=5524Kb max_used=5541Kb free=240235Kb
 bounds [0x0000000002aa0000, 0x0000000003010000, 0x0000000011aa0000]
 total_blobs=1535 nmethods=1277 adapters=171
 compilation: disabled (not enough contiguous free space left)

Compilation events (10 events):
Event: 3.377 Thread 0x00000000151c0800 1243       3       com.android.dx.cf.code.ExecutionStack::makeInitialized (51 bytes)
Event: 3.378 Thread 0x00000000151c0800 nmethod 1243 0x0000000002fdf8d0 code [0x0000000002fdfa80, 0x0000000002fe0118]
Event: 3.485 Thread 0x000000001516f000 nmethod 1236 0x0000000002fe5390 code [0x0000000002fe5520, 0x0000000002fe5e38]
Event: 3.485 Thread 0x000000001516f000 1245       4       com.android.dx.ssa.SsaBasicBlock::newFromRop (183 bytes)
Event: 3.506 Thread 0x00000000151c0800 1253       3       com.android.dx.ssa.DeadCodeRemover::pruneDeadInstructions (246 bytes)
Event: 3.508 Thread 0x00000000151c0800 nmethod 1253 0x0000000002fe6610 code [0x0000000002fe6a00, 0x0000000002fe9238]
Event: 3.536 Thread 0x000000001516f000 nmethod 1245 0x0000000002fee4d0 code [0x0000000002fee780, 0x0000000002ff0a08]
Event: 3.536 Thread 0x000000001516f000 1255       4       com.android.dx.ssa.PhiInsn::mapSourceRegisters (78 bytes)
Event: 3.553 Thread 0x000000001516f000 nmethod 1255 0x0000000002fe2190 code [0x0000000002fe2360, 0x0000000002fe2f30]
Event: 3.553 Thread 0x000000001516f000 1254 %     4       com.android.dx.ssa.SsaMethod::deleteInsns @ 8 (239 bytes)

GC Heap History (4 events):
Event: 1.902 GC heap before
{Heap before GC invocations=1 (full 0):
 PSYoungGen      total 38400K, used 33280K [0x00000000eab00000, 0x00000000ed580000, 0x0000000100000000)
  eden space 33280K, 100% used [0x00000000eab00000,0x00000000ecb80000,0x00000000ecb80000)
  from space 5120K, 0% used [0x00000000ed080000,0x00000000ed080000,0x00000000ed580000)
  to   space 5120K, 0% used [0x00000000ecb80000,0x00000000ecb80000,0x00000000ed080000)
 ParOldGen       total 87552K, used 0K [0x00000000c0000000, 0x00000000c5580000, 0x00000000eab00000)
  object space 87552K, 0% used [0x00000000c0000000,0x00000000c0000000,0x00000000c5580000)
 Metaspace       used 5294K, capacity 6768K, committed 7040K, reserved 1056768K
  class space    used 517K, capacity 616K, committed 640K, reserved 1048576K
Event: 2.010 GC heap after
Heap after GC invocations=1 (full 0):
 PSYoungGen      total 38400K, used 5088K [0x00000000eab00000, 0x00000000ef600000, 0x0000000100000000)
  eden space 33280K, 0% used [0x00000000eab00000,0x00000000eab00000,0x00000000ecb80000)
  from space 5120K, 99% used [0x00000000ecb80000,0x00000000ed0782b8,0x00000000ed080000)
  to   space 5120K, 0% used [0x00000000ef100000,0x00000000ef100000,0x00000000ef600000)
 ParOldGen       total 87552K, used 432K [0x00000000c0000000, 0x00000000c5580000, 0x00000000eab00000)
  object space 87552K, 0% used [0x00000000c0000000,0x00000000c006c278,0x00000000c5580000)
 Metaspace       used 5294K, capacity 6768K, committed 7040K, reserved 1056768K
  class space    used 517K, capacity 616K, committed 640K, reserved 1048576K
}
Event: 3.380 GC heap before
{Heap before GC invocations=2 (full 0):
 PSYoungGen      total 38400K, used 38368K [0x00000000eab00000, 0x00000000ef600000, 0x0000000100000000)
  eden space 33280K, 100% used [0x00000000eab00000,0x00000000ecb80000,0x00000000ecb80000)
  from space 5120K, 99% used [0x00000000ecb80000,0x00000000ed0782b8,0x00000000ed080000)
  to   space 5120K, 0% used [0x00000000ef100000,0x00000000ef100000,0x00000000ef600000)
 ParOldGen       total 87552K, used 432K [0x00000000c0000000, 0x00000000c5580000, 0x00000000eab00000)
  object space 87552K, 0% used [0x00000000c0000000,0x00000000c006c278,0x00000000c5580000)
 Metaspace       used 5334K, capacity 6768K, committed 7040K, reserved 1056768K
  class space    used 518K, capacity 616K, committed 640K, reserved 1048576K
Event: 3.484 GC heap after
Heap after GC invocations=2 (full 0):
 PSYoungGen      total 71680K, used 5091K [0x00000000eab00000, 0x00000000ef600000, 0x0000000100000000)
  eden space 66560K, 0% used [0x00000000eab00000,0x00000000eab00000,0x00000000eec00000)
  from space 5120K, 99% used [0x00000000ef100000,0x00000000ef5f8c08,0x00000000ef600000)
  to   space 5120K, 0% used [0x00000000eec00000,0x00000000eec00000,0x00000000ef100000)
 ParOldGen       total 87552K, used 5941K [0x00000000c0000000, 0x00000000c5580000, 0x00000000eab00000)
  object space 87552K, 6% used [0x00000000c0000000,0x00000000c05cd418,0x00000000c5580000)
 Metaspace       used 5334K, capacity 6768K, committed 7040K, reserved 1056768K
  class space    used 518K, capacity 616K, committed 640K, reserved 1048576K
}

Deoptimization events (10 events):
Event: 2.131 Thread 0x000000000299e000 Uncommon trap: reason=unstable_if action=reinterpret pc=0x0000000002e406b8 method=com.android.dx.rop.code.RegisterSpecSet.put(Lcom/android/dx/rop/code/RegisterSpec;)V @ 77
Event: 2.138 Thread 0x000000000299e000 Uncommon trap: reason=unstable_if action=reinterpret pc=0x0000000002f33d68 method=com.android.dx.rop.cst.CstLiteral32.equals(Ljava/lang/Object;)Z @ 26
Event: 2.138 Thread 0x000000000299e000 Uncommon trap: reason=unstable_if action=reinterpret pc=0x0000000002e79854 method=com.android.dx.ssa.SCCP.simulateStmt(Lcom/android/dx/ssa/SsaInsn;)V @ 469
Event: 2.139 Thread 0x000000000299e000 Uncommon trap: reason=unstable_if action=reinterpret pc=0x0000000002e84dd8 method=com.android.dx.ssa.LiteralOpUpgrader$1.visitNonMoveInsn(Lcom/android/dx/ssa/NormalSsaInsn;)V @ 43
Event: 2.145 Thread 0x000000000299e000 Uncommon trap: reason=class_check action=maybe_recompile pc=0x0000000002e48804 method=com.android.dx.cf.code.BytecodeArray.parseInstruction(ILcom/android/dx/cf/code/BytecodeArray$Visitor;)I @ 1130
Event: 2.146 Thread 0x000000000299e000 Uncommon trap: reason=class_check action=maybe_recompile pc=0x0000000002e48804 method=com.android.dx.cf.code.BytecodeArray.parseInstruction(ILcom/android/dx/cf/code/BytecodeArray$Visitor;)I @ 1130
Event: 2.146 Thread 0x000000000299e000 Uncommon trap: reason=class_check action=maybe_recompile pc=0x0000000002e48804 method=com.android.dx.cf.code.BytecodeArray.parseInstruction(ILcom/android/dx/cf/code/BytecodeArray$Visitor;)I @ 1130
Event: 2.147 Thread 0x000000000299e000 Uncommon trap: reason=class_check action=maybe_recompile pc=0x0000000002e48804 method=com.android.dx.cf.code.BytecodeArray.parseInstruction(ILcom/android/dx/cf/code/BytecodeArray$Visitor;)I @ 1130
Event: 3.114 Thread 0x000000000299e000 Uncommon trap: reason=bimorphic action=maybe_recompile pc=0x0000000002f53654 method=com.android.dx.rop.code.Rops.opMoveResultPseudo(Lcom/android/dx/rop/type/TypeBearer;)Lcom/android/dx/rop/code/Rop; @ 7
Event: 3.115 Thread 0x000000000299e000 Uncommon trap: reason=bimorphic action=maybe_recompile pc=0x0000000002e824c8 method=com.android.dx.ssa.LiteralOpUpgrader.tryReplacingWithConstant(Lcom/android/dx/ssa/NormalSsaInsn;)Z @ 52

Internal exceptions (2 events):
Event: 0.127 Thread 0x000000000299e000 Exception <a 'java/lang/NoSuchMethodError': Method sun.misc.Unsafe.defineClass(Ljava/lang/String;[BII)Ljava/lang/Class; name or signature does not match> (0x00000000eab07cc0) thrown at [C:\src\android\AOSP-openjdk\external\jetbrains\jdk\hotspot\src\share\vØ§úM¶HÀ?
Event: 0.127 Thread 0x000000000299e000 Exception <a 'java/lang/NoSuchMethodError': Method sun.misc.Unsafe.prefetchRead(Ljava/lang/Object;J)V name or signature does not match> (0x00000000eab07fa8) thrown at [C:\src\android\AOSP-openjdk\external\jetbrains\jdk\hotspot\src\share\vm\prims\jni.cpp, l

Events (10 events):
Event: 3.516 Thread 0x000000000299e000 DEOPT PACKING pc=0x0000000002e811e1 sp=0x00000000028be170
Event: 3.516 Thread 0x000000000299e000 DEOPT UNPACKING pc=0x0000000002ae75bf sp=0x00000000028bdf18 mode 0
Event: 3.517 Thread 0x000000000299e000 DEOPT PACKING pc=0x0000000002e811e1 sp=0x00000000028be170
Event: 3.517 Thread 0x000000000299e000 DEOPT UNPACKING pc=0x0000000002ae75bf sp=0x00000000028bdf18 mode 0
Event: 3.517 Thread 0x000000000299e000 DEOPT PACKING pc=0x0000000002e811e1 sp=0x00000000028be170
Event: 3.517 Thread 0x000000000299e000 DEOPT UNPACKING pc=0x0000000002ae75bf sp=0x00000000028bdf18 mode 0
Event: 3.517 Thread 0x000000000299e000 DEOPT PACKING pc=0x0000000002e811e1 sp=0x00000000028be170
Event: 3.517 Thread 0x000000000299e000 DEOPT UNPACKING pc=0x0000000002ae75bf sp=0x00000000028bdf18 mode 0
Event: 3.517 Thread 0x000000000299e000 DEOPT PACKING pc=0x0000000002e811e1 sp=0x00000000028be170
Event: 3.517 Thread 0x000000000299e000 DEOPT UNPACKING pc=0x0000000002ae75bf sp=0x00000000028bdf18 mode 0


Dynamic libraries:
0x00007ff66c790000 - 0x00007ff66c7c1000 	D:\AndroidStudio\androidStudio\jre\bin\java.exe
0x00007ffb57c70000 - 0x00007ffb57e41000 	C:\WINDOWS\SYSTEM32\ntdll.dll
0x00007ffb55a70000 - 0x00007ffb55b1b000 	C:\WINDOWS\System32\KERNEL32.DLL
0x00007ffb54d10000 - 0x00007ffb54f2d000 	C:\WINDOWS\System32\KERNELBASE.dll
0x00007ffb56100000 - 0x00007ffb561a2000 	C:\WINDOWS\System32\ADVAPI32.dll
0x00007ffb554d0000 - 0x00007ffb5556e000 	C:\WINDOWS\System32\msvcrt.dll
0x00007ffb553a0000 - 0x00007ffb553f9000 	C:\WINDOWS\System32\sechost.dll
0x00007ffb55d00000 - 0x00007ffb55e21000 	C:\WINDOWS\System32\RPCRT4.dll
0x00007ffb55230000 - 0x00007ffb55395000 	C:\WINDOWS\System32\USER32.dll
0x00007ffb551e0000 - 0x00007ffb551fe000 	C:\WINDOWS\System32\win32u.dll
0x00007ffb561b0000 - 0x00007ffb561e4000 	C:\WINDOWS\System32\GDI32.dll
0x00007ffb54b80000 - 0x00007ffb54d02000 	C:\WINDOWS\System32\gdi32full.dll
0x00007ffb4e950000 - 0x00007ffb4ebc9000 	C:\WINDOWS\WinSxS\amd64_microsoft.windows.common-controls_6595b64144ccf1df_6.0.14393.447_none_42191651c6827bb3\COMCTL32.dll
0x00007ffb55e30000 - 0x00007ffb560f7000 	C:\WINDOWS\System32\combase.dll
0x00007ffb54160000 - 0x00007ffb54255000 	C:\WINDOWS\System32\ucrtbase.dll
0x00007ffb54260000 - 0x00007ffb542ca000 	C:\WINDOWS\System32\bcryptPrimitives.dll
0x00007ffb55200000 - 0x00007ffb5522e000 	C:\WINDOWS\System32\IMM32.DLL
0x00000000695b0000 - 0x0000000069682000 	D:\AndroidStudio\androidStudio\jre\jre\bin\msvcr100.dll
0x0000000068950000 - 0x0000000069184000 	D:\AndroidStudio\androidStudio\jre\jre\bin\server\jvm.dll
0x00007ffb56750000 - 0x00007ffb56758000 	C:\WINDOWS\System32\PSAPI.DLL
0x00007ffb514d0000 - 0x00007ffb514d9000 	C:\WINDOWS\SYSTEM32\WSOCK32.dll
0x00007ffb56390000 - 0x00007ffb563fa000 	C:\WINDOWS\System32\WS2_32.dll
0x00007ffb520b0000 - 0x00007ffb520d3000 	C:\WINDOWS\SYSTEM32\WINMM.dll
0x00007ffb501a0000 - 0x00007ffb501aa000 	C:\WINDOWS\SYSTEM32\VERSION.dll
0x00007ffb51df0000 - 0x00007ffb51e1b000 	C:\WINDOWS\SYSTEM32\WINMMBASE.dll
0x00007ffb55040000 - 0x00007ffb55082000 	C:\WINDOWS\System32\cfgmgr32.dll
0x00007ffb4f950000 - 0x00007ffb4f95f000 	D:\AndroidStudio\androidStudio\jre\jre\bin\verify.dll
0x00007ffb41da0000 - 0x00007ffb41dc9000 	D:\AndroidStudio\androidStudio\jre\jre\bin\java.dll
0x00007ffb4f740000 - 0x00007ffb4f756000 	D:\AndroidStudio\androidStudio\jre\jre\bin\zip.dll
0x00007ffb56760000 - 0x00007ffb57c69000 	C:\WINDOWS\System32\SHELL32.dll
0x00007ffb542d0000 - 0x00007ffb549aa000 	C:\WINDOWS\System32\windows.storage.dll
0x00007ffb54110000 - 0x00007ffb5415c000 	C:\WINDOWS\System32\powrprof.dll
0x00007ffb565f0000 - 0x00007ffb56642000 	C:\WINDOWS\System32\shlwapi.dll
0x00007ffb54100000 - 0x00007ffb5410f000 	C:\WINDOWS\System32\kernel.appcore.dll
0x00007ffb54f30000 - 0x00007ffb54fd9000 	C:\WINDOWS\System32\shcore.dll
0x00007ffb540d0000 - 0x00007ffb540e4000 	C:\WINDOWS\System32\profapi.dll

VM Arguments:
jvm_args: -Djava.awt.headless=true -Xmx1024M -Dfile.encoding=windows-1252 -Duser.country=US -Duser.language=en -Duser.variant 
java_command: com.android.dx.command.Main --dex --force-jumbo --multi-dex --output C:\Development\Android\vuforia-sdk-android-6-0-117\samples\VuforiaSamples-6-0-112 -Full - Split Render\app\build\intermediates\transforms\dex\debug\folders\1000\5\slice_6 C:\Development\Android\vuforia-sdk-android-6-0-117\samples\VuforiaSamples-6-0-112 -Full - Split Render\app\build\intermediates\transforms\instantRunSlicer\debug\folders\1\5\slice_6
java_class_path (initial): D:\AndroidStudio\SDK_\build-tools\22.0.1\lib\dx.jar
Launcher Type: SUN_STANDARD

Environment Variables:
JAVA_HOME=C:\Program Files (x86)\Java\jdk1.8.0_101
PATH=C:\ProgramData\Oracle\Java\javapath;C:\Program Files (x86)\Intel\iCLS Client\;C:\Program Files\Intel\iCLS Client\;C:\Program Files (x86)\PC Connectivity Solution\;C:\Windows\system32;C:\Windows;C:\Windows\System32\Wbem;C:\Windows\System32\WindowsPowerShell\v1.0\;C:\Program Files (x86)\GtkSharp\2.12\bin;C:\Program Files (x86)\Intel\Intel(R) Management Engine Components\DAL;C:\Program Files\Intel\Intel(R) Management Engine Components\DAL;C:\Program Files (x86)\Intel\Intel(R) Management Engine Components\IPT;C:\Program Files\Intel\Intel(R) Management Engine Components\IPT;C:\Program Files (x86)\NVIDIA Corporation\PhysX\Common;C:\WINDOWS\system32;C:\WINDOWS;C:\WINDOWS\System32\Wbem;C:\WINDOWS\System32\WindowsPowerShell\v1.0\;G:\App_Using\windowKit\Windows Performance Toolkit\;C:\Program Files\Intel\WiFi\bin\;C:\Program Files\Common Files\Intel\WirelessCommon\;C:\Program Files (x86)\Skype\Phone\;C:\WINDOWS\system32\config\systemprofile\.dnx\bin;C:\Program Files\Microsoft DNX\Dnvm\;C:\Program Files\Microsoft SQL Server\120\Tools\Binn\;C:\Program Files\Microsoft SQL Server\130\Tools\Binn\;C:\Program Files (x86)\nodejs\;C:\Program Files\Git\cm;C:\Program Files (x86)\SQL\100\Tools\Binn\;C:\Program Files\SQL\100\Tools\Binn\;C:\Program Files\SQL\100\DTS\Binn\;C:\Program Files (x86)\SQL\100\Tools\Binn\VSShell\Common7\IDE\;C:\Program Files (x86)\Microsoft Visual Studio 9.0\Common7\IDE\PrivateAssemblies\;C:\Program Files (x86)\SQL\100\DTS\Binn\;C:\Program Files (x86)\Java\jdk1.8.0_101\bin;C:\Program Files\Intel\WiFi\bin\;C:\Program Files\Common Files\Intel\WirelessCommon\;C:\Users\QuocToan\AppData\Local\Microsoft\WindowsApps;C:\Users\QuocToan\AppData\Roaming\npm
USERNAME=QuocToan
OS=Windows_NT
PROCESSOR_IDENTIFIER=Intel64 Family 6 Model 94 Stepping 3, GenuineIntel



---------------  S Y S T E M  ---------------

OS: Windows 10.0 , 64 bit Build 14393 (10.0.14393.0)

CPU:total 4 (4 cores per cpu, 1 threads per core) family 6 model 94 stepping 3, cmov, cx8, fxsr, mmx, sse, sse2, sse3, ssse3, sse4.1, sse4.2, popcnt, avx, avx2, aes, clmul, erms, rtm, 3dnowpref, lzcnt, tsc, tscinvbit, bmi1, bmi2, adx

Memory: 4k page, physical 8295296k(1368664k free), swap 8295296k(4124k free)

vm_info: OpenJDK 64-Bit Server VM (25.76-b03) for windows-amd64 JRE (1.8.0_76-release-b03), built on Jun 29 2016 19:09:20 by "ralucas" with MS VC++ 10.0 (VS2010)

time: Tue Nov 29 03:34:16 2016
elapsed time: 3 seconds (0d 0h 0m 3s)

