#
# There is insufficient memory for the Java Runtime Environment to continue.
# Native memory allocation (malloc) failed to allocate 32744 bytes for ChunkPool::allocate
# Possible reasons:
#   The system is out of physical RAM or swap space
#   In 32 bit mode, the process size limit was hit
# Possible solutions:
#   Reduce memory load on the system
#   Increase physical memory or swap space
#   Check if swap backing store is full
#   Use 64 bit Java on a 64 bit OS
#   Decrease Java heap size (-Xmx/-Xms)
#   Decrease number of Java threads
#   Decrease Java thread stack sizes (-Xss)
#   Set larger code cache with -XX:ReservedCodeCacheSize=
# This output file may be truncated or incomplete.
#
#  Out of Memory Error (allocation.cpp:273), pid=12116, tid=0x0000000000000b80
#
# JRE version: OpenJDK Runtime Environment (8.0_76-b03) (build 1.8.0_76-release-b03)
# Java VM: OpenJDK 64-Bit Server VM (25.76-b03 mixed mode windows-amd64 compressed oops)
# Failed to write core dump. Minidumps are not enabled by default on client versions of Windows
#

---------------  T H R E A D  ---------------

Current thread (0x0000000015570000):  JavaThread "C2 CompilerThread1" daemon [_thread_in_native, id=2944, stack(0x0000000016cb0000,0x0000000016db0000)]

Stack: [0x0000000016cb0000,0x0000000016db0000]
[error occurred during error reporting (printing stack bounds), id 0xc0000005]

Native frames: (J=compiled Java code, j=interpreted, Vv=VM code, C=native code)


Current CompileTask:
C2:    346  553       4       com.android.dx.ssa.NormalSsaInsn::accept (25 bytes)


---------------  P R O C E S S  ---------------

Java Threads: ( => current thread )
  0x0000000016ed1000 JavaThread "Service Thread" daemon [_thread_blocked, id=704, stack(0x00000000172b0000,0x00000000173b0000)]
  0x0000000015577800 JavaThread "C1 CompilerThread2" daemon [_thread_in_native, id=8964, stack(0x0000000016db0000,0x0000000016eb0000)]
=>0x0000000015570000 JavaThread "C2 CompilerThread1" daemon [_thread_in_native, id=2944, stack(0x0000000016cb0000,0x0000000016db0000)]
  0x000000001556d800 JavaThread "C2 CompilerThread0" daemon [_thread_blocked, id=8720, stack(0x0000000016bb0000,0x0000000016cb0000)]
  0x000000001556c000 JavaThread "Attach Listener" daemon [_thread_blocked, id=10808, stack(0x0000000016ab0000,0x0000000016bb0000)]
  0x0000000015569000 JavaThread "Signal Dispatcher" daemon [_thread_blocked, id=1876, stack(0x00000000169b0000,0x0000000016ab0000)]
  0x0000000015558800 JavaThread "Finalizer" daemon [_thread_blocked, id=10932, stack(0x00000000167c0000,0x00000000168c0000)]
  0x0000000015537000 JavaThread "Reference Handler" daemon [_thread_blocked, id=8912, stack(0x00000000166c0000,0x00000000167c0000)]
  0x0000000002c9e000 JavaThread "main" [_thread_blocked, id=2872, stack(0x0000000002ca0000,0x0000000002da0000)]

Other Threads:
  0x0000000015535000 VMThread [stack: 0x00000000165c0000,0x00000000166c0000] [id=6568]
  0x00000000155cb000 WatcherThread [stack: 0x00000000173b0000,0x00000000174b0000] [id=10024]

VM state:at safepoint (normal execution)

VM Mutex/Monitor currently owned by a thread:  ([mutex/lock_event])
[0x0000000002c9d2b0] Threads_lock - owner thread: 0x0000000015535000
[0x0000000002c9d7b0] Heap_lock - owner thread: 0x0000000002c9e000
[0x0000000002da15d0] MethodData_lock - owner thread: 0x0000000002c9e000

Heap:
 PSYoungGen      total 38400K, used 10015K [0x00000000eab00000, 0x00000000ed580000, 0x0000000100000000)
  eden space 33280K, 30% used [0x00000000eab00000,0x00000000eb4c7d68,0x00000000ecb80000)
  from space 5120K, 0% used [0x00000000ed080000,0x00000000ed080000,0x00000000ed580000)
  to   space 5120K, 24% used [0x00000000ecb80000,0x00000000eccb8018,0x00000000ed080000)
 ParOldGen       total 87552K, used 8K [0x00000000c0000000, 0x00000000c5580000, 0x00000000eab00000)
  object space 87552K, 0% used [0x00000000c0000000,0x00000000c0002000,0x00000000c5580000)
 Metaspace       used 4966K, capacity 6448K, committed 6528K, reserved 1060864K
  class space    used 513K, capacity 616K, committed 640K, reserved 1048576K

Card table byte_map: [0x0000000012260000,0x0000000012470000] byte_map_base: 0x0000000011c60000

Marking Bits: (ParMarkBitMap*) 0x0000000076a69d00
 Begin Bits: [0x00000000129d0000, 0x00000000139d0000)
 End Bits:   [0x00000000139d0000, 0x00000000149d0000)

Polling page: 0x0000000002bb0000

CodeCache: size=245760Kb used=2114Kb max_used=2125Kb free=243645Kb
 bounds [0x0000000002ea0000, 0x0000000003110000, 0x0000000011ea0000]
 total_blobs=801 nmethods=544 adapters=171
 compilation: enabled

Compilation events (10 events):
Event: 0.313 Thread 0x0000000015577800 nmethod 535 0x00000000030aced0 code [0x00000000030ad060, 0x00000000030ad668]
Event: 0.313 Thread 0x0000000015577800  546       3       com.android.dx.cf.code.LineNumberList::get (9 bytes)
Event: 0.314 Thread 0x0000000015577800 nmethod 546 0x00000000030ac9d0 code [0x00000000030acb40, 0x00000000030ace28]
Event: 0.314 Thread 0x0000000015577800  543       3       com.android.dx.cf.code.BasicBlocker::addWorkIfNecessary (32 bytes)
Event: 0.314 Thread 0x0000000015577800 nmethod 543 0x00000000030ac150 code [0x00000000030ac2e0, 0x00000000030ac6b0]
Event: 0.314 Thread 0x0000000015577800  544   !   3       com.android.dx.cf.code.BytecodeArray::parseInstruction (2764 bytes)
Event: 0.314 Thread 0x000000001556d800  550       4       java.lang.Long::bitCount (61 bytes)
Event: 0.314 Thread 0x000000001556d800 nmethod 550 0x00000000030abf10 code [0x00000000030ac040, 0x00000000030ac0f8]
Event: 0.314 Thread 0x0000000015570000  553       4       com.android.dx.ssa.NormalSsaInsn::accept (25 bytes)
Event: 0.316 Thread 0x000000001556d800  554       4       java.util.ArrayList::ensureExplicitCapacity (26 bytes)

GC Heap History (0 events):
No events

Deoptimization events (2 events):
Event: 0.146 Thread 0x0000000002c9e000 Uncommon trap: reason=unstable_if action=reinterpret pc=0x0000000002fe1894 method=java.lang.String.indexOf(II)I @ 49
Event: 0.301 Thread 0x0000000002c9e000 Uncommon trap: reason=unstable_if action=reinterpret pc=0x000000000306c7e0 method=java.util.HashMap.getNode(ILjava/lang/Object;)Ljava/util/HashMap$Node; @ 129

Internal exceptions (2 events):
Event: 0.022 Thread 0x0000000002c9e000 Exception <a 'java/lang/NoSuchMethodError': Method sun.misc.Unsafe.defineClass(Ljava/lang/String;[BII)Ljava/lang/Class; name or signature does not match> (0x00000000eab07cc0) thrown at [C:\src\android\AOSP-openjdk\external\jetbrains\jdk\hotspot\src\share\v¿v0 þÈ–?
Event: 0.022 Thread 0x0000000002c9e000 Exception <a 'java/lang/NoSuchMethodError': Method sun.misc.Unsafe.prefetchRead(Ljava/lang/Object;J)V name or signature does not match> (0x00000000eab07fa8) thrown at [C:\src\android\AOSP-openjdk\external\jetbrains\jdk\hotspot\src\share\vm\prims\jni.cpp, l

Events (10 events):
Event: 0.260 loading class com/android/dx/rop/annotation/AnnotationsList done
Event: 0.264 loading class com/android/dx/cf/code/SwitchList
Event: 0.264 loading class com/android/dx/cf/code/SwitchList done
Event: 0.273 loading class com/android/dx/ssa/back/FirstFitLocalCombiningAllocator$Multiset
Event: 0.273 loading class com/android/dx/ssa/back/FirstFitLocalCombiningAllocator$Multiset done
Event: 0.274 loading class java/util/DualPivotQuicksort
Event: 0.274 loading class java/util/DualPivotQuicksort done
Event: 0.301 Thread 0x0000000002c9e000 Uncommon trap: trap_request=0xffffff65 fr.pc=0x000000000306c7e0
Event: 0.301 Thread 0x0000000002c9e000 DEOPT PACKING pc=0x000000000306c7e0 sp=0x0000000002d9e1c0
Event: 0.301 Thread 0x0000000002c9e000 DEOPT UNPACKING pc=0x0000000002ee556a sp=0x0000000002d9e138 mode 2


Dynamic libraries:
0x00007ff7998d0000 - 0x00007ff799901000 	D:\AndroidStudio\androidStudio\jre\bin\java.exe
0x00007ff8765d0000 - 0x00007ff8767a1000 	C:\WINDOWS\SYSTEM32\ntdll.dll
0x00007ff875bb0000 - 0x00007ff875c5b000 	C:\WINDOWS\System32\KERNEL32.DLL
0x00007ff872ac0000 - 0x00007ff872cdd000 	C:\WINDOWS\System32\KERNELBASE.dll
0x00007ff8760f0000 - 0x00007ff876192000 	C:\WINDOWS\System32\ADVAPI32.dll
0x00007ff876050000 - 0x00007ff8760ee000 	C:\WINDOWS\System32\msvcrt.dll
0x00007ff874460000 - 0x00007ff8744b9000 	C:\WINDOWS\System32\sechost.dll
0x00007ff875f20000 - 0x00007ff876041000 	C:\WINDOWS\System32\RPCRT4.dll
0x00007ff873e10000 - 0x00007ff873f75000 	C:\WINDOWS\System32\USER32.dll
0x00007ff8738e0000 - 0x00007ff8738fe000 	C:\WINDOWS\System32\win32u.dll
0x00007ff873d00000 - 0x00007ff873d34000 	C:\WINDOWS\System32\GDI32.dll
0x00007ff8739d0000 - 0x00007ff873b52000 	C:\WINDOWS\System32\gdi32full.dll
0x00007ff86b370000 - 0x00007ff86b5e9000 	C:\WINDOWS\WinSxS\amd64_microsoft.windows.common-controls_6595b64144ccf1df_6.0.14393.447_none_42191651c6827bb3\COMCTL32.dll
0x00007ff874190000 - 0x00007ff874457000 	C:\WINDOWS\System32\combase.dll
0x00007ff872eb0000 - 0x00007ff872fa5000 	C:\WINDOWS\System32\ucrtbase.dll
0x00007ff873960000 - 0x00007ff8739ca000 	C:\WINDOWS\System32\bcryptPrimitives.dll
0x00007ff875c60000 - 0x00007ff875c8e000 	C:\WINDOWS\System32\IMM32.DLL
0x00000000761b0000 - 0x0000000076282000 	D:\AndroidStudio\androidStudio\jre\jre\bin\msvcr100.dll
0x00000000762b0000 - 0x0000000076ae4000 	D:\AndroidStudio\androidStudio\jre\jre\bin\server\jvm.dll
0x00007ff8744d0000 - 0x00007ff8744d8000 	C:\WINDOWS\System32\PSAPI.DLL
0x00007ff8515a0000 - 0x00007ff8515a9000 	C:\WINDOWS\SYSTEM32\WSOCK32.dll
0x00007ff873d40000 - 0x00007ff873daa000 	C:\WINDOWS\System32\WS2_32.dll
0x00007ff870f40000 - 0x00007ff870f63000 	C:\WINDOWS\SYSTEM32\WINMM.dll
0x00007ff86c2d0000 - 0x00007ff86c2da000 	C:\WINDOWS\SYSTEM32\VERSION.dll
0x00007ff870ee0000 - 0x00007ff870f0b000 	C:\WINDOWS\SYSTEM32\WINMMBASE.dll
0x00007ff872fb0000 - 0x00007ff872ff2000 	C:\WINDOWS\System32\cfgmgr32.dll
0x00007ff8703a0000 - 0x00007ff8703af000 	D:\AndroidStudio\androidStudio\jre\jre\bin\verify.dll
0x00007ff867350000 - 0x00007ff867379000 	D:\AndroidStudio\androidStudio\jre\jre\bin\java.dll
0x00007ff867310000 - 0x00007ff867326000 	D:\AndroidStudio\androidStudio\jre\jre\bin\zip.dll
0x00007ff874640000 - 0x00007ff875b49000 	C:\WINDOWS\System32\SHELL32.dll
0x00007ff8730b0000 - 0x00007ff87378a000 	C:\WINDOWS\System32\windows.storage.dll
0x00007ff872a30000 - 0x00007ff872a7c000 	C:\WINDOWS\System32\powrprof.dll
0x00007ff874130000 - 0x00007ff874182000 	C:\WINDOWS\System32\shlwapi.dll
0x00007ff872a80000 - 0x00007ff872a8f000 	C:\WINDOWS\System32\kernel.appcore.dll
0x00007ff873790000 - 0x00007ff873839000 	C:\WINDOWS\System32\shcore.dll
0x00007ff872aa0000 - 0x00007ff872ab4000 	C:\WINDOWS\System32\profapi.dll

VM Arguments:
jvm_args: -Djava.awt.headless=true -Xmx1024M -Dfile.encoding=windows-1252 -Duser.country=US -Duser.language=en -Duser.variant 
java_command: com.android.dx.command.Main --dex --force-jumbo --multi-dex --output C:\Development\Android\vuforia-sdk-android-6-0-117\samples\VuforiaSamples-6-0-112 -Full - Split Render\app\build\intermediates\transforms\dex\debug\folders\1000\5\slice_2 C:\Development\Android\vuforia-sdk-android-6-0-117\samples\VuforiaSamples-6-0-112 -Full - Split Render\app\build\intermediates\transforms\instantRunSlicer\debug\folders\1\5\slice_2
java_class_path (initial): D:\AndroidStudio\SDK_\build-tools\22.0.1\lib\dx.jar
Launcher Type: SUN_STANDARD

Environment Variables:
JAVA_HOME=C:\Program Files (x86)\Java\jdk1.8.0_101
PATH=C:\ProgramData\Oracle\Java\javapath;C:\Program Files (x86)\Intel\iCLS Client\;C:\Program Files\Intel\iCLS Client\;C:\Program Files (x86)\PC Connectivity Solution\;C:\Windows\system32;C:\Windows;C:\Windows\System32\Wbem;C:\Windows\System32\WindowsPowerShell\v1.0\;C:\Program Files (x86)\GtkSharp\2.12\bin;C:\Program Files (x86)\Intel\Intel(R) Management Engine Components\DAL;C:\Program Files\Intel\Intel(R) Management Engine Components\DAL;C:\Program Files (x86)\Intel\Intel(R) Management Engine Components\IPT;C:\Program Files\Intel\Intel(R) Management Engine Components\IPT;C:\Program Files (x86)\NVIDIA Corporation\PhysX\Common;C:\WINDOWS\system32;C:\WINDOWS;C:\WINDOWS\System32\Wbem;C:\WINDOWS\System32\WindowsPowerShell\v1.0\;G:\App_Using\windowKit\Windows Performance Toolkit\;C:\Program Files (x86)\Skype\Phone\;C:\Users\QuocToan\.dnx\bin;C:\Program Files\Microsoft DNX\Dnvm\;C:\Program Files\Microsoft SQL Server\120\Tools\Binn\;C:\Program Files\Microsoft SQL Server\130\Tools\Binn\;C:\Program Files (x86)\nodejs\;C:\Program Files\Git\cm;C:\Program Files (x86)\SQL\100\Tools\Binn\;C:\Program Files\SQL\100\Tools\Binn\;C:\Program Files\SQL\100\DTS\Binn\;C:\Program Files (x86)\SQL\100\Tools\Binn\VSShell\Common7\IDE\;C:\Program Files (x86)\Microsoft Visual Studio 9.0\Common7\IDE\PrivateAssemblies\;C:\Program Files (x86)\SQL\100\DTS\Binn\;C:\Program Files\Intel\WiFi\bin\;C:\Program Files\Common Files\Intel\WirelessCommon\;C:\Program Files (x86)\Java\jdk1.8.0_101\bin;C:\Program Files\Intel\WiFi\bin\;C:\Program Files\Common Files\Intel\WirelessCommon\;C:\Users\QuocToan\AppData\Local\Microsoft\WindowsApps;C:\Users\QuocToan\AppData\Roaming\npm
USERNAME=QuocToan
OS=Windows_NT
PROCESSOR_IDENTIFIER=Intel64 Family 6 Model 94 Stepping 3, GenuineIntel



---------------  S Y S T E M  ---------------

OS: Windows 10.0 , 64 bit Build 14393 (10.0.14393.0)

CPU:total 4 (4 cores per cpu, 1 threads per core) family 6 model 94 stepping 3, cmov, cx8, fxsr, mmx, sse, sse2, sse3, ssse3, sse4.1, sse4.2, popcnt, avx, avx2, aes, clmul, erms, rtm, 3dnowpref, lzcnt, tsc, tscinvbit, bmi1, bmi2, adx

Memory: 4k page, physical 8298364k(1158196k free), swap 8298364k(221268k free)

vm_info: OpenJDK 64-Bit Server VM (25.76-b03) for windows-amd64 JRE (1.8.0_76-release-b03), built on Jun 29 2016 19:09:20 by "ralucas" with MS VC++ 10.0 (VS2010)

time: Sat Nov 26 05:39:54 2016
elapsed time: 0 seconds (0d 0h 0m 0s)

