#
# There is insufficient memory for the Java Runtime Environment to continue.
# Native memory allocation (malloc) failed to allocate 280256 bytes for Chunk::new
# Possible reasons:
#   The system is out of physical RAM or swap space
#   In 32 bit mode, the process size limit was hit
# Possible solutions:
#   Reduce memory load on the system
#   Increase physical memory or swap space
#   Check if swap backing store is full
#   Use 64 bit Java on a 64 bit OS
#   Decrease Java heap size (-Xmx/-Xms)
#   Decrease number of Java threads
#   Decrease Java thread stack sizes (-Xss)
#   Set larger code cache with -XX:ReservedCodeCacheSize=
# This output file may be truncated or incomplete.
#
#  Out of Memory Error (allocation.cpp:390), pid=6340, tid=0x0000000000001050
#
# JRE version: OpenJDK Runtime Environment (8.0_76-b03) (build 1.8.0_76-release-b03)
# Java VM: OpenJDK 64-Bit Server VM (25.76-b03 mixed mode windows-amd64 compressed oops)
# Failed to write core dump. Minidumps are not enabled by default on client versions of Windows
#

---------------  T H R E A D  ---------------

Current thread (0x00000000154ac000):  JavaThread "C2 CompilerThread0" daemon [_thread_in_native, id=4176, stack(0x0000000016af0000,0x0000000016bf0000)]

Stack: [0x0000000016af0000,0x0000000016bf0000]
[error occurred during error reporting (printing stack bounds), id 0xc0000005]

Native frames: (J=compiled Java code, j=interpreted, Vv=VM code, C=native code)


Current CompileTask:
C2:   3789 1258       4       com.android.dx.rop.code.LocalVariableInfo::mergeStarts (75 bytes)


---------------  P R O C E S S  ---------------

Java Threads: ( => current thread )
  0x0000000016cfc000 JavaThread "Service Thread" daemon [_thread_blocked, id=8964, stack(0x00000000171f0000,0x00000000172f0000)]
  0x000000001550b800 JavaThread "C1 CompilerThread2" daemon [_thread_blocked, id=7264, stack(0x00000000170f0000,0x00000000171f0000)]
  0x00000000154af000 JavaThread "C2 CompilerThread1" daemon [_thread_in_native, id=2652, stack(0x0000000016bf0000,0x0000000016cf0000)]
=>0x00000000154ac000 JavaThread "C2 CompilerThread0" daemon [_thread_in_native, id=4176, stack(0x0000000016af0000,0x0000000016bf0000)]
  0x00000000154aa800 JavaThread "Attach Listener" daemon [_thread_blocked, id=8396, stack(0x00000000169f0000,0x0000000016af0000)]
  0x0000000002dde800 JavaThread "Signal Dispatcher" daemon [_thread_blocked, id=8028, stack(0x00000000168f0000,0x00000000169f0000)]
  0x0000000015498000 JavaThread "Finalizer" daemon [_thread_blocked, id=9072, stack(0x0000000016700000,0x0000000016800000)]
  0x0000000015477000 JavaThread "Reference Handler" daemon [_thread_blocked, id=4444, stack(0x0000000016600000,0x0000000016700000)]
  0x000000000127e000 JavaThread "main" [_thread_in_native, id=9552, stack(0x0000000002be0000,0x0000000002ce0000)]

Other Threads:
  0x0000000015475000 VMThread [stack: 0x0000000016500000,0x0000000016600000] [id=684]
  0x0000000016cfd000 WatcherThread [stack: 0x00000000172f0000,0x00000000173f0000] [id=8868]

VM state:not at safepoint (normal execution)

VM Mutex/Monitor currently owned by a thread: None

Heap:
 PSYoungGen      total 71680K, used 12756K [0x00000000eab00000, 0x00000000ef600000, 0x0000000100000000)
  eden space 66560K, 11% used [0x00000000eab00000,0x00000000eb275ab8,0x00000000eec00000)
  from space 5120K, 99% used [0x00000000ef100000,0x00000000ef5ff5e8,0x00000000ef600000)
  to   space 5120K, 0% used [0x00000000eec00000,0x00000000eec00000,0x00000000ef100000)
 ParOldGen       total 87552K, used 16124K [0x00000000c0000000, 0x00000000c5580000, 0x00000000eab00000)
  object space 87552K, 18% used [0x00000000c0000000,0x00000000c0fbf2a8,0x00000000c5580000)
 Metaspace       used 5579K, capacity 6960K, committed 7040K, reserved 1056768K
  class space    used 536K, capacity 616K, committed 640K, reserved 1048576K

Card table byte_map: [0x00000000121a0000,0x00000000123b0000] byte_map_base: 0x0000000011ba0000

Marking Bits: (ParMarkBitMap*) 0x0000000069109d00
 Begin Bits: [0x0000000012910000, 0x0000000013910000)
 End Bits:   [0x0000000013910000, 0x0000000014910000)

Polling page: 0x0000000001260000

CodeCache: size=245760Kb used=5756Kb max_used=5756Kb free=240003Kb
 bounds [0x0000000002de0000, 0x0000000003390000, 0x0000000011de0000]
 total_blobs=1670 nmethods=1412 adapters=171
 compilation: enabled

Compilation events (10 events):
Event: 3.606 Thread 0x000000001550b800 nmethod 1263 0x0000000003337390 code [0x00000000033376a0, 0x0000000003338fa8]
Event: 3.607 Thread 0x00000000154ac000 nmethod 1259 0x0000000003321650 code [0x00000000033217a0, 0x0000000003321898]
Event: 3.607 Thread 0x00000000154ac000 1261       4       com.android.dx.rop.code.BasicBlock::getLastInsn (8 bytes)
Event: 3.608 Thread 0x00000000154ac000 nmethod 1261 0x0000000003336f90 code [0x00000000033370e0, 0x00000000033371d8]
Event: 3.608 Thread 0x00000000154ac000 1258       4       com.android.dx.rop.code.LocalVariableInfo::mergeStarts (75 bytes)
Event: 3.611 Thread 0x000000001550b800 1267       3       com.android.dx.ssa.DeadCodeRemover::process (14 bytes)
Event: 3.611 Thread 0x000000001550b800 nmethod 1267 0x0000000003312b90 code [0x0000000003312d00, 0x0000000003312ef8]
Event: 3.612 Thread 0x000000001550b800 1268       3       com.android.dx.util.LabeledList::<init> (18 bytes)
Event: 3.612 Thread 0x000000001550b800 nmethod 1268 0x0000000003329190 code [0x0000000003329300, 0x0000000003329558]
Event: 3.613 Thread 0x000000001550b800 1269       3       java.util.TreeMap::rotateLeft (96 bytes)

GC Heap History (4 events):
Event: 2.366 GC heap before
{Heap before GC invocations=1 (full 0):
 PSYoungGen      total 38400K, used 33280K [0x00000000eab00000, 0x00000000ed580000, 0x0000000100000000)
  eden space 33280K, 100% used [0x00000000eab00000,0x00000000ecb80000,0x00000000ecb80000)
  from space 5120K, 0% used [0x00000000ed080000,0x00000000ed080000,0x00000000ed580000)
  to   space 5120K, 0% used [0x00000000ecb80000,0x00000000ecb80000,0x00000000ed080000)
 ParOldGen       total 87552K, used 0K [0x00000000c0000000, 0x00000000c5580000, 0x00000000eab00000)
  object space 87552K, 0% used [0x00000000c0000000,0x00000000c0000000,0x00000000c5580000)
 Metaspace       used 5370K, capacity 6832K, committed 7040K, reserved 1056768K
  class space    used 520K, capacity 616K, committed 640K, reserved 1048576K
Event: 2.553 GC heap after
Heap after GC invocations=1 (full 0):
 PSYoungGen      total 38400K, used 5088K [0x00000000eab00000, 0x00000000ef600000, 0x0000000100000000)
  eden space 33280K, 0% used [0x00000000eab00000,0x00000000eab00000,0x00000000ecb80000)
  from space 5120K, 99% used [0x00000000ecb80000,0x00000000ed078040,0x00000000ed080000)
  to   space 5120K, 0% used [0x00000000ef100000,0x00000000ef100000,0x00000000ef600000)
 ParOldGen       total 87552K, used 3988K [0x00000000c0000000, 0x00000000c5580000, 0x00000000eab00000)
  object space 87552K, 4% used [0x00000000c0000000,0x00000000c03e51c0,0x00000000c5580000)
 Metaspace       used 5370K, capacity 6832K, committed 7040K, reserved 1056768K
  class space    used 520K, capacity 616K, committed 640K, reserved 1048576K
}
Event: 3.407 GC heap before
{Heap before GC invocations=2 (full 0):
 PSYoungGen      total 38400K, used 38368K [0x00000000eab00000, 0x00000000ef600000, 0x0000000100000000)
  eden space 33280K, 100% used [0x00000000eab00000,0x00000000ecb80000,0x00000000ecb80000)
  from space 5120K, 99% used [0x00000000ecb80000,0x00000000ed078040,0x00000000ed080000)
  to   space 5120K, 0% used [0x00000000ef100000,0x00000000ef100000,0x00000000ef600000)
 ParOldGen       total 87552K, used 3988K [0x00000000c0000000, 0x00000000c5580000, 0x00000000eab00000)
  object space 87552K, 4% used [0x00000000c0000000,0x00000000c03e51c0,0x00000000c5580000)
 Metaspace       used 5396K, capacity 6832K, committed 7040K, reserved 1056768K
  class space    used 521K, capacity 616K, committed 640K, reserved 1048576K
Event: 3.420 GC heap after
Heap after GC invocations=2 (full 0):
 PSYoungGen      total 71680K, used 5117K [0x00000000eab00000, 0x00000000ef600000, 0x0000000100000000)
  eden space 66560K, 0% used [0x00000000eab00000,0x00000000eab00000,0x00000000eec00000)
  from space 5120K, 99% used [0x00000000ef100000,0x00000000ef5ff5e8,0x00000000ef600000)
  to   space 5120K, 0% used [0x00000000eec00000,0x00000000eec00000,0x00000000ef100000)
 ParOldGen       total 87552K, used 16124K [0x00000000c0000000, 0x00000000c5580000, 0x00000000eab00000)
  object space 87552K, 18% used [0x00000000c0000000,0x00000000c0fbf2a8,0x00000000c5580000)
 Metaspace       used 5396K, capacity 6832K, committed 7040K, reserved 1056768K
  class space    used 521K, capacity 616K, committed 640K, reserved 1048576K
}

Deoptimization events (10 events):
Event: 0.585 Thread 0x000000000127e000 Uncommon trap: reason=unstable_if action=reinterpret pc=0x0000000002f1f3d4 method=java.lang.String.indexOf(II)I @ 49
Event: 1.015 Thread 0x000000000127e000 Uncommon trap: reason=unstable_if action=reinterpret pc=0x0000000002fe6324 method=java.util.HashMap.getNode(ILjava/lang/Object;)Ljava/util/HashMap$Node; @ 129
Event: 1.029 Thread 0x000000000127e000 Uncommon trap: reason=unstable_if action=reinterpret pc=0x0000000003046ef4 method=java.util.BitSet.ensureCapacity(I)V @ 6
Event: 1.242 Thread 0x000000000127e000 Uncommon trap: reason=class_check action=maybe_recompile pc=0x00000000030eba68 method=com.android.dx.rop.type.Type.equals(Ljava/lang/Object;)Z @ 8
Event: 1.259 Thread 0x000000000127e000 Uncommon trap: reason=class_check action=maybe_recompile pc=0x00000000030d7168 method=com.android.dx.ssa.NormalSsaInsn.accept(Lcom/android/dx/ssa/SsaInsn$Visitor;)V @ 9
Event: 1.259 Thread 0x000000000127e000 Uncommon trap: reason=class_check action=maybe_recompile pc=0x0000000003047670 method=com.android.dx.ssa.NormalSsaInsn.accept(Lcom/android/dx/ssa/SsaInsn$Visitor;)V @ 9
Event: 1.259 Thread 0x000000000127e000 Uncommon trap: reason=class_check action=maybe_recompile pc=0x0000000003047670 method=com.android.dx.ssa.NormalSsaInsn.accept(Lcom/android/dx/ssa/SsaInsn$Visitor;)V @ 9
Event: 1.267 Thread 0x000000000127e000 Uncommon trap: reason=unstable_if action=reinterpret pc=0x0000000003158e3c method=com.android.dx.rop.code.RegisterSpec.withReg(I)Lcom/android/dx/rop/code/RegisterSpec; @ 5
Event: 1.369 Thread 0x000000000127e000 Uncommon trap: reason=class_check action=maybe_recompile pc=0x00000000030d7168 method=com.android.dx.ssa.NormalSsaInsn.accept(Lcom/android/dx/ssa/SsaInsn$Visitor;)V @ 9
Event: 3.362 Thread 0x000000000127e000 Uncommon trap: reason=predicate action=maybe_recompile pc=0x00000000032f80f4 method=com.android.dx.ssa.PhiInsn.mapSourceRegisters(Lcom/android/dx/ssa/RegisterMapper;)V @ 17

Internal exceptions (2 events):
Event: 0.095 Thread 0x000000000127e000 Exception <a 'java/lang/NoSuchMethodError': Method sun.misc.Unsafe.defineClass(Ljava/lang/String;[BII)Ljava/lang/Class; name or signature does not match> (0x00000000eab07cc0) thrown at [C:\src\android\AOSP-openjdk\external\jetbrains\jdk\hotspot\src\share\vÄ:¿ûq¸?
Event: 0.095 Thread 0x000000000127e000 Exception <a 'java/lang/NoSuchMethodError': Method sun.misc.Unsafe.prefetchRead(Ljava/lang/Object;J)V name or signature does not match> (0x00000000eab07fa8) thrown at [C:\src\android\AOSP-openjdk\external\jetbrains\jdk\hotspot\src\share\vm\prims\jni.cpp, l

Events (10 events):
Event: 3.182 Thread 0x000000000127e000 DEOPT UNPACKING pc=0x0000000002e275bf sp=0x0000000002cde140 mode 0
Event: 3.359 Thread 0x000000000127e000 DEOPT PACKING pc=0x000000000330754d sp=0x0000000002cde250
Event: 3.359 Thread 0x000000000127e000 DEOPT UNPACKING pc=0x0000000002e275bf sp=0x0000000002cddf50 mode 0
Event: 3.362 Thread 0x000000000127e000 Uncommon trap: trap_request=0xffffff86 fr.pc=0x00000000032f80f4
Event: 3.362 Thread 0x000000000127e000 DEOPT PACKING pc=0x00000000032f80f4 sp=0x0000000002cde480
Event: 3.362 Thread 0x000000000127e000 DEOPT UNPACKING pc=0x0000000002e2556a sp=0x0000000002cde448 mode 2
Event: 3.403 Thread 0x000000000127e000 DEOPT PACKING pc=0x0000000003187d51 sp=0x0000000002cde420
Event: 3.403 Thread 0x000000000127e000 DEOPT UNPACKING pc=0x0000000002e275bf sp=0x0000000002cde1f0 mode 0
Event: 3.407 Executing VM operation: ParallelGCFailedAllocation
Event: 3.420 Executing VM operation: ParallelGCFailedAllocation done


Dynamic libraries:
0x00007ff66c790000 - 0x00007ff66c7c1000 	D:\AndroidStudio\androidStudio\jre\bin\java.exe
0x00007ffb57c70000 - 0x00007ffb57e41000 	C:\WINDOWS\SYSTEM32\ntdll.dll
0x00007ffb55a70000 - 0x00007ffb55b1b000 	C:\WINDOWS\System32\KERNEL32.DLL
0x00007ffb54d10000 - 0x00007ffb54f2d000 	C:\WINDOWS\System32\KERNELBASE.dll
0x00007ffb56100000 - 0x00007ffb561a2000 	C:\WINDOWS\System32\ADVAPI32.dll
0x00007ffb554d0000 - 0x00007ffb5556e000 	C:\WINDOWS\System32\msvcrt.dll
0x00007ffb553a0000 - 0x00007ffb553f9000 	C:\WINDOWS\System32\sechost.dll
0x00007ffb55d00000 - 0x00007ffb55e21000 	C:\WINDOWS\System32\RPCRT4.dll
0x00007ffb55230000 - 0x00007ffb55395000 	C:\WINDOWS\System32\USER32.dll
0x00007ffb551e0000 - 0x00007ffb551fe000 	C:\WINDOWS\System32\win32u.dll
0x00007ffb561b0000 - 0x00007ffb561e4000 	C:\WINDOWS\System32\GDI32.dll
0x00007ffb54b80000 - 0x00007ffb54d02000 	C:\WINDOWS\System32\gdi32full.dll
0x00007ffb4e950000 - 0x00007ffb4ebc9000 	C:\WINDOWS\WinSxS\amd64_microsoft.windows.common-controls_6595b64144ccf1df_6.0.14393.447_none_42191651c6827bb3\COMCTL32.dll
0x00007ffb55e30000 - 0x00007ffb560f7000 	C:\WINDOWS\System32\combase.dll
0x00007ffb54160000 - 0x00007ffb54255000 	C:\WINDOWS\System32\ucrtbase.dll
0x00007ffb54260000 - 0x00007ffb542ca000 	C:\WINDOWS\System32\bcryptPrimitives.dll
0x00007ffb55200000 - 0x00007ffb5522e000 	C:\WINDOWS\System32\IMM32.DLL
0x00000000695b0000 - 0x0000000069682000 	D:\AndroidStudio\androidStudio\jre\jre\bin\msvcr100.dll
0x0000000068950000 - 0x0000000069184000 	D:\AndroidStudio\androidStudio\jre\jre\bin\server\jvm.dll
0x00007ffb56750000 - 0x00007ffb56758000 	C:\WINDOWS\System32\PSAPI.DLL
0x00007ffb514d0000 - 0x00007ffb514d9000 	C:\WINDOWS\SYSTEM32\WSOCK32.dll
0x00007ffb56390000 - 0x00007ffb563fa000 	C:\WINDOWS\System32\WS2_32.dll
0x00007ffb520b0000 - 0x00007ffb520d3000 	C:\WINDOWS\SYSTEM32\WINMM.dll
0x00007ffb501a0000 - 0x00007ffb501aa000 	C:\WINDOWS\SYSTEM32\VERSION.dll
0x00007ffb51df0000 - 0x00007ffb51e1b000 	C:\WINDOWS\SYSTEM32\WINMMBASE.dll
0x00007ffb55040000 - 0x00007ffb55082000 	C:\WINDOWS\System32\cfgmgr32.dll
0x00007ffb4f950000 - 0x00007ffb4f95f000 	D:\AndroidStudio\androidStudio\jre\jre\bin\verify.dll
0x00007ffb41da0000 - 0x00007ffb41dc9000 	D:\AndroidStudio\androidStudio\jre\jre\bin\java.dll
0x00007ffb4f740000 - 0x00007ffb4f756000 	D:\AndroidStudio\androidStudio\jre\jre\bin\zip.dll
0x00007ffb56760000 - 0x00007ffb57c69000 	C:\WINDOWS\System32\SHELL32.dll
0x00007ffb542d0000 - 0x00007ffb549aa000 	C:\WINDOWS\System32\windows.storage.dll
0x00007ffb54110000 - 0x00007ffb5415c000 	C:\WINDOWS\System32\powrprof.dll
0x00007ffb565f0000 - 0x00007ffb56642000 	C:\WINDOWS\System32\shlwapi.dll
0x00007ffb54100000 - 0x00007ffb5410f000 	C:\WINDOWS\System32\kernel.appcore.dll
0x00007ffb54f30000 - 0x00007ffb54fd9000 	C:\WINDOWS\System32\shcore.dll
0x00007ffb540d0000 - 0x00007ffb540e4000 	C:\WINDOWS\System32\profapi.dll

VM Arguments:
jvm_args: -Djava.awt.headless=true -Xmx1024M -Dfile.encoding=windows-1252 -Duser.country=US -Duser.language=en -Duser.variant 
java_command: com.android.dx.command.Main --dex --force-jumbo --multi-dex --output C:\Development\Android\vuforia-sdk-android-6-0-117\samples\VuforiaSamples-6-0-112 -Full - Split Render\app\build\intermediates\transforms\dex\debug\folders\1000\5\slice_3 C:\Development\Android\vuforia-sdk-android-6-0-117\samples\VuforiaSamples-6-0-112 -Full - Split Render\app\build\intermediates\transforms\instantRunSlicer\debug\folders\1\5\slice_3
java_class_path (initial): D:\AndroidStudio\SDK_\build-tools\22.0.1\lib\dx.jar
Launcher Type: SUN_STANDARD

Environment Variables:
JAVA_HOME=C:\Program Files (x86)\Java\jdk1.8.0_101
PATH=C:\ProgramData\Oracle\Java\javapath;C:\Program Files (x86)\Intel\iCLS Client\;C:\Program Files\Intel\iCLS Client\;C:\Program Files (x86)\PC Connectivity Solution\;C:\Windows\system32;C:\Windows;C:\Windows\System32\Wbem;C:\Windows\System32\WindowsPowerShell\v1.0\;C:\Program Files (x86)\GtkSharp\2.12\bin;C:\Program Files (x86)\Intel\Intel(R) Management Engine Components\DAL;C:\Program Files\Intel\Intel(R) Management Engine Components\DAL;C:\Program Files (x86)\Intel\Intel(R) Management Engine Components\IPT;C:\Program Files\Intel\Intel(R) Management Engine Components\IPT;C:\Program Files (x86)\NVIDIA Corporation\PhysX\Common;C:\WINDOWS\system32;C:\WINDOWS;C:\WINDOWS\System32\Wbem;C:\WINDOWS\System32\WindowsPowerShell\v1.0\;G:\App_Using\windowKit\Windows Performance Toolkit\;C:\Program Files\Intel\WiFi\bin\;C:\Program Files\Common Files\Intel\WirelessCommon\;C:\Program Files (x86)\Skype\Phone\;C:\WINDOWS\system32\config\systemprofile\.dnx\bin;C:\Program Files\Microsoft DNX\Dnvm\;C:\Program Files\Microsoft SQL Server\120\Tools\Binn\;C:\Program Files\Microsoft SQL Server\130\Tools\Binn\;C:\Program Files (x86)\nodejs\;C:\Program Files\Git\cm;C:\Program Files (x86)\SQL\100\Tools\Binn\;C:\Program Files\SQL\100\Tools\Binn\;C:\Program Files\SQL\100\DTS\Binn\;C:\Program Files (x86)\SQL\100\Tools\Binn\VSShell\Common7\IDE\;C:\Program Files (x86)\Microsoft Visual Studio 9.0\Common7\IDE\PrivateAssemblies\;C:\Program Files (x86)\SQL\100\DTS\Binn\;C:\Program Files (x86)\Java\jdk1.8.0_101\bin;C:\Program Files\Intel\WiFi\bin\;C:\Program Files\Common Files\Intel\WirelessCommon\;C:\Users\QuocToan\AppData\Local\Microsoft\WindowsApps;C:\Users\QuocToan\AppData\Roaming\npm
USERNAME=QuocToan
OS=Windows_NT
PROCESSOR_IDENTIFIER=Intel64 Family 6 Model 94 Stepping 3, GenuineIntel



---------------  S Y S T E M  ---------------

OS: Windows 10.0 , 64 bit Build 14393 (10.0.14393.0)

CPU:total 4 (4 cores per cpu, 1 threads per core) family 6 model 94 stepping 3, cmov, cx8, fxsr, mmx, sse, sse2, sse3, ssse3, sse4.1, sse4.2, popcnt, avx, avx2, aes, clmul, erms, rtm, 3dnowpref, lzcnt, tsc, tscinvbit, bmi1, bmi2, adx

Memory: 4k page, physical 8295296k(1368664k free), swap 8295296k(4124k free)

vm_info: OpenJDK 64-Bit Server VM (25.76-b03) for windows-amd64 JRE (1.8.0_76-release-b03), built on Jun 29 2016 19:09:20 by "ralucas" with MS VC++ 10.0 (VS2010)

time: Tue Nov 29 03:34:16 2016
elapsed time: 3 seconds (0d 0h 0m 3s)

