#
# There is insufficient memory for the Java Runtime Environment to continue.
# Native memory allocation (malloc) failed to allocate 48768 bytes for Chunk::new
# Possible reasons:
#   The system is out of physical RAM or swap space
#   In 32 bit mode, the process size limit was hit
# Possible solutions:
#   Reduce memory load on the system
#   Increase physical memory or swap space
#   Check if swap backing store is full
#   Use 64 bit Java on a 64 bit OS
#   Decrease Java heap size (-Xmx/-Xms)
#   Decrease number of Java threads
#   Decrease Java thread stack sizes (-Xss)
#   Set larger code cache with -XX:ReservedCodeCacheSize=
# This output file may be truncated or incomplete.
#
#  Out of Memory Error (allocation.cpp:390), pid=6696, tid=0x00000000000014e4
#
# JRE version: OpenJDK Runtime Environment (8.0_76-b03) (build 1.8.0_76-release-b03)
# Java VM: OpenJDK 64-Bit Server VM (25.76-b03 mixed mode windows-amd64 compressed oops)
# Failed to write core dump. Minidumps are not enabled by default on client versions of Windows
#

---------------  T H R E A D  ---------------

Current thread (0x000000000214e000):  JavaThread "main" [_thread_in_native, id=5348, stack(0x0000000002150000,0x0000000002250000)]

Stack: [0x0000000002150000,0x0000000002250000]
[error occurred during error reporting (printing stack bounds), id 0xc0000005]

Native frames: (J=compiled Java code, j=interpreted, Vv=VM code, C=native code)

Java frames: (J=compiled Java code, j=interpreted, Vv=VM code)
j  sun.util.locale.LocaleObjectCache.<init>(IFI)V+16
j  sun.util.locale.LocaleObjectCache.<init>()V+7
j  java.util.Locale$Cache.<init>()V+1
j  java.util.Locale$Cache.<init>(Ljava/util/Locale$1;)V+1
j  java.util.Locale.<clinit>()V+21
v  ~StubRoutines::call_stub
j  java.io.WinNTFileSystem.hashCode(Ljava/io/File;)I+4
j  java.io.File.hashCode()I+4
j  java.util.HashMap.hash(Ljava/lang/Object;)I+9
j  java.util.HashMap.put(Ljava/lang/Object;Ljava/lang/Object;)Ljava/lang/Object;+2
j  sun.misc.MetaIndex.registerDirectory(Ljava/io/File;)V+178
j  sun.misc.Launcher$ExtClassLoader$1.run()Lsun/misc/Launcher$ExtClassLoader;+19
j  sun.misc.Launcher$ExtClassLoader$1.run()Ljava/lang/Object;+1
v  ~StubRoutines::call_stub
j  java.security.AccessController.doPrivileged(Ljava/security/PrivilegedExceptionAction;)Ljava/lang/Object;+0
j  sun.misc.Launcher$ExtClassLoader.getExtClassLoader()Lsun/misc/Launcher$ExtClassLoader;+12
j  sun.misc.Launcher.<init>()V+4
j  sun.misc.Launcher.<clinit>()V+15
v  ~StubRoutines::call_stub
j  java.lang.ClassLoader.initSystemClassLoader()V+22
j  java.lang.ClassLoader.getSystemClassLoader()Ljava/lang/ClassLoader;+0
v  ~StubRoutines::call_stub

---------------  P R O C E S S  ---------------

Java Threads: ( => current thread )
  0x0000000014a08000 JavaThread "Finalizer" daemon [_thread_blocked, id=4072, stack(0x0000000015c90000,0x0000000015d90000)]
  0x00000000149e7000 JavaThread "Reference Handler" daemon [_thread_blocked, id=4156, stack(0x0000000015b90000,0x0000000015c90000)]
=>0x000000000214e000 JavaThread "main" [_thread_in_native, id=5348, stack(0x0000000002150000,0x0000000002250000)]

Other Threads:
  0x00000000149e5000 VMThread [stack: 0x0000000015a90000,0x0000000015b90000] [id=2292]

VM state:not at safepoint (normal execution)

VM Mutex/Monitor currently owned by a thread: None

Heap:
 PSYoungGen      total 38400K, used 665K [0x00000000eab00000, 0x00000000ed580000, 0x0000000100000000)
  eden space 33280K, 2% used [0x00000000eab00000,0x00000000eaba6670,0x00000000ecb80000)
  from space 5120K, 0% used [0x00000000ed080000,0x00000000ed080000,0x00000000ed580000)
  to   space 5120K, 0% used [0x00000000ecb80000,0x00000000ecb80000,0x00000000ed080000)
 ParOldGen       total 87552K, used 0K [0x00000000c0000000, 0x00000000c5580000, 0x00000000eab00000)
  object space 87552K, 0% used [0x00000000c0000000,0x00000000c0000000,0x00000000c5580000)
 Metaspace       used 1825K, capacity 4480K, committed 4480K, reserved 1056768K
  class space    used 197K, capacity 384K, committed 384K, reserved 1048576K

Card table byte_map: [0x0000000011710000,0x0000000011920000] byte_map_base: 0x0000000011110000

Marking Bits: (ParMarkBitMap*) 0x0000000069109d00
 Begin Bits: [0x0000000011e80000, 0x0000000012e80000)
 End Bits:   [0x0000000012e80000, 0x0000000013e80000)

Polling page: 0x0000000000500000

CodeCache: size=245760Kb used=424Kb max_used=424Kb free=245336Kb
 bounds [0x0000000002350000, 0x00000000025c0000, 0x0000000011350000]
 total_blobs=145 nmethods=0 adapters=112
 compilation: enabled

Compilation events (0 events):
No events

GC Heap History (0 events):
No events

Deoptimization events (0 events):
No events

Internal exceptions (2 events):
Event: 1.162 Thread 0x000000000214e000 Exception <a 'java/lang/NoSuchMethodError': Method sun.misc.Unsafe.defineClass(Ljava/lang/String;[BII)Ljava/lang/Class; name or signature does not match> (0x00000000eab07cc0) thrown at [C:\src\android\AOSP-openjdk\external\jetbrains\jdk\hotspot\src\share\vB£ÿwæ•ò?
Event: 1.162 Thread 0x000000000214e000 Exception <a 'java/lang/NoSuchMethodError': Method sun.misc.Unsafe.prefetchRead(Ljava/lang/Object;J)V name or signature does not match> (0x00000000eab07fa8) thrown at [C:\src\android\AOSP-openjdk\external\jetbrains\jdk\hotspot\src\share\vm\prims\jni.cpp, l

Events (10 events):
Event: 1.185 loading class java/nio/charset/CoderResult$2 done
Event: 1.216 loading class java/lang/reflect/Array
Event: 1.216 loading class java/lang/reflect/Array done
Event: 1.216 loading class java/util/Locale
Event: 1.217 loading class java/util/Locale done
Event: 1.217 loading class java/util/Locale$Cache
Event: 1.217 loading class sun/util/locale/LocaleObjectCache
Event: 1.217 loading class sun/util/locale/LocaleObjectCache done
Event: 1.217 loading class java/util/Locale$Cache done
Event: 1.217 loading class java/util/concurrent/ConcurrentHashMap


Dynamic libraries:
0x00007ff66c790000 - 0x00007ff66c7c1000 	D:\AndroidStudio\androidStudio\jre\bin\java.exe
0x00007ffb57c70000 - 0x00007ffb57e41000 	C:\WINDOWS\SYSTEM32\ntdll.dll
0x00007ffb55a70000 - 0x00007ffb55b1b000 	C:\WINDOWS\System32\KERNEL32.DLL
0x00007ffb54d10000 - 0x00007ffb54f2d000 	C:\WINDOWS\System32\KERNELBASE.dll
0x00007ffb56100000 - 0x00007ffb561a2000 	C:\WINDOWS\System32\ADVAPI32.dll
0x00007ffb554d0000 - 0x00007ffb5556e000 	C:\WINDOWS\System32\msvcrt.dll
0x00007ffb553a0000 - 0x00007ffb553f9000 	C:\WINDOWS\System32\sechost.dll
0x00007ffb55d00000 - 0x00007ffb55e21000 	C:\WINDOWS\System32\RPCRT4.dll
0x00007ffb55230000 - 0x00007ffb55395000 	C:\WINDOWS\System32\USER32.dll
0x00007ffb551e0000 - 0x00007ffb551fe000 	C:\WINDOWS\System32\win32u.dll
0x00007ffb561b0000 - 0x00007ffb561e4000 	C:\WINDOWS\System32\GDI32.dll
0x00007ffb54b80000 - 0x00007ffb54d02000 	C:\WINDOWS\System32\gdi32full.dll
0x00007ffb4e950000 - 0x00007ffb4ebc9000 	C:\WINDOWS\WinSxS\amd64_microsoft.windows.common-controls_6595b64144ccf1df_6.0.14393.447_none_42191651c6827bb3\COMCTL32.dll
0x00007ffb55e30000 - 0x00007ffb560f7000 	C:\WINDOWS\System32\combase.dll
0x00007ffb54160000 - 0x00007ffb54255000 	C:\WINDOWS\System32\ucrtbase.dll
0x00007ffb54260000 - 0x00007ffb542ca000 	C:\WINDOWS\System32\bcryptPrimitives.dll
0x00007ffb55200000 - 0x00007ffb5522e000 	C:\WINDOWS\System32\IMM32.DLL
0x00000000695b0000 - 0x0000000069682000 	D:\AndroidStudio\androidStudio\jre\jre\bin\msvcr100.dll
0x0000000068950000 - 0x0000000069184000 	D:\AndroidStudio\androidStudio\jre\jre\bin\server\jvm.dll
0x00007ffb56750000 - 0x00007ffb56758000 	C:\WINDOWS\System32\PSAPI.DLL
0x00007ffb514d0000 - 0x00007ffb514d9000 	C:\WINDOWS\SYSTEM32\WSOCK32.dll
0x00007ffb56390000 - 0x00007ffb563fa000 	C:\WINDOWS\System32\WS2_32.dll
0x00007ffb520b0000 - 0x00007ffb520d3000 	C:\WINDOWS\SYSTEM32\WINMM.dll
0x00007ffb501a0000 - 0x00007ffb501aa000 	C:\WINDOWS\SYSTEM32\VERSION.dll
0x00007ffb51df0000 - 0x00007ffb51e1b000 	C:\WINDOWS\SYSTEM32\WINMMBASE.dll
0x00007ffb55040000 - 0x00007ffb55082000 	C:\WINDOWS\System32\cfgmgr32.dll
0x00007ffb4f950000 - 0x00007ffb4f95f000 	D:\AndroidStudio\androidStudio\jre\jre\bin\verify.dll
0x00007ffb41da0000 - 0x00007ffb41dc9000 	D:\AndroidStudio\androidStudio\jre\jre\bin\java.dll
0x00007ffb4f740000 - 0x00007ffb4f756000 	D:\AndroidStudio\androidStudio\jre\jre\bin\zip.dll
0x00007ffb56760000 - 0x00007ffb57c69000 	C:\WINDOWS\System32\SHELL32.dll
0x00007ffb542d0000 - 0x00007ffb549aa000 	C:\WINDOWS\System32\windows.storage.dll
0x00007ffb54110000 - 0x00007ffb5415c000 	C:\WINDOWS\System32\powrprof.dll
0x00007ffb565f0000 - 0x00007ffb56642000 	C:\WINDOWS\System32\shlwapi.dll
0x00007ffb54100000 - 0x00007ffb5410f000 	C:\WINDOWS\System32\kernel.appcore.dll
0x00007ffb54f30000 - 0x00007ffb54fd9000 	C:\WINDOWS\System32\shcore.dll
0x00007ffb540d0000 - 0x00007ffb540e4000 	C:\WINDOWS\System32\profapi.dll

VM Arguments:
jvm_args: -Djava.awt.headless=true -Xmx1024M -Dfile.encoding=windows-1252 -Duser.country=US -Duser.language=en -Duser.variant 
java_command: com.android.dx.command.Main --dex --force-jumbo --multi-dex --output C:\Development\Android\vuforia-sdk-android-6-0-117\samples\VuforiaSamples-6-0-112 -Full - Split Render\app\build\intermediates\transforms\dex\debug\folders\1000\10\com.android.volley-volley-1.0.0_746baed8bb202398ce499719ce0f7ccf6bdd1b08 C:\Development\Android\vuforia-sdk-android-6-0-117\samples\VuforiaSamples-6-0-112 -Full - Split Render\app\build\intermediates\exploded-aar\com.android.volley\volley\1.0.0\jars\classes.jar
java_class_path (initial): D:\AndroidStudio\SDK_\build-tools\22.0.1\lib\dx.jar
Launcher Type: SUN_STANDARD

Environment Variables:
JAVA_HOME=C:\Program Files (x86)\Java\jdk1.8.0_101
PATH=C:\ProgramData\Oracle\Java\javapath;C:\Program Files (x86)\Intel\iCLS Client\;C:\Program Files\Intel\iCLS Client\;C:\Program Files (x86)\PC Connectivity Solution\;C:\Windows\system32;C:\Windows;C:\Windows\System32\Wbem;C:\Windows\System32\WindowsPowerShell\v1.0\;C:\Program Files (x86)\GtkSharp\2.12\bin;C:\Program Files (x86)\Intel\Intel(R) Management Engine Components\DAL;C:\Program Files\Intel\Intel(R) Management Engine Components\DAL;C:\Program Files (x86)\Intel\Intel(R) Management Engine Components\IPT;C:\Program Files\Intel\Intel(R) Management Engine Components\IPT;C:\Program Files (x86)\NVIDIA Corporation\PhysX\Common;C:\WINDOWS\system32;C:\WINDOWS;C:\WINDOWS\System32\Wbem;C:\WINDOWS\System32\WindowsPowerShell\v1.0\;G:\App_Using\windowKit\Windows Performance Toolkit\;C:\Program Files\Intel\WiFi\bin\;C:\Program Files\Common Files\Intel\WirelessCommon\;C:\Program Files (x86)\Skype\Phone\;C:\WINDOWS\system32\config\systemprofile\.dnx\bin;C:\Program Files\Microsoft DNX\Dnvm\;C:\Program Files\Microsoft SQL Server\120\Tools\Binn\;C:\Program Files\Microsoft SQL Server\130\Tools\Binn\;C:\Program Files (x86)\nodejs\;C:\Program Files\Git\cm;C:\Program Files (x86)\SQL\100\Tools\Binn\;C:\Program Files\SQL\100\Tools\Binn\;C:\Program Files\SQL\100\DTS\Binn\;C:\Program Files (x86)\SQL\100\Tools\Binn\VSShell\Common7\IDE\;C:\Program Files (x86)\Microsoft Visual Studio 9.0\Common7\IDE\PrivateAssemblies\;C:\Program Files (x86)\SQL\100\DTS\Binn\;C:\Program Files (x86)\Java\jdk1.8.0_101\bin;C:\Program Files\Intel\WiFi\bin\;C:\Program Files\Common Files\Intel\WirelessCommon\;C:\Users\QuocToan\AppData\Local\Microsoft\WindowsApps;C:\Users\QuocToan\AppData\Roaming\npm
USERNAME=QuocToan
OS=Windows_NT
PROCESSOR_IDENTIFIER=Intel64 Family 6 Model 94 Stepping 3, GenuineIntel



---------------  S Y S T E M  ---------------

OS: Windows 10.0 , 64 bit Build 14393 (10.0.14393.0)

CPU:total 4 (4 cores per cpu, 1 threads per core) family 6 model 94 stepping 3, cmov, cx8, fxsr, mmx, sse, sse2, sse3, ssse3, sse4.1, sse4.2, popcnt, avx, avx2, aes, clmul, erms, rtm, 3dnowpref, lzcnt, tsc, tscinvbit, bmi1, bmi2, adx

Memory: 4k page, physical 8295296k(1328964k free), swap 8295296k(37424k free)

vm_info: OpenJDK 64-Bit Server VM (25.76-b03) for windows-amd64 JRE (1.8.0_76-release-b03), built on Jun 29 2016 19:09:20 by "ralucas" with MS VC++ 10.0 (VS2010)

time: Tue Nov 29 03:34:16 2016
elapsed time: 1 seconds (0d 0h 0m 1s)

