#
# There is insufficient memory for the Java Runtime Environment to continue.
# Native memory allocation (malloc) failed to allocate 1048576 bytes for AllocateHeap
# Possible reasons:
#   The system is out of physical RAM or swap space
#   In 32 bit mode, the process size limit was hit
# Possible solutions:
#   Reduce memory load on the system
#   Increase physical memory or swap space
#   Check if swap backing store is full
#   Use 64 bit Java on a 64 bit OS
#   Decrease Java heap size (-Xmx/-Xms)
#   Decrease number of Java threads
#   Decrease Java thread stack sizes (-Xss)
#   Set larger code cache with -XX:ReservedCodeCacheSize=
# This output file may be truncated or incomplete.
#
#  Out of Memory Error (memory/allocation.inline.hpp:61), pid=2628, tid=0x00000000000003c0
#
# JRE version:  (8.0_76-b03) (build )
# Java VM: OpenJDK 64-Bit Server VM (25.76-b03 mixed mode windows-amd64 compressed oops)
# Failed to write core dump. Minidumps are not enabled by default on client versions of Windows
#

---------------  T H R E A D  ---------------

Current thread (0x00000000026de000):  JavaThread "Unknown thread" [_thread_in_vm, id=960, stack(0x0000000002790000,0x0000000002890000)]

Stack: [0x0000000002790000,0x0000000002890000]
[error occurred during error reporting (printing stack bounds), id 0xc0000005]

Native frames: (J=compiled Java code, j=interpreted, Vv=VM code, C=native code)


---------------  P R O C E S S  ---------------

Java Threads: ( => current thread )

Other Threads:

=>0x00000000026de000 (exited) JavaThread "Unknown thread" [_thread_in_vm, id=960, stack(0x0000000002790000,0x0000000002890000)]

VM state:not at safepoint (normal execution)

VM Mutex/Monitor currently owned by a thread: None

Heap:
 PSYoungGen      total 38400K, used 665K [0x00000000eab00000, 0x00000000ed580000, 0x0000000100000000)
  eden space 33280K, 2% used [0x00000000eab00000,0x00000000eaba6670,0x00000000ecb80000)
  from space 5120K, 0% used [0x00000000ed080000,0x00000000ed080000,0x00000000ed580000)
  to   space 5120K, 0% used [0x00000000ecb80000,0x00000000ecb80000,0x00000000ed080000)
 ParOldGen       total 87552K, used 0K [0x00000000c0000000, 0x00000000c5580000, 0x00000000eab00000)
  object space 87552K, 0% used [0x00000000c0000000,0x00000000c0000000,0x00000000c5580000)
 Metaspace       used 771K, capacity 4480K, committed 4480K, reserved 1056768K
  class space    used 73K, capacity 384K, committed 384K, reserved 1048576K

Card table byte_map: [0x0000000011d50000,0x0000000011f60000] byte_map_base: 0x0000000011750000

Marking Bits: (ParMarkBitMap*) 0x000000006dba9d00
 Begin Bits: [0x00000000124c0000, 0x00000000134c0000)
 End Bits:   [0x00000000134c0000, 0x00000000144c0000)

Polling page: 0x00000000026b0000

CodeCache: size=245760Kb used=328Kb max_used=328Kb free=245431Kb
 bounds [0x0000000002990000, 0x0000000002c00000, 0x0000000011990000]
 total_blobs=57 nmethods=0 adapters=38
 compilation: enabled

Compilation events (0 events):
No events

GC Heap History (0 events):
No events

Deoptimization events (0 events):
No events

Internal exceptions (0 events):
No events

Events (10 events):
Event: 0.027 loading class java/lang/Short
Event: 0.027 loading class java/lang/Short done
Event: 0.027 loading class java/lang/Integer
Event: 0.027 loading class java/lang/Integer done
Event: 0.027 loading class java/lang/Long
Event: 0.027 loading class java/lang/Long done
Event: 0.028 loading class java/lang/NullPointerException
Event: 0.028 loading class java/lang/NullPointerException done
Event: 0.028 loading class java/lang/ArithmeticException
Event: 0.028 loading class java/lang/ArithmeticException done


Dynamic libraries:
0x00007ff7f8cf0000 - 0x00007ff7f8d21000 	D:\AndroidStudio\androidStudio\jre\bin\java.exe
0x00007ffd97050000 - 0x00007ffd97221000 	C:\WINDOWS\SYSTEM32\ntdll.dll
0x00007ffd94600000 - 0x00007ffd946ab000 	C:\WINDOWS\System32\KERNEL32.DLL
0x00007ffd93bf0000 - 0x00007ffd93e0d000 	C:\WINDOWS\System32\KERNELBASE.dll
0x00007ffd957b0000 - 0x00007ffd95852000 	C:\WINDOWS\System32\ADVAPI32.dll
0x00007ffd95860000 - 0x00007ffd958fe000 	C:\WINDOWS\System32\msvcrt.dll
0x00007ffd95290000 - 0x00007ffd952e9000 	C:\WINDOWS\System32\sechost.dll
0x00007ffd95940000 - 0x00007ffd95a61000 	C:\WINDOWS\System32\RPCRT4.dll
0x00007ffd94a10000 - 0x00007ffd94b75000 	C:\WINDOWS\System32\USER32.dll
0x00007ffd93a40000 - 0x00007ffd93a5e000 	C:\WINDOWS\System32\win32u.dll
0x00007ffd947b0000 - 0x00007ffd947e4000 	C:\WINDOWS\System32\GDI32.dll
0x00007ffd93a60000 - 0x00007ffd93be2000 	C:\WINDOWS\System32\gdi32full.dll
0x00007ffd8ea20000 - 0x00007ffd8ec99000 	C:\WINDOWS\WinSxS\amd64_microsoft.windows.common-controls_6595b64144ccf1df_6.0.14393.0_none_2d0f50fcbdb171b8\COMCTL32.dll
0x00007ffd94e80000 - 0x00007ffd95147000 	C:\WINDOWS\System32\combase.dll
0x00007ffd93660000 - 0x00007ffd93755000 	C:\WINDOWS\System32\ucrtbase.dll
0x00007ffd93540000 - 0x00007ffd935aa000 	C:\WINDOWS\System32\bcryptPrimitives.dll
0x00007ffd95910000 - 0x00007ffd9593e000 	C:\WINDOWS\System32\IMM32.DLL
0x000000006d310000 - 0x000000006d3e2000 	D:\AndroidStudio\androidStudio\jre\jre\bin\msvcr100.dll
0x000000006d3f0000 - 0x000000006dc24000 	D:\AndroidStudio\androidStudio\jre\jre\bin\server\jvm.dll
0x00007ffd945f0000 - 0x00007ffd945f8000 	C:\WINDOWS\System32\PSAPI.DLL
0x00007ffd87c20000 - 0x00007ffd87c29000 	C:\WINDOWS\SYSTEM32\WSOCK32.dll
0x00007ffd952f0000 - 0x00007ffd9535a000 	C:\WINDOWS\System32\WS2_32.dll
0x00007ffd91870000 - 0x00007ffd91893000 	C:\WINDOWS\SYSTEM32\WINMM.dll
0x00007ffd8f8c0000 - 0x00007ffd8f8ca000 	C:\WINDOWS\SYSTEM32\VERSION.dll
0x00007ffd91810000 - 0x00007ffd9183b000 	C:\WINDOWS\SYSTEM32\WINMMBASE.dll
0x00007ffd94590000 - 0x00007ffd945d2000 	C:\WINDOWS\System32\cfgmgr32.dll
0x00007ffd91940000 - 0x00007ffd9194f000 	D:\AndroidStudio\androidStudio\jre\jre\bin\verify.dll
0x00007ffd90990000 - 0x00007ffd909b9000 	D:\AndroidStudio\androidStudio\jre\jre\bin\java.dll
0x00007ffd8f2d0000 - 0x00007ffd8f2e6000 	D:\AndroidStudio\androidStudio\jre\jre\bin\zip.dll

VM Arguments:
jvm_args: -Djava.awt.headless=true -Xmx1024M -Dfile.encoding=windows-1252 -Duser.country=US -Duser.language=en -Duser.variant 
java_command: com.android.dx.command.Main --dex --force-jumbo --multi-dex --output C:\Development\Android\vuforia-sdk-android-6-0-117\samples\VuforiaSamples-6-0-112 -Full\app\build\intermediates\transforms\dex\debug\folders\1000\10\instant-run_ec3ba646fbcbb858a5d5a29515ef52fdf6a03e34 C:\Development\Android\vuforia-sdk-android-6-0-117\samples\VuforiaSamples-6-0-112 -Full\app\build\intermediates\incremental-runtime-classes\debug\instant-run.jar
java_class_path (initial): D:\AndroidStudio\SDK_\build-tools\22.0.1\lib\dx.jar
Launcher Type: SUN_STANDARD

Environment Variables:
JAVA_HOME=C:\Program Files (x86)\Java\jdk1.8.0_101
PATH=C:\ProgramData\Oracle\Java\javapath;C:\Program Files (x86)\Intel\iCLS Client\;C:\Program Files\Intel\iCLS Client\;C:\Program Files (x86)\PC Connectivity Solution\;C:\Windows\system32;C:\Windows;C:\Windows\System32\Wbem;C:\Windows\System32\WindowsPowerShell\v1.0\;C:\Program Files (x86)\GtkSharp\2.12\bin;C:\Program Files (x86)\Intel\Intel(R) Management Engine Components\DAL;C:\Program Files\Intel\Intel(R) Management Engine Components\DAL;C:\Program Files (x86)\Intel\Intel(R) Management Engine Components\IPT;C:\Program Files\Intel\Intel(R) Management Engine Components\IPT;C:\Program Files (x86)\NVIDIA Corporation\PhysX\Common;C:\WINDOWS\system32;C:\WINDOWS;C:\WINDOWS\System32\Wbem;C:\WINDOWS\System32\WindowsPowerShell\v1.0\;G:\App_Using\windowKit\Windows Performance Toolkit\;C:\Program Files\Intel\WiFi\bin\;C:\Program Files\Common Files\Intel\WirelessCommon\;C:\Program Files (x86)\Skype\Phone\;C:\WINDOWS\system32\config\systemprofile\.dnx\bin;C:\Program Files\Microsoft DNX\Dnvm\;C:\Program Files\Microsoft SQL Server\120\Tools\Binn\;C:\Program Files\Microsoft SQL Server\130\Tools\Binn\;C:\Program Files (x86)\nodejs\;C:\Program Files\Git\cm;C:\Program Files (x86)\SQL\100\Tools\Binn\;C:\Program Files\SQL\100\Tools\Binn\;C:\Program Files\SQL\100\DTS\Binn\;C:\Program Files (x86)\SQL\100\Tools\Binn\VSShell\Common7\IDE\;C:\Program Files (x86)\Microsoft Visual Studio 9.0\Common7\IDE\PrivateAssemblies\;C:\Program Files (x86)\SQL\100\DTS\Binn\;C:\Program Files (x86)\Java\jdk1.8.0_101\bin;C:\Program Files\Intel\WiFi\bin\;C:\Program Files\Common Files\Intel\WirelessCommon\;C:\Users\QuocToan\AppData\Local\Microsoft\WindowsApps;C:\Users\QuocToan\AppData\Roaming\npm
USERNAME=QuocToan
OS=Windows_NT
PROCESSOR_IDENTIFIER=Intel64 Family 6 Model 94 Stepping 3, GenuineIntel



---------------  S Y S T E M  ---------------

OS: Windows 10.0 , 64 bit Build 14393 (10.0.14393.0)

CPU:total 4 (4 cores per cpu, 1 threads per core) family 6 model 94 stepping 3, cmov, cx8, fxsr, mmx, sse, sse2, sse3, ssse3, sse4.1, sse4.2, popcnt, avx, avx2, aes, clmul, erms, rtm, 3dnowpref, lzcnt, tsc, tscinvbit, bmi1, bmi2, adx

Memory: 4k page, physical 8298364k(1084868k free), swap 8298364k(249556k free)

vm_info: OpenJDK 64-Bit Server VM (25.76-b03) for windows-amd64 JRE (1.8.0_76-release-b03), built on Jun 29 2016 19:09:20 by "ralucas" with MS VC++ 10.0 (VS2010)

time: Sat Oct 29 04:10:10 2016
elapsed time: 1 seconds (0d 0h 0m 1s)

