#
# There is insufficient memory for the Java Runtime Environment to continue.
# Native memory allocation (malloc) failed to allocate 65552 bytes for Chunk::new
# Possible reasons:
#   The system is out of physical RAM or swap space
#   In 32 bit mode, the process size limit was hit
# Possible solutions:
#   Reduce memory load on the system
#   Increase physical memory or swap space
#   Check if swap backing store is full
#   Use 64 bit Java on a 64 bit OS
#   Decrease Java heap size (-Xmx/-Xms)
#   Decrease number of Java threads
#   Decrease Java thread stack sizes (-Xss)
#   Set larger code cache with -XX:ReservedCodeCacheSize=
# This output file may be truncated or incomplete.
#
#  Out of Memory Error (allocation.cpp:390), pid=7408, tid=0x00000000000030c8
#
# JRE version: OpenJDK Runtime Environment (8.0_76-b03) (build 1.8.0_76-release-b03)
# Java VM: OpenJDK 64-Bit Server VM (25.76-b03 mixed mode windows-amd64 compressed oops)
# Failed to write core dump. Minidumps are not enabled by default on client versions of Windows
#

---------------  T H R E A D  ---------------

Current thread (0x000000001594c000):  JavaThread "C2 CompilerThread0" daemon [_thread_in_native, id=12488, stack(0x0000000016f90000,0x0000000017090000)]

Stack: [0x0000000016f90000,0x0000000017090000]
[error occurred during error reporting (printing stack bounds), id 0xc0000005]

Native frames: (J=compiled Java code, j=interpreted, Vv=VM code, C=native code)


Current CompileTask:
C2:   2712  952       4       com.android.dx.ssa.back.LivenessAnalyzer::run (231 bytes)


---------------  P R O C E S S  ---------------

Java Threads: ( => current thread )
  0x00000000172c0800 JavaThread "Service Thread" daemon [_thread_blocked, id=5996, stack(0x0000000017690000,0x0000000017790000)]
  0x0000000015952800 JavaThread "C1 CompilerThread2" daemon [_thread_blocked, id=8040, stack(0x0000000017190000,0x0000000017290000)]
  0x000000001594f000 JavaThread "C2 CompilerThread1" daemon [_thread_in_native, id=2796, stack(0x0000000017090000,0x0000000017190000)]
=>0x000000001594c000 JavaThread "C2 CompilerThread0" daemon [_thread_in_native, id=12488, stack(0x0000000016f90000,0x0000000017090000)]
  0x000000001594a800 JavaThread "Attach Listener" daemon [_thread_blocked, id=12436, stack(0x0000000016e90000,0x0000000016f90000)]
  0x0000000015949000 JavaThread "Signal Dispatcher" daemon [_thread_blocked, id=12324, stack(0x0000000016d90000,0x0000000016e90000)]
  0x0000000015938800 JavaThread "Finalizer" daemon [_thread_blocked, id=8000, stack(0x0000000016ba0000,0x0000000016ca0000)]
  0x0000000015917000 JavaThread "Reference Handler" daemon [_thread_blocked, id=6468, stack(0x0000000016aa0000,0x0000000016ba0000)]
  0x0000000002f3e000 JavaThread "main" [_thread_in_Java, id=7764, stack(0x0000000003080000,0x0000000003180000)]

Other Threads:
  0x0000000015915000 VMThread [stack: 0x00000000169a0000,0x0000000016aa0000] [id=4792]
  0x00000000159a8800 WatcherThread [stack: 0x0000000017790000,0x0000000017890000] [id=12188]

VM state:not at safepoint (normal execution)

VM Mutex/Monitor currently owned by a thread: None

Heap:
 PSYoungGen      total 38400K, used 18074K [0x00000000eab00000, 0x00000000ed580000, 0x0000000100000000)
  eden space 33280K, 38% used [0x00000000eab00000,0x00000000eb7aa328,0x00000000ecb80000)
  from space 5120K, 99% used [0x00000000ecb80000,0x00000000ed07c5e0,0x00000000ed080000)
  to   space 5120K, 0% used [0x00000000ed080000,0x00000000ed080000,0x00000000ed580000)
 ParOldGen       total 87552K, used 432K [0x00000000c0000000, 0x00000000c5580000, 0x00000000eab00000)
  object space 87552K, 0% used [0x00000000c0000000,0x00000000c006c278,0x00000000c5580000)
 Metaspace       used 5321K, capacity 6768K, committed 7040K, reserved 1056768K
  class space    used 518K, capacity 616K, committed 640K, reserved 1048576K

Card table byte_map: [0x0000000012640000,0x0000000012850000] byte_map_base: 0x0000000012040000

Marking Bits: (ParMarkBitMap*) 0x0000000076a69d00
 Begin Bits: [0x0000000012db0000, 0x0000000013db0000)
 End Bits:   [0x0000000013db0000, 0x0000000014db0000)

Polling page: 0x00000000013f0000

CodeCache: size=245760Kb used=4726Kb max_used=4738Kb free=241033Kb
 bounds [0x0000000003280000, 0x0000000003730000, 0x0000000012280000]
 total_blobs=1359 nmethods=1102 adapters=171
 compilation: enabled

Compilation events (10 events):
Event: 2.674 Thread 0x0000000015952800 1103   !   3       com.android.dx.rop.type.Type::putIntern (50 bytes)
Event: 2.674 Thread 0x0000000015952800 nmethod 1103 0x0000000003715110 code [0x0000000003715300, 0x0000000003715dd8]
Event: 2.674 Thread 0x0000000015952800 1104       3       com.android.dx.rop.type.Type::getInitializedType (42 bytes)
Event: 2.675 Thread 0x0000000015952800 nmethod 1104 0x0000000003716310 code [0x00000000037164e0, 0x0000000003716cf8]
Event: 2.687 Thread 0x0000000015952800 1105       1       com.android.dx.rop.cst.TypedConstant::getFrameType (2 bytes)
Event: 2.687 Thread 0x0000000015952800 nmethod 1105 0x0000000003717050 code [0x00000000037171a0, 0x00000000037172b0]
Event: 2.689 Thread 0x000000001594f000 nmethod 1072 0x000000000371b050 code [0x000000000371b580, 0x000000000371e4a0]
Event: 2.689 Thread 0x000000001594f000 1074       4       com.android.dx.util.ByteArray::getUnsignedShort (25 bytes)
Event: 2.690 Thread 0x000000001594f000 nmethod 1074 0x0000000003717ed0 code [0x0000000003718020, 0x0000000003718178]
Event: 2.690 Thread 0x000000001594f000 1106   !   4       com.android.dx.rop.code.BasicBlock::<init> (273 bytes)

GC Heap History (2 events):
Event: 2.603 GC heap before
{Heap before GC invocations=1 (full 0):
 PSYoungGen      total 38400K, used 33280K [0x00000000eab00000, 0x00000000ed580000, 0x0000000100000000)
  eden space 33280K, 100% used [0x00000000eab00000,0x00000000ecb80000,0x00000000ecb80000)
  from space 5120K, 0% used [0x00000000ed080000,0x00000000ed080000,0x00000000ed580000)
  to   space 5120K, 0% used [0x00000000ecb80000,0x00000000ecb80000,0x00000000ed080000)
 ParOldGen       total 87552K, used 0K [0x00000000c0000000, 0x00000000c5580000, 0x00000000eab00000)
  object space 87552K, 0% used [0x00000000c0000000,0x00000000c0000000,0x00000000c5580000)
 Metaspace       used 5295K, capacity 6768K, committed 7040K, reserved 1056768K
  class space    used 517K, capacity 616K, committed 640K, reserved 1048576K
Event: 2.610 GC heap after
Heap after GC invocations=1 (full 0):
 PSYoungGen      total 38400K, used 5105K [0x00000000eab00000, 0x00000000ed580000, 0x0000000100000000)
  eden space 33280K, 0% used [0x00000000eab00000,0x00000000eab00000,0x00000000ecb80000)
  from space 5120K, 99% used [0x00000000ecb80000,0x00000000ed07c5e0,0x00000000ed080000)
  to   space 5120K, 0% used [0x00000000ed080000,0x00000000ed080000,0x00000000ed580000)
 ParOldGen       total 87552K, used 432K [0x00000000c0000000, 0x00000000c5580000, 0x00000000eab00000)
  object space 87552K, 0% used [0x00000000c0000000,0x00000000c006c278,0x00000000c5580000)
 Metaspace       used 5295K, capacity 6768K, committed 7040K, reserved 1056768K
  class space    used 517K, capacity 616K, committed 640K, reserved 1048576K
}

Deoptimization events (10 events):
Event: 2.496 Thread 0x0000000002f3e000 Uncommon trap: reason=class_check action=maybe_recompile pc=0x00000000035db7b4 method=com.android.dx.ssa.NormalSsaInsn.accept(Lcom/android/dx/ssa/SsaInsn$Visitor;)V @ 9
Event: 2.497 Thread 0x0000000002f3e000 Uncommon trap: reason=class_check action=maybe_recompile pc=0x00000000035db7b4 method=com.android.dx.ssa.NormalSsaInsn.accept(Lcom/android/dx/ssa/SsaInsn$Visitor;)V @ 9
Event: 2.497 Thread 0x0000000002f3e000 Uncommon trap: reason=class_check action=maybe_recompile pc=0x00000000035db7b4 method=com.android.dx.ssa.NormalSsaInsn.accept(Lcom/android/dx/ssa/SsaInsn$Visitor;)V @ 9
Event: 2.602 Thread 0x0000000002f3e000 Uncommon trap: reason=unstable_if action=reinterpret pc=0x000000000363c894 method=com.android.dx.cf.code.ByteCatchList.listFor(I)Lcom/android/dx/cf/code/ByteCatchList; @ 19
Event: 2.613 Thread 0x0000000002f3e000 Uncommon trap: reason=unstable_if action=reinterpret pc=0x0000000003673858 method=com.android.dx.ssa.SCCP.simulateStmt(Lcom/android/dx/ssa/SsaInsn;)V @ 469
Event: 2.614 Thread 0x0000000002f3e000 Uncommon trap: reason=unstable_if action=reinterpret pc=0x00000000036ae00c method=com.android.dx.rop.code.InsnList.contentEquals(Lcom/android/dx/rop/code/InsnList;)Z @ 25
Event: 2.614 Thread 0x0000000002f3e000 Uncommon trap: reason=unstable_if action=reinterpret pc=0x00000000036c1214 method=com.android.dx.rop.code.Insn.equalsHandleNulls(Ljava/lang/Object;Ljava/lang/Object;)Z @ 14
Event: 2.618 Thread 0x0000000002f3e000 Uncommon trap: reason=unstable_if action=reinterpret pc=0x000000000369dcd8 method=com.android.dx.rop.code.RegisterSpec.withReg(I)Lcom/android/dx/rop/code/RegisterSpec; @ 5
Event: 2.619 Thread 0x0000000002f3e000 Uncommon trap: reason=unstable_if action=reinterpret pc=0x0000000003679afc method=com.android.dx.rop.code.RegisterSpec.withReg(I)Lcom/android/dx/rop/code/RegisterSpec; @ 5
Event: 2.661 Thread 0x0000000002f3e000 Uncommon trap: reason=unstable_if action=reinterpret pc=0x0000000003632438 method=com.android.dx.rop.code.RegisterSpecSet.put(Lcom/android/dx/rop/code/RegisterSpec;)V @ 77

Internal exceptions (2 events):
Event: 1.524 Thread 0x0000000002f3e000 Exception <a 'java/lang/NoSuchMethodError': Method sun.misc.Unsafe.defineClass(Ljava/lang/String;[BII)Ljava/lang/Class; name or signature does not match> (0x00000000eab07cc0) thrown at [C:\src\android\AOSP-openjdk\external\jetbrains\jdk\hotspot\src\share\v
Event: 1.524 Thread 0x0000000002f3e000 Exception <a 'java/lang/NoSuchMethodError': Method sun.misc.Unsafe.prefetchRead(Ljava/lang/Object;J)V name or signature does not match> (0x00000000eab07fa8) thrown at [C:\src\android\AOSP-openjdk\external\jetbrains\jdk\hotspot\src\share\vm\prims\jni.cpp, l

Events (10 events):
Event: 2.619 Thread 0x0000000002f3e000 Uncommon trap: trap_request=0xffffff65 fr.pc=0x0000000003679afc
Event: 2.619 Thread 0x0000000002f3e000 DEOPT PACKING pc=0x0000000003679afc sp=0x000000000317e620
Event: 2.619 Thread 0x0000000002f3e000 DEOPT UNPACKING pc=0x00000000032c556a sp=0x000000000317e560 mode 2
Event: 2.648 loading class com/android/dx/cf/attrib/AttLocalVariableTypeTable
Event: 2.648 loading class com/android/dx/cf/attrib/AttLocalVariableTypeTable done
Event: 2.652 loading class com/android/dx/dex/file/FieldAnnotationStruct
Event: 2.652 loading class com/android/dx/dex/file/FieldAnnotationStruct done
Event: 2.661 Thread 0x0000000002f3e000 Uncommon trap: trap_request=0xffffff65 fr.pc=0x0000000003632438
Event: 2.661 Thread 0x0000000002f3e000 DEOPT PACKING pc=0x0000000003632438 sp=0x000000000317e5a0
Event: 2.661 Thread 0x0000000002f3e000 DEOPT UNPACKING pc=0x00000000032c556a sp=0x000000000317e4c0 mode 2


Dynamic libraries:
0x00007ff7998d0000 - 0x00007ff799901000 	D:\AndroidStudio\androidStudio\jre\bin\java.exe
0x00007ff8765d0000 - 0x00007ff8767a1000 	C:\WINDOWS\SYSTEM32\ntdll.dll
0x00007ff875bb0000 - 0x00007ff875c5b000 	C:\WINDOWS\System32\KERNEL32.DLL
0x00007ff872ac0000 - 0x00007ff872cdd000 	C:\WINDOWS\System32\KERNELBASE.dll
0x00007ff8760f0000 - 0x00007ff876192000 	C:\WINDOWS\System32\ADVAPI32.dll
0x00007ff876050000 - 0x00007ff8760ee000 	C:\WINDOWS\System32\msvcrt.dll
0x00007ff874460000 - 0x00007ff8744b9000 	C:\WINDOWS\System32\sechost.dll
0x00007ff875f20000 - 0x00007ff876041000 	C:\WINDOWS\System32\RPCRT4.dll
0x00007ff873e10000 - 0x00007ff873f75000 	C:\WINDOWS\System32\USER32.dll
0x00007ff8738e0000 - 0x00007ff8738fe000 	C:\WINDOWS\System32\win32u.dll
0x00007ff873d00000 - 0x00007ff873d34000 	C:\WINDOWS\System32\GDI32.dll
0x00007ff8739d0000 - 0x00007ff873b52000 	C:\WINDOWS\System32\gdi32full.dll
0x00007ff86b370000 - 0x00007ff86b5e9000 	C:\WINDOWS\WinSxS\amd64_microsoft.windows.common-controls_6595b64144ccf1df_6.0.14393.447_none_42191651c6827bb3\COMCTL32.dll
0x00007ff874190000 - 0x00007ff874457000 	C:\WINDOWS\System32\combase.dll
0x00007ff872eb0000 - 0x00007ff872fa5000 	C:\WINDOWS\System32\ucrtbase.dll
0x00007ff873960000 - 0x00007ff8739ca000 	C:\WINDOWS\System32\bcryptPrimitives.dll
0x00007ff875c60000 - 0x00007ff875c8e000 	C:\WINDOWS\System32\IMM32.DLL
0x00000000761b0000 - 0x0000000076282000 	D:\AndroidStudio\androidStudio\jre\jre\bin\msvcr100.dll
0x00000000762b0000 - 0x0000000076ae4000 	D:\AndroidStudio\androidStudio\jre\jre\bin\server\jvm.dll
0x00007ff8744d0000 - 0x00007ff8744d8000 	C:\WINDOWS\System32\PSAPI.DLL
0x00007ff8515a0000 - 0x00007ff8515a9000 	C:\WINDOWS\SYSTEM32\WSOCK32.dll
0x00007ff873d40000 - 0x00007ff873daa000 	C:\WINDOWS\System32\WS2_32.dll
0x00007ff870f40000 - 0x00007ff870f63000 	C:\WINDOWS\SYSTEM32\WINMM.dll
0x00007ff86c2d0000 - 0x00007ff86c2da000 	C:\WINDOWS\SYSTEM32\VERSION.dll
0x00007ff870ee0000 - 0x00007ff870f0b000 	C:\WINDOWS\SYSTEM32\WINMMBASE.dll
0x00007ff872fb0000 - 0x00007ff872ff2000 	C:\WINDOWS\System32\cfgmgr32.dll
0x00007ff8703a0000 - 0x00007ff8703af000 	D:\AndroidStudio\androidStudio\jre\jre\bin\verify.dll
0x00007ff867350000 - 0x00007ff867379000 	D:\AndroidStudio\androidStudio\jre\jre\bin\java.dll
0x00007ff867310000 - 0x00007ff867326000 	D:\AndroidStudio\androidStudio\jre\jre\bin\zip.dll
0x00007ff874640000 - 0x00007ff875b49000 	C:\WINDOWS\System32\SHELL32.dll
0x00007ff8730b0000 - 0x00007ff87378a000 	C:\WINDOWS\System32\windows.storage.dll
0x00007ff872a30000 - 0x00007ff872a7c000 	C:\WINDOWS\System32\powrprof.dll
0x00007ff874130000 - 0x00007ff874182000 	C:\WINDOWS\System32\shlwapi.dll
0x00007ff872a80000 - 0x00007ff872a8f000 	C:\WINDOWS\System32\kernel.appcore.dll
0x00007ff873790000 - 0x00007ff873839000 	C:\WINDOWS\System32\shcore.dll
0x00007ff872aa0000 - 0x00007ff872ab4000 	C:\WINDOWS\System32\profapi.dll

VM Arguments:
jvm_args: -Djava.awt.headless=true -Xmx1024M -Dfile.encoding=windows-1252 -Duser.country=US -Duser.language=en -Duser.variant 
java_command: com.android.dx.command.Main --dex --force-jumbo --multi-dex --output C:\Development\Android\vuforia-sdk-android-6-0-117\samples\VuforiaSamples-6-0-112 -Full - Split Render\app\build\intermediates\transforms\dex\debug\folders\1000\5\slice_6 C:\Development\Android\vuforia-sdk-android-6-0-117\samples\VuforiaSamples-6-0-112 -Full - Split Render\app\build\intermediates\transforms\instantRunSlicer\debug\folders\1\5\slice_6
java_class_path (initial): D:\AndroidStudio\SDK_\build-tools\22.0.1\lib\dx.jar
Launcher Type: SUN_STANDARD

Environment Variables:
JAVA_HOME=C:\Program Files (x86)\Java\jdk1.8.0_101
PATH=C:\ProgramData\Oracle\Java\javapath;C:\Program Files (x86)\Intel\iCLS Client\;C:\Program Files\Intel\iCLS Client\;C:\Program Files (x86)\PC Connectivity Solution\;C:\Windows\system32;C:\Windows;C:\Windows\System32\Wbem;C:\Windows\System32\WindowsPowerShell\v1.0\;C:\Program Files (x86)\GtkSharp\2.12\bin;C:\Program Files (x86)\Intel\Intel(R) Management Engine Components\DAL;C:\Program Files\Intel\Intel(R) Management Engine Components\DAL;C:\Program Files (x86)\Intel\Intel(R) Management Engine Components\IPT;C:\Program Files\Intel\Intel(R) Management Engine Components\IPT;C:\Program Files (x86)\NVIDIA Corporation\PhysX\Common;C:\WINDOWS\system32;C:\WINDOWS;C:\WINDOWS\System32\Wbem;C:\WINDOWS\System32\WindowsPowerShell\v1.0\;G:\App_Using\windowKit\Windows Performance Toolkit\;C:\Program Files (x86)\Skype\Phone\;C:\Users\QuocToan\.dnx\bin;C:\Program Files\Microsoft DNX\Dnvm\;C:\Program Files\Microsoft SQL Server\120\Tools\Binn\;C:\Program Files\Microsoft SQL Server\130\Tools\Binn\;C:\Program Files (x86)\nodejs\;C:\Program Files\Git\cm;C:\Program Files (x86)\SQL\100\Tools\Binn\;C:\Program Files\SQL\100\Tools\Binn\;C:\Program Files\SQL\100\DTS\Binn\;C:\Program Files (x86)\SQL\100\Tools\Binn\VSShell\Common7\IDE\;C:\Program Files (x86)\Microsoft Visual Studio 9.0\Common7\IDE\PrivateAssemblies\;C:\Program Files (x86)\SQL\100\DTS\Binn\;C:\Program Files\Intel\WiFi\bin\;C:\Program Files\Common Files\Intel\WirelessCommon\;C:\Program Files (x86)\Java\jdk1.8.0_101\bin;C:\Program Files\Intel\WiFi\bin\;C:\Program Files\Common Files\Intel\WirelessCommon\;C:\Users\QuocToan\AppData\Local\Microsoft\WindowsApps;C:\Users\QuocToan\AppData\Roaming\npm
USERNAME=QuocToan
OS=Windows_NT
PROCESSOR_IDENTIFIER=Intel64 Family 6 Model 94 Stepping 3, GenuineIntel



---------------  S Y S T E M  ---------------

OS: Windows 10.0 , 64 bit Build 14393 (10.0.14393.0)

CPU:total 4 (4 cores per cpu, 1 threads per core) family 6 model 94 stepping 3, cmov, cx8, fxsr, mmx, sse, sse2, sse3, ssse3, sse4.1, sse4.2, popcnt, avx, avx2, aes, clmul, erms, rtm, 3dnowpref, lzcnt, tsc, tscinvbit, bmi1, bmi2, adx

Memory: 4k page, physical 8298364k(1191184k free), swap 8298364k(245472k free)

vm_info: OpenJDK 64-Bit Server VM (25.76-b03) for windows-amd64 JRE (1.8.0_76-release-b03), built on Jun 29 2016 19:09:20 by "ralucas" with MS VC++ 10.0 (VS2010)

time: Sat Nov 26 06:22:55 2016
elapsed time: 2 seconds (0d 0h 0m 2s)

