#
# There is insufficient memory for the Java Runtime Environment to continue.
# Native memory allocation (malloc) failed to allocate 254256 bytes for Chunk::new
# Possible reasons:
#   The system is out of physical RAM or swap space
#   In 32 bit mode, the process size limit was hit
# Possible solutions:
#   Reduce memory load on the system
#   Increase physical memory or swap space
#   Check if swap backing store is full
#   Use 64 bit Java on a 64 bit OS
#   Decrease Java heap size (-Xmx/-Xms)
#   Decrease number of Java threads
#   Decrease Java thread stack sizes (-Xss)
#   Set larger code cache with -XX:ReservedCodeCacheSize=
# This output file may be truncated or incomplete.
#
#  Out of Memory Error (allocation.cpp:390), pid=5804, tid=0x000000000000140c
#
# JRE version: OpenJDK Runtime Environment (8.0_76-b03) (build 1.8.0_76-release-b03)
# Java VM: OpenJDK 64-Bit Server VM (25.76-b03 mixed mode windows-amd64 compressed oops)
# Failed to write core dump. Minidumps are not enabled by default on client versions of Windows
#

---------------  T H R E A D  ---------------

Current thread (0x00000000154dc000):  JavaThread "C2 CompilerThread0" daemon [_thread_in_native, id=5132, stack(0x0000000016b20000,0x0000000016c20000)]

Stack: [0x0000000016b20000,0x0000000016c20000]
[error occurred during error reporting (printing stack bounds), id 0xc0000005]

Native frames: (J=compiled Java code, j=interpreted, Vv=VM code, C=native code)


Current CompileTask:
C2:   3778 1579 %     4       com.android.dx.ssa.SsaConverter::placePhiFunctions @ 229 (394 bytes)


---------------  P R O C E S S  ---------------

Java Threads: ( => current thread )
  0x0000000016d2c000 JavaThread "Service Thread" daemon [_thread_blocked, id=6016, stack(0x0000000017220000,0x0000000017320000)]
  0x000000001553b000 JavaThread "C1 CompilerThread2" daemon [_thread_blocked, id=3212, stack(0x0000000017120000,0x0000000017220000)]
  0x00000000154df000 JavaThread "C2 CompilerThread1" daemon [_thread_in_native, id=3992, stack(0x0000000016c20000,0x0000000016d20000)]
=>0x00000000154dc000 JavaThread "C2 CompilerThread0" daemon [_thread_in_native, id=5132, stack(0x0000000016b20000,0x0000000016c20000)]
  0x00000000154da800 JavaThread "Attach Listener" daemon [_thread_blocked, id=9396, stack(0x0000000016a20000,0x0000000016b20000)]
  0x0000000002e0e800 JavaThread "Signal Dispatcher" daemon [_thread_blocked, id=7764, stack(0x0000000016920000,0x0000000016a20000)]
  0x00000000154c8000 JavaThread "Finalizer" daemon [_thread_blocked, id=1128, stack(0x0000000016730000,0x0000000016830000)]
  0x00000000154a7000 JavaThread "Reference Handler" daemon [_thread_blocked, id=9920, stack(0x0000000016630000,0x0000000016730000)]
  0x0000000002b6e000 JavaThread "main" [_thread_in_Java, id=7996, stack(0x0000000002c10000,0x0000000002d10000)]

Other Threads:
  0x00000000154a5000 VMThread [stack: 0x0000000016530000,0x0000000016630000] [id=7932]
  0x0000000016d2d000 WatcherThread [stack: 0x0000000017320000,0x0000000017420000] [id=4260]

VM state:not at safepoint (normal execution)

VM Mutex/Monitor currently owned by a thread: None

Heap:
 PSYoungGen      total 71680K, used 45377K [0x00000000eab00000, 0x00000000ef600000, 0x0000000100000000)
  eden space 66560K, 60% used [0x00000000eab00000,0x00000000ed253548,0x00000000eec00000)
  from space 5120K, 99% used [0x00000000ef100000,0x00000000ef5fcec8,0x00000000ef600000)
  to   space 5120K, 0% used [0x00000000eec00000,0x00000000eec00000,0x00000000ef100000)
 ParOldGen       total 87552K, used 6242K [0x00000000c0000000, 0x00000000c5580000, 0x00000000eab00000)
  object space 87552K, 7% used [0x00000000c0000000,0x00000000c06189c8,0x00000000c5580000)
 Metaspace       used 5797K, capacity 7024K, committed 7296K, reserved 1056768K
  class space    used 535K, capacity 616K, committed 640K, reserved 1048576K

Card table byte_map: [0x00000000121d0000,0x00000000123e0000] byte_map_base: 0x0000000011bd0000

Marking Bits: (ParMarkBitMap*) 0x0000000069109d00
 Begin Bits: [0x0000000012940000, 0x0000000013940000)
 End Bits:   [0x0000000013940000, 0x0000000014940000)

Polling page: 0x0000000000e30000

CodeCache: size=245760Kb used=7540Kb max_used=7540Kb free=238219Kb
 bounds [0x0000000002e10000, 0x0000000003580000, 0x0000000011e10000]
 total_blobs=1926 nmethods=1662 adapters=178
 compilation: enabled

Compilation events (10 events):
Event: 3.453 Thread 0x000000001553b000 nmethod 1584 0x00000000034d8050 code [0x00000000034d81c0, 0x00000000034d8348]
Event: 3.454 Thread 0x000000001553b000 1585       3       com.android.dx.ssa.back.FirstFitLocalCombiningAllocator$Multiset::getAndRemoveHighestCount (63 bytes)
Event: 3.454 Thread 0x000000001553b000 nmethod 1585 0x00000000034e31d0 code [0x00000000034e3340, 0x00000000034e3610]
Event: 3.458 Thread 0x000000001553b000 1587   !   3       com.android.dx.cf.code.RopperMachine::run (1550 bytes)
Event: 3.470 Thread 0x000000001553b000 nmethod 1587 0x00000000034fde50 code [0x00000000034ff0a0, 0x000000000350de88]
Event: 3.470 Thread 0x000000001553b000 1588       1       com.android.dx.rop.cst.TypedConstant::getFrameType (2 bytes)
Event: 3.470 Thread 0x000000001553b000 nmethod 1588 0x00000000034df790 code [0x00000000034df8e0, 0x00000000034df9f0]
Event: 3.472 Thread 0x000000001553b000 1589       1       java.util.HashMap$Node::getKey (5 bytes)
Event: 3.472 Thread 0x000000001553b000 nmethod 1589 0x00000000034e2f10 code [0x00000000034e3060, 0x00000000034e3170]
Event: 3.472 Thread 0x000000001553b000 1590       3       com.android.dx.ssa.PhiInsn::updateSourcesToDefinitions (68 bytes)

GC Heap History (2 events):
Event: 2.314 GC heap before
{Heap before GC invocations=1 (full 0):
 PSYoungGen      total 38400K, used 33280K [0x00000000eab00000, 0x00000000ed580000, 0x0000000100000000)
  eden space 33280K, 100% used [0x00000000eab00000,0x00000000ecb80000,0x00000000ecb80000)
  from space 5120K, 0% used [0x00000000ed080000,0x00000000ed080000,0x00000000ed580000)
  to   space 5120K, 0% used [0x00000000ecb80000,0x00000000ecb80000,0x00000000ed080000)
 ParOldGen       total 87552K, used 0K [0x00000000c0000000, 0x00000000c5580000, 0x00000000eab00000)
  object space 87552K, 0% used [0x00000000c0000000,0x00000000c0000000,0x00000000c5580000)
 Metaspace       used 5641K, capacity 6960K, committed 7040K, reserved 1056768K
  class space    used 531K, capacity 616K, committed 640K, reserved 1048576K
Event: 2.435 GC heap after
Heap after GC invocations=1 (full 0):
 PSYoungGen      total 38400K, used 5095K [0x00000000eab00000, 0x00000000ef600000, 0x0000000100000000)
  eden space 33280K, 0% used [0x00000000eab00000,0x00000000eab00000,0x00000000ecb80000)
  from space 5120K, 99% used [0x00000000ecb80000,0x00000000ed079c68,0x00000000ed080000)
  to   space 5120K, 0% used [0x00000000ef100000,0x00000000ef100000,0x00000000ef600000)
 ParOldGen       total 87552K, used 1468K [0x00000000c0000000, 0x00000000c5580000, 0x00000000eab00000)
  object space 87552K, 1% used [0x00000000c0000000,0x00000000c016f1a0,0x00000000c5580000)
 Metaspace       used 5641K, capacity 6960K, committed 7040K, reserved 1056768K
  class space    used 531K, capacity 616K, committed 640K, reserved 1048576K
}

Deoptimization events (10 events):
Event: 3.220 Thread 0x0000000002b6e000 Uncommon trap: reason=unstable_if action=reinterpret pc=0x000000000333fc88 method=java.util.HashMap.putVal(ILjava/lang/Object;Ljava/lang/Object;ZZ)Ljava/lang/Object; @ 94
Event: 3.227 Thread 0x0000000002b6e000 Uncommon trap: reason=unstable_if action=reinterpret pc=0x0000000003386868 method=com.android.dx.ssa.SsaRenamer$BlockRenamer.addMapping(ILcom/android/dx/rop/code/RegisterSpec;)V @ 120
Event: 3.228 Thread 0x0000000002b6e000 Uncommon trap: reason=bimorphic action=maybe_recompile pc=0x00000000033e77c4 method=com.android.dx.ssa.SCCP.simulatePhi(Lcom/android/dx/ssa/PhiInsn;)V @ 124
Event: 3.230 Thread 0x0000000002b6e000 Uncommon trap: reason=unstable_if action=reinterpret pc=0x00000000033ab23c method=com.android.dx.util.BitIntSet.has(I)Z @ 8
Event: 3.235 Thread 0x0000000002b6e000 Uncommon trap: reason=bimorphic action=maybe_recompile pc=0x00000000033e77c4 method=com.android.dx.ssa.SCCP.simulatePhi(Lcom/android/dx/ssa/PhiInsn;)V @ 124
Event: 3.239 Thread 0x0000000002b6e000 Uncommon trap: reason=bimorphic action=maybe_recompile pc=0x0000000003379118 method=com.android.dx.cf.code.BytecodeArray.parseInstruction(ILcom/android/dx/cf/code/BytecodeArray$Visitor;)I @ 1357
Event: 3.240 Thread 0x0000000002b6e000 Uncommon trap: reason=bimorphic action=maybe_recompile pc=0x0000000003379118 method=com.android.dx.cf.code.BytecodeArray.parseInstruction(ILcom/android/dx/cf/code/BytecodeArray$Visitor;)I @ 1357
Event: 3.244 Thread 0x0000000002b6e000 Uncommon trap: reason=unstable_if action=reinterpret pc=0x000000000324f5e0 method=java.util.HashMap.getNode(ILjava/lang/Object;)Ljava/util/HashMap$Node; @ 84
Event: 3.244 Thread 0x0000000002b6e000 Uncommon trap: reason=unstable_if action=reinterpret pc=0x0000000003253e6c method=java.util.HashMap.getNode(ILjava/lang/Object;)Ljava/util/HashMap$Node; @ 84
Event: 3.456 Thread 0x0000000002b6e000 Uncommon trap: reason=unstable_if action=reinterpret pc=0x00000000034f57b4 method=com.android.dx.cf.code.RopperMachine.run(Lcom/android/dx/cf/code/Frame;II)V @ 927

Internal exceptions (3 events):
Event: 0.112 Thread 0x0000000002b6e000 Exception <a 'java/lang/NoSuchMethodError': Method sun.misc.Unsafe.defineClass(Ljava/lang/String;[BII)Ljava/lang/Class; name or signature does not match> (0x00000000eab07cc0) thrown at [C:\src\android\AOSP-openjdk\external\jetbrains\jdk\hotspot\src\share\v0t9•D¢¼?
Event: 0.112 Thread 0x0000000002b6e000 Exception <a 'java/lang/NoSuchMethodError': Method sun.misc.Unsafe.prefetchRead(Ljava/lang/Object;J)V name or signature does not match> (0x00000000eab07fa8) thrown at [C:\src\android\AOSP-openjdk\external\jetbrains\jdk\hotspot\src\share\vm\prims\jni.cpp, lêÁ\†d@
Event: 3.049 Thread 0x0000000002b6e000 Implicit null exception at 0x0000000003385ee2 to 0x0000000003385fda

Events (10 events):
Event: 3.240 Thread 0x0000000002b6e000 DEOPT UNPACKING pc=0x0000000002e5556a sp=0x0000000002d0e520 mode 2
Event: 3.244 Thread 0x0000000002b6e000 Uncommon trap: trap_request=0xffffff65 fr.pc=0x000000000324f5e0
Event: 3.244 Thread 0x0000000002b6e000 DEOPT PACKING pc=0x000000000324f5e0 sp=0x0000000002d0e610
Event: 3.244 Thread 0x0000000002b6e000 DEOPT UNPACKING pc=0x0000000002e5556a sp=0x0000000002d0e598 mode 2
Event: 3.244 Thread 0x0000000002b6e000 Uncommon trap: trap_request=0xffffff65 fr.pc=0x0000000003253e6c
Event: 3.244 Thread 0x0000000002b6e000 DEOPT PACKING pc=0x0000000003253e6c sp=0x0000000002d0e2d0
Event: 3.244 Thread 0x0000000002b6e000 DEOPT UNPACKING pc=0x0000000002e5556a sp=0x0000000002d0e200 mode 2
Event: 3.456 Thread 0x0000000002b6e000 Uncommon trap: trap_request=0xffffff65 fr.pc=0x00000000034f57b4
Event: 3.456 Thread 0x0000000002b6e000 DEOPT PACKING pc=0x00000000034f57b4 sp=0x0000000002d0e4b0
Event: 3.456 Thread 0x0000000002b6e000 DEOPT UNPACKING pc=0x0000000002e5556a sp=0x0000000002d0e470 mode 2


Dynamic libraries:
0x00007ff66c790000 - 0x00007ff66c7c1000 	D:\AndroidStudio\androidStudio\jre\bin\java.exe
0x00007ffb57c70000 - 0x00007ffb57e41000 	C:\WINDOWS\SYSTEM32\ntdll.dll
0x00007ffb55a70000 - 0x00007ffb55b1b000 	C:\WINDOWS\System32\KERNEL32.DLL
0x00007ffb54d10000 - 0x00007ffb54f2d000 	C:\WINDOWS\System32\KERNELBASE.dll
0x00007ffb56100000 - 0x00007ffb561a2000 	C:\WINDOWS\System32\ADVAPI32.dll
0x00007ffb554d0000 - 0x00007ffb5556e000 	C:\WINDOWS\System32\msvcrt.dll
0x00007ffb553a0000 - 0x00007ffb553f9000 	C:\WINDOWS\System32\sechost.dll
0x00007ffb55d00000 - 0x00007ffb55e21000 	C:\WINDOWS\System32\RPCRT4.dll
0x00007ffb55230000 - 0x00007ffb55395000 	C:\WINDOWS\System32\USER32.dll
0x00007ffb551e0000 - 0x00007ffb551fe000 	C:\WINDOWS\System32\win32u.dll
0x00007ffb561b0000 - 0x00007ffb561e4000 	C:\WINDOWS\System32\GDI32.dll
0x00007ffb54b80000 - 0x00007ffb54d02000 	C:\WINDOWS\System32\gdi32full.dll
0x00007ffb4e950000 - 0x00007ffb4ebc9000 	C:\WINDOWS\WinSxS\amd64_microsoft.windows.common-controls_6595b64144ccf1df_6.0.14393.447_none_42191651c6827bb3\COMCTL32.dll
0x00007ffb55e30000 - 0x00007ffb560f7000 	C:\WINDOWS\System32\combase.dll
0x00007ffb54160000 - 0x00007ffb54255000 	C:\WINDOWS\System32\ucrtbase.dll
0x00007ffb54260000 - 0x00007ffb542ca000 	C:\WINDOWS\System32\bcryptPrimitives.dll
0x00007ffb55200000 - 0x00007ffb5522e000 	C:\WINDOWS\System32\IMM32.DLL
0x00000000695b0000 - 0x0000000069682000 	D:\AndroidStudio\androidStudio\jre\jre\bin\msvcr100.dll
0x0000000068950000 - 0x0000000069184000 	D:\AndroidStudio\androidStudio\jre\jre\bin\server\jvm.dll
0x00007ffb56750000 - 0x00007ffb56758000 	C:\WINDOWS\System32\PSAPI.DLL
0x00007ffb514d0000 - 0x00007ffb514d9000 	C:\WINDOWS\SYSTEM32\WSOCK32.dll
0x00007ffb520b0000 - 0x00007ffb520d3000 	C:\WINDOWS\SYSTEM32\WINMM.dll
0x00007ffb501a0000 - 0x00007ffb501aa000 	C:\WINDOWS\SYSTEM32\VERSION.dll
0x00007ffb56390000 - 0x00007ffb563fa000 	C:\WINDOWS\System32\WS2_32.dll
0x00007ffb51df0000 - 0x00007ffb51e1b000 	C:\WINDOWS\SYSTEM32\WINMMBASE.dll
0x00007ffb55040000 - 0x00007ffb55082000 	C:\WINDOWS\System32\cfgmgr32.dll
0x00007ffb4f950000 - 0x00007ffb4f95f000 	D:\AndroidStudio\androidStudio\jre\jre\bin\verify.dll
0x00007ffb41da0000 - 0x00007ffb41dc9000 	D:\AndroidStudio\androidStudio\jre\jre\bin\java.dll
0x00007ffb4f740000 - 0x00007ffb4f756000 	D:\AndroidStudio\androidStudio\jre\jre\bin\zip.dll
0x00007ffb56760000 - 0x00007ffb57c69000 	C:\WINDOWS\System32\SHELL32.dll
0x00007ffb542d0000 - 0x00007ffb549aa000 	C:\WINDOWS\System32\windows.storage.dll
0x00007ffb54110000 - 0x00007ffb5415c000 	C:\WINDOWS\System32\powrprof.dll
0x00007ffb565f0000 - 0x00007ffb56642000 	C:\WINDOWS\System32\shlwapi.dll
0x00007ffb54100000 - 0x00007ffb5410f000 	C:\WINDOWS\System32\kernel.appcore.dll
0x00007ffb54f30000 - 0x00007ffb54fd9000 	C:\WINDOWS\System32\shcore.dll
0x00007ffb540d0000 - 0x00007ffb540e4000 	C:\WINDOWS\System32\profapi.dll

VM Arguments:
jvm_args: -Djava.awt.headless=true -Xmx1024M -Dfile.encoding=windows-1252 -Duser.country=US -Duser.language=en -Duser.variant 
java_command: com.android.dx.command.Main --dex --force-jumbo --multi-dex --output C:\Development\Android\vuforia-sdk-android-6-0-117\samples\VuforiaSamples-6-0-112 -Full - Split Render\app\build\intermediates\transforms\dex\debug\folders\1000\2\Vuforia_58c5a164b911b9c2c1a3bf6a921dc9e91a15cbae C:\Development\Android\vuforia-sdk-android-6-0-117\build\java\vuforia\Vuforia.jar
java_class_path (initial): D:\AndroidStudio\SDK_\build-tools\22.0.1\lib\dx.jar
Launcher Type: SUN_STANDARD

Environment Variables:
JAVA_HOME=C:\Program Files (x86)\Java\jdk1.8.0_101
PATH=C:\ProgramData\Oracle\Java\javapath;C:\Program Files (x86)\Intel\iCLS Client\;C:\Program Files\Intel\iCLS Client\;C:\Program Files (x86)\PC Connectivity Solution\;C:\Windows\system32;C:\Windows;C:\Windows\System32\Wbem;C:\Windows\System32\WindowsPowerShell\v1.0\;C:\Program Files (x86)\GtkSharp\2.12\bin;C:\Program Files (x86)\Intel\Intel(R) Management Engine Components\DAL;C:\Program Files\Intel\Intel(R) Management Engine Components\DAL;C:\Program Files (x86)\Intel\Intel(R) Management Engine Components\IPT;C:\Program Files\Intel\Intel(R) Management Engine Components\IPT;C:\Program Files (x86)\NVIDIA Corporation\PhysX\Common;C:\WINDOWS\system32;C:\WINDOWS;C:\WINDOWS\System32\Wbem;C:\WINDOWS\System32\WindowsPowerShell\v1.0\;G:\App_Using\windowKit\Windows Performance Toolkit\;C:\Program Files\Intel\WiFi\bin\;C:\Program Files\Common Files\Intel\WirelessCommon\;C:\Program Files (x86)\Skype\Phone\;C:\WINDOWS\system32\config\systemprofile\.dnx\bin;C:\Program Files\Microsoft DNX\Dnvm\;C:\Program Files\Microsoft SQL Server\120\Tools\Binn\;C:\Program Files\Microsoft SQL Server\130\Tools\Binn\;C:\Program Files (x86)\nodejs\;C:\Program Files\Git\cm;C:\Program Files (x86)\SQL\100\Tools\Binn\;C:\Program Files\SQL\100\Tools\Binn\;C:\Program Files\SQL\100\DTS\Binn\;C:\Program Files (x86)\SQL\100\Tools\Binn\VSShell\Common7\IDE\;C:\Program Files (x86)\Microsoft Visual Studio 9.0\Common7\IDE\PrivateAssemblies\;C:\Program Files (x86)\SQL\100\DTS\Binn\;C:\Program Files (x86)\Java\jdk1.8.0_101\bin;C:\Program Files\Intel\WiFi\bin\;C:\Program Files\Common Files\Intel\WirelessCommon\;C:\Users\QuocToan\AppData\Local\Microsoft\WindowsApps;C:\Users\QuocToan\AppData\Roaming\npm
USERNAME=QuocToan
OS=Windows_NT
PROCESSOR_IDENTIFIER=Intel64 Family 6 Model 94 Stepping 3, GenuineIntel



---------------  S Y S T E M  ---------------

OS: Windows 10.0 , 64 bit Build 14393 (10.0.14393.0)

CPU:total 4 (4 cores per cpu, 1 threads per core) family 6 model 94 stepping 3, cmov, cx8, fxsr, mmx, sse, sse2, sse3, ssse3, sse4.1, sse4.2, popcnt, avx, avx2, aes, clmul, erms, rtm, 3dnowpref, lzcnt, tsc, tscinvbit, bmi1, bmi2, adx

Memory: 4k page, physical 8295296k(1368664k free), swap 8295296k(4124k free)

vm_info: OpenJDK 64-Bit Server VM (25.76-b03) for windows-amd64 JRE (1.8.0_76-release-b03), built on Jun 29 2016 19:09:20 by "ralucas" with MS VC++ 10.0 (VS2010)

time: Tue Nov 29 03:34:16 2016
elapsed time: 3 seconds (0d 0h 0m 3s)

