JvmtiExport can_access_local_variables 0
JvmtiExport can_hotswap_or_post_breakpoint 0
JvmtiExport can_post_on_exceptions 0
# 160 ciObject found
ciMethod java/lang/Object <init> ()V 4097 1 1774 0 -1
ciMethod java/lang/Object hashCode ()I 63497 1 132 0 -1
ciMethod java/lang/String hashCode ()I 2761 32769 719 0 -1
ciMethod java/security/AccessController doPrivileged (Ljava/security/PrivilegedExceptionAction;)Ljava/lang/Object; 129 1 16 0 -1
ciMethod java/util/Vector size ()I 231609 1 85 0 -1
ciMethod java/util/Vector elementAt (I)Ljava/lang/Object; 273 1 34 0 -1
ciMethod java/util/Vector removeElementAt (I)V 105 1 13 0 -1
ciMethod java/util/Stack pop ()Ljava/lang/Object; 105 1 13 0 -1
ciMethod java/util/Stack peek ()Ljava/lang/Object; 113 1 14 0 -1
ciMethod java/util/Stack empty ()Z 257 1 32 0 -1
ciMethod java/util/ArrayList ensureCapacityInternal (I)V 337 1 42 0 -1
ciMethod java/util/ArrayList ensureExplicitCapacity (I)V 337 1 42 0 -1
ciMethod java/util/ArrayList size ()I 1113 1 139 0 -1
ciMethod java/util/ArrayList add (Ljava/lang/Object;)Z 337 1 42 0 -1
ciMethod java/util/HashMap hash (Ljava/lang/Object;)I 2097 1 367 0 -1
ciMethod java/util/HashMap getNode (ILjava/lang/Object;)Ljava/util/HashMap$Node; 2049 1 271 0 -1
ciMethod java/util/HashMap containsKey (Ljava/lang/Object;)Z 97 1 12 0 -1
ciMethod java/lang/Math max (II)I 217 1 27 0 -1
ciMethodData java/lang/Object <init> ()V 2 1774 orig 264 8 30 133 118 0 0 0 0 128 4 70 20 0 0 0 0 32 1 0 0 0 0 0 0 0 0 0 0 0 0 0 0 0 0 0 0 0 0 0 0 0 0 0 0 0 0 0 0 0 0 0 0 0 0 0 0 0 0 0 0 0 0 0 0 0 0 0 0 0 0 0 0 0 0 0 0 0 0 0 0 77 68 79 32 101 120 116 114 97 32 100 97 116 97 32 108 111 99 107 0 0 0 0 0 0 0 0 0 0 0 0 0 0 0 0 0 0 0 0 0 0 0 0 0 0 0 0 0 0 0 0 0 0 0 0 0 0 0 0 0 0 0 0 0 0 0 0 0 0 0 0 0 0 0 0 0 0 0 0 0 0 0 0 0 0 0 0 0 0 0 0 0 0 0 0 0 0 0 0 0 0 0 0 0 0 0 0 0 0 0 0 0 0 0 0 0 0 0 0 0 0 0 0 0 0 0 0 0 0 0 0 0 0 0 0 0 0 2 0 0 113 39 0 0 1 0 0 0 0 0 0 0 0 0 0 0 2 0 0 0 0 0 3 0 1 0 0 0 0 0 0 0 255 255 255 255 0 0 0 0 0 0 0 0 data 0 oops 0
ciMethodData java/lang/String hashCode ()I 2 10351 orig 264 8 30 133 118 0 0 0 0 0 80 70 20 0 0 0 0 152 1 0 0 32 0 0 0 0 0 0 0 0 0 0 0 0 0 0 0 0 0 0 0 0 0 0 0 0 0 0 0 0 0 0 0 0 0 0 0 0 0 0 0 0 0 0 0 0 0 0 0 0 0 0 0 0 0 0 0 0 0 0 0 77 68 79 32 101 120 116 114 97 32 100 97 116 97 32 108 111 99 107 0 0 0 0 0 0 0 0 0 0 0 0 0 0 0 0 0 0 0 0 0 0 0 0 0 0 0 0 0 0 0 0 0 0 0 0 0 0 0 0 0 0 0 0 0 0 0 0 0 0 0 0 0 0 0 0 0 0 0 0 0 0 0 0 0 0 0 0 0 0 0 0 0 0 0 0 0 0 0 0 0 0 0 0 0 0 0 0 0 0 0 0 0 0 0 0 0 0 0 0 0 0 0 0 0 0 0 0 0 0 0 0 0 0 0 0 0 0 16 0 0 177 11 0 0 121 195 0 0 0 0 0 0 0 0 0 0 2 0 0 0 1 0 11 0 2 0 0 0 120 0 0 0 255 255 255 255 7 0 6 0 0 0 0 0 data 15 0x60007 0xa4 0x78 0xd2 0xe0007 0x1 0x58 0xd1 0x1e0007 0xd1 0x38 0x1867 0x2d0003 0x1867 0xffffffffffffffe0 oops 0
ciMethod sun/misc/URLClassPath validateLookupCache (ILjava/lang/String;)V 97 1 12 0 -1
ciMethod sun/misc/URLClassPath getLoader (I)Lsun/misc/URLClassPath$Loader; 2081 97 259 0 -1
ciMethod sun/misc/URLClassPath getLoader (Ljava/net/URL;)Lsun/misc/URLClassPath$Loader; 97 1 12 0 -1
ciMethod sun/misc/URLClassPath push ([Ljava/net/URL;)V 17 97 2 0 -1
ciMethod sun/net/util/URLUtil urlNoFragString (Ljava/net/URL;)Ljava/lang/String; 97 1 12 0 -1
ciMethod sun/misc/URLClassPath$3 <init> (Lsun/misc/URLClassPath;Ljava/net/URL;)V 97 1 12 0 -1
ciMethod sun/misc/URLClassPath$Loader getClassPath ()[Ljava/net/URL; 0 0 1 0 -1
ciMethodData java/util/HashMap hash (Ljava/lang/Object;)I 1 367 orig 264 8 30 133 118 0 0 0 0 120 115 84 20 0 0 0 0 176 1 0 0 32 0 0 0 0 0 0 0 0 0 0 0 0 0 0 0 0 0 0 0 0 0 0 0 0 0 0 0 0 0 0 0 0 0 0 0 0 0 0 0 0 0 0 0 0 0 0 0 0 0 0 0 0 0 0 0 0 0 0 0 77 68 79 32 101 120 116 114 97 32 100 97 116 97 32 108 111 99 107 0 0 0 0 0 0 0 0 0 0 0 0 0 0 0 0 0 0 0 0 0 0 0 0 0 0 0 0 0 0 0 0 0 0 0 0 0 0 0 0 0 0 0 0 0 0 0 0 0 0 0 0 0 0 0 0 0 0 0 0 0 0 0 0 0 0 0 0 0 0 0 0 0 0 0 0 0 0 0 0 0 0 0 0 0 0 0 0 0 0 0 0 0 0 0 0 0 0 0 0 0 0 0 0 0 0 0 0 0 0 0 0 0 0 0 0 0 6 1 0 0 73 3 0 0 1 0 0 0 0 0 0 0 0 0 0 0 2 0 0 0 0 0 6 0 2 0 0 0 104 0 0 0 255 255 255 255 7 0 1 0 0 0 0 0 data 13 0x10007 0x69 0x38 0x0 0x50003 0x0 0x48 0x90005 0x2f 0x14df0240 0xc 0x263a330 0x2e oops 2