#
# There is insufficient memory for the Java Runtime Environment to continue.
# Native memory allocation (malloc) failed to allocate 706416 bytes for Chunk::new
# Possible reasons:
#   The system is out of physical RAM or swap space
#   In 32 bit mode, the process size limit was hit
# Possible solutions:
#   Reduce memory load on the system
#   Increase physical memory or swap space
#   Check if swap backing store is full
#   Use 64 bit Java on a 64 bit OS
#   Decrease Java heap size (-Xmx/-Xms)
#   Decrease number of Java threads
#   Decrease Java thread stack sizes (-Xss)
#   Set larger code cache with -XX:ReservedCodeCacheSize=
# This output file may be truncated or incomplete.
#
#  Out of Memory Error (allocation.cpp:390), pid=11424, tid=0x0000000000002984
#
# JRE version: OpenJDK Runtime Environment (8.0_76-b03) (build 1.8.0_76-release-b03)
# Java VM: OpenJDK 64-Bit Server VM (25.76-b03 mixed mode windows-amd64 compressed oops)
# Failed to write core dump. Minidumps are not enabled by default on client versions of Windows
#

---------------  T H R E A D  ---------------

Current thread (0x00000000155ff000):  JavaThread "C2 CompilerThread1" daemon [_thread_in_native, id=10628, stack(0x0000000016d50000,0x0000000016e50000)]

Stack: [0x0000000016d50000,0x0000000016e50000]
[error occurred during error reporting (printing stack bounds), id 0xc0000005]

Native frames: (J=compiled Java code, j=interpreted, Vv=VM code, C=native code)


Current CompileTask:
C2:    807 1057   !   4       com.android.dx.cf.code.BytecodeArray::parseInstruction (2764 bytes)


---------------  P R O C E S S  ---------------

Java Threads: ( => current thread )
  0x0000000016f68800 JavaThread "Service Thread" daemon [_thread_blocked, id=12884, stack(0x0000000017350000,0x0000000017450000)]
  0x0000000015603000 JavaThread "C1 CompilerThread2" daemon [_thread_blocked, id=5252, stack(0x0000000016e50000,0x0000000016f50000)]
=>0x00000000155ff000 JavaThread "C2 CompilerThread1" daemon [_thread_in_native, id=10628, stack(0x0000000016d50000,0x0000000016e50000)]
  0x00000000155fc000 JavaThread "C2 CompilerThread0" daemon [_thread_in_native, id=2664, stack(0x0000000016c50000,0x0000000016d50000)]
  0x00000000155fa800 JavaThread "Attach Listener" daemon [_thread_blocked, id=8880, stack(0x0000000016b50000,0x0000000016c50000)]
  0x00000000155f9800 JavaThread "Signal Dispatcher" daemon [_thread_blocked, id=5936, stack(0x0000000016a50000,0x0000000016b50000)]
  0x00000000155e8800 JavaThread "Finalizer" daemon [_thread_blocked, id=4388, stack(0x0000000016860000,0x0000000016960000)]
  0x00000000155c7000 JavaThread "Reference Handler" daemon [_thread_blocked, id=6164, stack(0x0000000016760000,0x0000000016860000)]
  0x000000000118e000 JavaThread "main" [_thread_in_Java, id=3420, stack(0x0000000002ba0000,0x0000000002ca0000)]

Other Threads:
  0x00000000155c5000 VMThread [stack: 0x0000000016660000,0x0000000016760000] [id=9140]
  0x0000000015658800 WatcherThread [stack: 0x0000000017450000,0x0000000017550000] [id=3756]

VM state:not at safepoint (normal execution)

VM Mutex/Monitor currently owned by a thread: None

Heap:
 PSYoungGen      total 38400K, used 19942K [0x00000000eab00000, 0x00000000ed580000, 0x0000000100000000)
  eden space 33280K, 44% used [0x00000000eab00000,0x00000000eb97b0d0,0x00000000ecb80000)
  from space 5120K, 99% used [0x00000000ecb80000,0x00000000ed07eb10,0x00000000ed080000)
  to   space 5120K, 0% used [0x00000000ed080000,0x00000000ed080000,0x00000000ed580000)
 ParOldGen       total 87552K, used 6676K [0x00000000c0000000, 0x00000000c5580000, 0x00000000eab00000)
  object space 87552K, 7% used [0x00000000c0000000,0x00000000c0685078,0x00000000c5580000)
 Metaspace       used 5340K, capacity 6832K, committed 7040K, reserved 1056768K
  class space    used 521K, capacity 616K, committed 640K, reserved 1048576K

Card table byte_map: [0x00000000122f0000,0x0000000012500000] byte_map_base: 0x0000000011cf0000

Marking Bits: (ParMarkBitMap*) 0x0000000076a69d00
 Begin Bits: [0x0000000012a60000, 0x0000000013a60000)
 End Bits:   [0x0000000013a60000, 0x0000000014a60000)

Polling page: 0x0000000001160000

CodeCache: size=245760Kb used=4540Kb max_used=4540Kb free=241219Kb
 bounds [0x0000000002f30000, 0x00000000033b0000, 0x0000000011f30000]
 total_blobs=1371 nmethods=1114 adapters=171
 compilation: enabled

Compilation events (10 events):
Event: 0.723 Thread 0x0000000015603000 1095       3       com.android.dx.util.ListIntSet::add (26 bytes)
Event: 0.723 Thread 0x0000000015603000 nmethod 1095 0x00000000033800d0 code [0x0000000003380240, 0x0000000003380558]
Event: 0.725 Thread 0x0000000015603000 1098       3       com.android.dx.util.ListIntSet$1::hasNext (23 bytes)
Event: 0.725 Thread 0x0000000015603000 nmethod 1098 0x000000000337fc50 code [0x000000000337fdc0, 0x0000000003380010]
Event: 0.725 Thread 0x0000000015603000 1101       3       com.android.dx.util.ListIntSet$1::next (37 bytes)
Event: 0.725 Thread 0x0000000015603000 nmethod 1101 0x000000000337f4d0 code [0x000000000337f660, 0x000000000337fab8]
Event: 0.725 Thread 0x0000000015603000 1099       3       com.android.dx.util.ListIntSet::iterator (9 bytes)
Event: 0.725 Thread 0x0000000015603000 nmethod 1099 0x0000000003388a90 code [0x0000000003388c00, 0x0000000003388e70]
Event: 0.725 Thread 0x0000000015603000 1100       3       com.android.dx.util.ListIntSet$1::<init> (15 bytes)
Event: 0.726 Thread 0x0000000015603000 nmethod 1100 0x000000000337f110 code [0x000000000337f260, 0x000000000337f430]

GC Heap History (2 events):
Event: 0.698 GC heap before
{Heap before GC invocations=1 (full 0):
 PSYoungGen      total 38400K, used 33280K [0x00000000eab00000, 0x00000000ed580000, 0x0000000100000000)
  eden space 33280K, 100% used [0x00000000eab00000,0x00000000ecb80000,0x00000000ecb80000)
  from space 5120K, 0% used [0x00000000ed080000,0x00000000ed080000,0x00000000ed580000)
  to   space 5120K, 0% used [0x00000000ecb80000,0x00000000ecb80000,0x00000000ed080000)
 ParOldGen       total 87552K, used 0K [0x00000000c0000000, 0x00000000c5580000, 0x00000000eab00000)
  object space 87552K, 0% used [0x00000000c0000000,0x00000000c0000000,0x00000000c5580000)
 Metaspace       used 5312K, capacity 6768K, committed 7040K, reserved 1056768K
  class space    used 520K, capacity 616K, committed 640K, reserved 1048576K
Event: 0.706 GC heap after
Heap after GC invocations=1 (full 0):
 PSYoungGen      total 38400K, used 5114K [0x00000000eab00000, 0x00000000ed580000, 0x0000000100000000)
  eden space 33280K, 0% used [0x00000000eab00000,0x00000000eab00000,0x00000000ecb80000)
  from space 5120K, 99% used [0x00000000ecb80000,0x00000000ed07eb10,0x00000000ed080000)
  to   space 5120K, 0% used [0x00000000ed080000,0x00000000ed080000,0x00000000ed580000)
 ParOldGen       total 87552K, used 6676K [0x00000000c0000000, 0x00000000c5580000, 0x00000000eab00000)
  object space 87552K, 7% used [0x00000000c0000000,0x00000000c0685078,0x00000000c5580000)
 Metaspace       used 5312K, capacity 6768K, committed 7040K, reserved 1056768K
  class space    used 520K, capacity 616K, committed 640K, reserved 1048576K
}

Deoptimization events (10 events):
Event: 0.483 Thread 0x000000000118e000 Uncommon trap: reason=class_check action=maybe_recompile pc=0x00000000031c2ca8 method=com.android.dx.rop.type.Type.equals(Ljava/lang/Object;)Z @ 8
Event: 0.483 Thread 0x000000000118e000 Uncommon trap: reason=class_check action=maybe_recompile pc=0x00000000031c2ca8 method=com.android.dx.rop.type.Type.equals(Ljava/lang/Object;)Z @ 8
Event: 0.542 Thread 0x000000000118e000 Uncommon trap: reason=unstable_if action=reinterpret pc=0x000000000327aa78 method=com.android.dx.cf.code.Ropper.labelToResultIndex(I)I @ 34
Event: 0.554 Thread 0x000000000118e000 Uncommon trap: reason=unstable_if action=reinterpret pc=0x000000000314ae74 method=java.util.BitSet.ensureCapacity(I)V @ 6
Event: 0.556 Thread 0x000000000118e000 Uncommon trap: reason=unstable_if action=reinterpret pc=0x00000000032879bc method=com.android.dx.ssa.SsaRenamer$BlockRenamer.addMapping(ILcom/android/dx/rop/code/RegisterSpec;)V @ 120
Event: 0.557 Thread 0x000000000118e000 Uncommon trap: reason=null_check action=make_not_entrant pc=0x0000000003227c28 method=com.android.dx.ssa.SsaRenamer.getLocalForNewReg(I)Lcom/android/dx/rop/code/LocalItem; @ 19
Event: 0.584 Thread 0x000000000118e000 Uncommon trap: reason=class_check action=maybe_recompile pc=0x0000000003140eb0 method=com.android.dx.ssa.NormalSsaInsn.accept(Lcom/android/dx/ssa/SsaInsn$Visitor;)V @ 9
Event: 0.584 Thread 0x000000000118e000 Uncommon trap: reason=class_check action=maybe_recompile pc=0x0000000003140eb0 method=com.android.dx.ssa.NormalSsaInsn.accept(Lcom/android/dx/ssa/SsaInsn$Visitor;)V @ 9
Event: 0.584 Thread 0x000000000118e000 Uncommon trap: reason=class_check action=maybe_recompile pc=0x0000000003140eb0 method=com.android.dx.ssa.NormalSsaInsn.accept(Lcom/android/dx/ssa/SsaInsn$Visitor;)V @ 9
Event: 0.584 Thread 0x000000000118e000 Uncommon trap: reason=class_check action=maybe_recompile pc=0x0000000003140eb0 method=com.android.dx.ssa.NormalSsaInsn.accept(Lcom/android/dx/ssa/SsaInsn$Visitor;)V @ 9

Internal exceptions (3 events):
Event: 0.033 Thread 0x000000000118e000 Exception <a 'java/lang/NoSuchMethodError': Method sun.misc.Unsafe.defineClass(Ljava/lang/String;[BII)Ljava/lang/Class; name or signature does not match> (0x00000000eab07cc0) thrown at [C:\src\android\AOSP-openjdk\external\jetbrains\jdk\hotspot\src\share\vπ‘°iËﬁ†?
Event: 0.033 Thread 0x000000000118e000 Exception <a 'java/lang/NoSuchMethodError': Method sun.misc.Unsafe.prefetchRead(Ljava/lang/Object;J)V name or signature does not match> (0x00000000eab07fa8) thrown at [C:\src\android\AOSP-openjdk\external\jetbrains\jdk\hotspot\src\share\vm\prims\jni.cpp, l>Ì¥o:œ·?
Event: 0.557 Thread 0x000000000118e000 Implicit null exception at 0x0000000003225868 to 0x0000000003227be1

Events (10 events):
Event: 0.698 Executing VM operation: ParallelGCFailedAllocation
Event: 0.706 Executing VM operation: ParallelGCFailedAllocation done
Event: 0.707 Thread 0x000000000118e000 DEOPT PACKING pc=0x00000000031cfd8c sp=0x0000000002c9dfd0
Event: 0.707 Thread 0x000000000118e000 DEOPT UNPACKING pc=0x0000000002f775bf sp=0x0000000002c9dcf8 mode 0
Event: 0.720 loading class com/android/dx/util/ListIntSet
Event: 0.720 loading class com/android/dx/util/ListIntSet done
Event: 0.720 Executing VM operation: Deoptimize
Event: 0.721 Executing VM operation: Deoptimize done
Event: 0.725 loading class com/android/dx/util/ListIntSet$1
Event: 0.725 loading class com/android/dx/util/ListIntSet$1 done


Dynamic libraries:
0x00007ff7998d0000 - 0x00007ff799901000 	D:\AndroidStudio\androidStudio\jre\bin\java.exe
0x00007ff8765d0000 - 0x00007ff8767a1000 	C:\WINDOWS\SYSTEM32\ntdll.dll
0x00007ff875bb0000 - 0x00007ff875c5b000 	C:\WINDOWS\System32\KERNEL32.DLL
0x00007ff872ac0000 - 0x00007ff872cdd000 	C:\WINDOWS\System32\KERNELBASE.dll
0x00007ff8760f0000 - 0x00007ff876192000 	C:\WINDOWS\System32\ADVAPI32.dll
0x00007ff876050000 - 0x00007ff8760ee000 	C:\WINDOWS\System32\msvcrt.dll
0x00007ff874460000 - 0x00007ff8744b9000 	C:\WINDOWS\System32\sechost.dll
0x00007ff875f20000 - 0x00007ff876041000 	C:\WINDOWS\System32\RPCRT4.dll
0x00007ff873e10000 - 0x00007ff873f75000 	C:\WINDOWS\System32\USER32.dll
0x00007ff8738e0000 - 0x00007ff8738fe000 	C:\WINDOWS\System32\win32u.dll
0x00007ff873d00000 - 0x00007ff873d34000 	C:\WINDOWS\System32\GDI32.dll
0x00007ff8739d0000 - 0x00007ff873b52000 	C:\WINDOWS\System32\gdi32full.dll
0x00007ff86b370000 - 0x00007ff86b5e9000 	C:\WINDOWS\WinSxS\amd64_microsoft.windows.common-controls_6595b64144ccf1df_6.0.14393.447_none_42191651c6827bb3\COMCTL32.dll
0x00007ff874190000 - 0x00007ff874457000 	C:\WINDOWS\System32\combase.dll
0x00007ff872eb0000 - 0x00007ff872fa5000 	C:\WINDOWS\System32\ucrtbase.dll
0x00007ff873960000 - 0x00007ff8739ca000 	C:\WINDOWS\System32\bcryptPrimitives.dll
0x00007ff875c60000 - 0x00007ff875c8e000 	C:\WINDOWS\System32\IMM32.DLL
0x00000000761b0000 - 0x0000000076282000 	D:\AndroidStudio\androidStudio\jre\jre\bin\msvcr100.dll
0x00000000762b0000 - 0x0000000076ae4000 	D:\AndroidStudio\androidStudio\jre\jre\bin\server\jvm.dll
0x00007ff8744d0000 - 0x00007ff8744d8000 	C:\WINDOWS\System32\PSAPI.DLL
0x00007ff8515a0000 - 0x00007ff8515a9000 	C:\WINDOWS\SYSTEM32\WSOCK32.dll
0x00007ff873d40000 - 0x00007ff873daa000 	C:\WINDOWS\System32\WS2_32.dll
0x00007ff870f40000 - 0x00007ff870f63000 	C:\WINDOWS\SYSTEM32\WINMM.dll
0x00007ff86c2d0000 - 0x00007ff86c2da000 	C:\WINDOWS\SYSTEM32\VERSION.dll
0x00007ff870ee0000 - 0x00007ff870f0b000 	C:\WINDOWS\SYSTEM32\WINMMBASE.dll
0x00007ff872fb0000 - 0x00007ff872ff2000 	C:\WINDOWS\System32\cfgmgr32.dll
0x00007ff8703a0000 - 0x00007ff8703af000 	D:\AndroidStudio\androidStudio\jre\jre\bin\verify.dll
0x00007ff867350000 - 0x00007ff867379000 	D:\AndroidStudio\androidStudio\jre\jre\bin\java.dll
0x00007ff867310000 - 0x00007ff867326000 	D:\AndroidStudio\androidStudio\jre\jre\bin\zip.dll
0x00007ff874640000 - 0x00007ff875b49000 	C:\WINDOWS\System32\SHELL32.dll
0x00007ff8730b0000 - 0x00007ff87378a000 	C:\WINDOWS\System32\windows.storage.dll
0x00007ff872a30000 - 0x00007ff872a7c000 	C:\WINDOWS\System32\powrprof.dll
0x00007ff874130000 - 0x00007ff874182000 	C:\WINDOWS\System32\shlwapi.dll
0x00007ff872a80000 - 0x00007ff872a8f000 	C:\WINDOWS\System32\kernel.appcore.dll
0x00007ff873790000 - 0x00007ff873839000 	C:\WINDOWS\System32\shcore.dll
0x00007ff872aa0000 - 0x00007ff872ab4000 	C:\WINDOWS\System32\profapi.dll

VM Arguments:
jvm_args: -Djava.awt.headless=true -Xmx1024M -Dfile.encoding=windows-1252 -Duser.country=US -Duser.language=en -Duser.variant 
java_command: com.android.dx.command.Main --dex --force-jumbo --multi-dex --output C:\Development\Android\vuforia-sdk-android-6-0-117\samples\VuforiaSamples-6-0-112 -Full - Split Render\app\build\intermediates\transforms\dex\debug\folders\1000\5\slice_9 C:\Development\Android\vuforia-sdk-android-6-0-117\samples\VuforiaSamples-6-0-112 -Full - Split Render\app\build\intermediates\transforms\instantRunSlicer\debug\folders\1\5\slice_9
java_class_path (initial): D:\AndroidStudio\SDK_\build-tools\22.0.1\lib\dx.jar
Launcher Type: SUN_STANDARD

Environment Variables:
JAVA_HOME=C:\Program Files (x86)\Java\jdk1.8.0_101
PATH=C:\ProgramData\Oracle\Java\javapath;C:\Program Files (x86)\Intel\iCLS Client\;C:\Program Files\Intel\iCLS Client\;C:\Program Files (x86)\PC Connectivity Solution\;C:\Windows\system32;C:\Windows;C:\Windows\System32\Wbem;C:\Windows\System32\WindowsPowerShell\v1.0\;C:\Program Files (x86)\GtkSharp\2.12\bin;C:\Program Files (x86)\Intel\Intel(R) Management Engine Components\DAL;C:\Program Files\Intel\Intel(R) Management Engine Components\DAL;C:\Program Files (x86)\Intel\Intel(R) Management Engine Components\IPT;C:\Program Files\Intel\Intel(R) Management Engine Components\IPT;C:\Program Files (x86)\NVIDIA Corporation\PhysX\Common;C:\WINDOWS\system32;C:\WINDOWS;C:\WINDOWS\System32\Wbem;C:\WINDOWS\System32\WindowsPowerShell\v1.0\;G:\App_Using\windowKit\Windows Performance Toolkit\;C:\Program Files (x86)\Skype\Phone\;C:\Users\QuocToan\.dnx\bin;C:\Program Files\Microsoft DNX\Dnvm\;C:\Program Files\Microsoft SQL Server\120\Tools\Binn\;C:\Program Files\Microsoft SQL Server\130\Tools\Binn\;C:\Program Files (x86)\nodejs\;C:\Program Files\Git\cm;C:\Program Files (x86)\SQL\100\Tools\Binn\;C:\Program Files\SQL\100\Tools\Binn\;C:\Program Files\SQL\100\DTS\Binn\;C:\Program Files (x86)\SQL\100\Tools\Binn\VSShell\Common7\IDE\;C:\Program Files (x86)\Microsoft Visual Studio 9.0\Common7\IDE\PrivateAssemblies\;C:\Program Files (x86)\SQL\100\DTS\Binn\;C:\Program Files\Intel\WiFi\bin\;C:\Program Files\Common Files\Intel\WirelessCommon\;C:\Program Files (x86)\Java\jdk1.8.0_101\bin;C:\Program Files\Intel\WiFi\bin\;C:\Program Files\Common Files\Intel\WirelessCommon\;C:\Users\QuocToan\AppData\Local\Microsoft\WindowsApps;C:\Users\QuocToan\AppData\Roaming\npm
USERNAME=QuocToan
OS=Windows_NT
PROCESSOR_IDENTIFIER=Intel64 Family 6 Model 94 Stepping 3, GenuineIntel



---------------  S Y S T E M  ---------------

OS: Windows 10.0 , 64 bit Build 14393 (10.0.14393.0)

CPU:total 4 (4 cores per cpu, 1 threads per core) family 6 model 94 stepping 3, cmov, cx8, fxsr, mmx, sse, sse2, sse3, ssse3, sse4.1, sse4.2, popcnt, avx, avx2, aes, clmul, erms, rtm, 3dnowpref, lzcnt, tsc, tscinvbit, bmi1, bmi2, adx

Memory: 4k page, physical 8298364k(1147372k free), swap 8298364k(6512k free)

vm_info: OpenJDK 64-Bit Server VM (25.76-b03) for windows-amd64 JRE (1.8.0_76-release-b03), built on Jun 29 2016 19:09:20 by "ralucas" with MS VC++ 10.0 (VS2010)

time: Sat Nov 26 06:22:22 2016
elapsed time: 0 seconds (0d 0h 0m 0s)

