#
# There is insufficient memory for the Java Runtime Environment to continue.
# Native memory allocation (malloc) failed to allocate 32744 bytes for ChunkPool::allocate
# Possible reasons:
#   The system is out of physical RAM or swap space
#   In 32 bit mode, the process size limit was hit
# Possible solutions:
#   Reduce memory load on the system
#   Increase physical memory or swap space
#   Check if swap backing store is full
#   Use 64 bit Java on a 64 bit OS
#   Decrease Java heap size (-Xmx/-Xms)
#   Decrease number of Java threads
#   Decrease Java thread stack sizes (-Xss)
#   Set larger code cache with -XX:ReservedCodeCacheSize=
# This output file may be truncated or incomplete.
#
#  Out of Memory Error (allocation.cpp:273), pid=8864, tid=0x0000000000000e14
#
# JRE version: OpenJDK Runtime Environment (8.0_76-b03) (build 1.8.0_76-release-b03)
# Java VM: OpenJDK 64-Bit Server VM (25.76-b03 mixed mode windows-amd64 compressed oops)
# Failed to write core dump. Minidumps are not enabled by default on client versions of Windows
#

---------------  T H R E A D  ---------------

Current thread (0x00000000157fb800):  JavaThread "C1 CompilerThread2" daemon [_thread_in_native, id=3604, stack(0x00000000172f0000,0x00000000173f0000)]

Stack: [0x00000000172f0000,0x00000000173f0000]
[error occurred during error reporting (printing stack bounds), id 0xc0000005]

Native frames: (J=compiled Java code, j=interpreted, Vv=VM code, C=native code)


Current CompileTask:
C1:    657  286   !   3       java.net.URL::<init> (543 bytes)


---------------  P R O C E S S  ---------------

Java Threads: ( => current thread )
  0x0000000016efe800 JavaThread "Service Thread" daemon [_thread_blocked, id=2980, stack(0x00000000173f0000,0x00000000174f0000)]
=>0x00000000157fb800 JavaThread "C1 CompilerThread2" daemon [_thread_in_native, id=3604, stack(0x00000000172f0000,0x00000000173f0000)]
  0x00000000157f8800 JavaThread "C2 CompilerThread1" daemon [_thread_blocked, id=8384, stack(0x0000000016df0000,0x0000000016ef0000)]
  0x000000001579b800 JavaThread "C2 CompilerThread0" daemon [_thread_blocked, id=216, stack(0x0000000016cf0000,0x0000000016df0000)]
  0x000000001579a800 JavaThread "Attach Listener" daemon [_thread_blocked, id=9880, stack(0x0000000016bf0000,0x0000000016cf0000)]
  0x0000000015799000 JavaThread "Signal Dispatcher" daemon [_thread_blocked, id=5000, stack(0x0000000016af0000,0x0000000016bf0000)]
  0x0000000015788000 JavaThread "Finalizer" daemon [_thread_blocked, id=304, stack(0x00000000169f0000,0x0000000016af0000)]
  0x0000000015767000 JavaThread "Reference Handler" daemon [_thread_blocked, id=2664, stack(0x00000000168f0000,0x00000000169f0000)]
  0x0000000002fce000 JavaThread "main" [_thread_blocked, id=7556, stack(0x0000000002dd0000,0x0000000002ed0000)]

Other Threads:
  0x0000000015765000 VMThread [stack: 0x00000000167f0000,0x00000000168f0000] [id=8212]
  0x0000000016ef3800 WatcherThread [stack: 0x00000000174f0000,0x00000000175f0000] [id=3928]

VM state:at safepoint (normal execution)

VM Mutex/Monitor currently owned by a thread:  ([mutex/lock_event])
[0x0000000002fcd840] Threads_lock - owner thread: 0x0000000015765000
[0x0000000002fcdc40] Heap_lock - owner thread: 0x0000000002fce000

Heap:
 PSYoungGen      total 38400K, used 1892K [0x00000000eab00000, 0x00000000ed580000, 0x0000000100000000)
  eden space 33280K, 0% used [0x00000000eab00000,0x00000000eab00000,0x00000000ecb80000)
  from space 5120K, 36% used [0x00000000ecb80000,0x00000000ecd59030,0x00000000ed080000)
  to   space 5120K, 0% used [0x00000000ed080000,0x00000000ed080000,0x00000000ed580000)
 ParOldGen       total 87552K, used 8K [0x00000000c0000000, 0x00000000c5580000, 0x00000000eab00000)
  object space 87552K, 0% used [0x00000000c0000000,0x00000000c0002000,0x00000000c5580000)
 Metaspace       used 4342K, capacity 5872K, committed 6016K, reserved 1060864K
  class space    used 468K, capacity 552K, committed 640K, reserved 1048576K

Card table byte_map: [0x0000000012490000,0x00000000126a0000] byte_map_base: 0x0000000011e90000

Marking Bits: (ParMarkBitMap*) 0x000000006dba9d00
 Begin Bits: [0x0000000012c00000, 0x0000000013c00000)
 End Bits:   [0x0000000013c00000, 0x0000000014c00000)

Polling page: 0x0000000001620000

CodeCache: size=245760Kb used=1577Kb max_used=1577Kb free=244182Kb
 bounds [0x00000000030d0000, 0x0000000003340000, 0x00000000120d0000]
 total_blobs=535 nmethods=283 adapters=166
 compilation: enabled

Compilation events (10 events):
Event: 0.640 Thread 0x00000000157fb800 nmethod 280 0x0000000003259590 code [0x0000000003259700, 0x0000000003259868]
Event: 0.640 Thread 0x00000000157fb800  281       3       java.util.Collections$UnmodifiableCollection$1::hasNext (10 bytes)
Event: 0.641 Thread 0x00000000157fb800 nmethod 281 0x0000000003259910 code [0x0000000003259a80, 0x0000000003259ca8]
Event: 0.641 Thread 0x00000000157fb800  282       1       java.lang.Enum::ordinal (5 bytes)
Event: 0.641 Thread 0x00000000157fb800 nmethod 282 0x0000000003259d50 code [0x0000000003259ea0, 0x0000000003259fb0]
Event: 0.642 Thread 0x00000000157fb800  283       3       java.lang.ClassNotFoundException::<init> (7 bytes)
Event: 0.642 Thread 0x00000000157fb800 nmethod 283 0x000000000325a210 code [0x000000000325a380, 0x000000000325a5c8]
Event: 0.642 Thread 0x00000000157fb800  284       3       java.lang.ReflectiveOperationException::<init> (7 bytes)
Event: 0.642 Thread 0x00000000157fb800 nmethod 284 0x000000000325a6d0 code [0x000000000325a840, 0x000000000325aa28]
Event: 0.643 Thread 0x00000000157fb800  286   !   3       java.net.URL::<init> (543 bytes)

GC Heap History (0 events):
No events

Deoptimization events (1 events):
Event: 0.382 Thread 0x0000000002fce000 Uncommon trap: reason=unstable_if action=reinterpret pc=0x0000000003210394 method=java.lang.String.indexOf(II)I @ 49

Internal exceptions (2 events):
Event: 0.079 Thread 0x0000000002fce000 Exception <a 'java/lang/NoSuchMethodError': Method sun.misc.Unsafe.defineClass(Ljava/lang/String;[BII)Ljava/lang/Class; name or signature does not match> (0x00000000eab07cc0) thrown at [C:\src\android\AOSP-openjdk\external\jetbrains\jdk\hotspot\src\share\vs>Æ‹<´?
Event: 0.079 Thread 0x0000000002fce000 Exception <a 'java/lang/NoSuchMethodError': Method sun.misc.Unsafe.prefetchRead(Ljava/lang/Object;J)V name or signature does not match> (0x00000000eab07fa8) thrown at [C:\src\android\AOSP-openjdk\external\jetbrains\jdk\hotspot\src\share\vm\prims\jni.cpp, l

Events (10 events):
Event: 0.640 loading class com/android/dx/ssa/back/LivenessAnalyzer$1
Event: 0.640 loading class com/android/dx/ssa/back/LivenessAnalyzer$1 done
Event: 0.640 loading class java/lang/NoSuchFieldError
Event: 0.640 loading class java/lang/NoSuchFieldError done
Event: 0.641 loading class java/util/ArrayList$SubList
Event: 0.641 loading class java/util/ArrayList$SubList done
Event: 0.642 loading class com/android/dx/ssa/InterferenceRegisterMapper
Event: 0.642 loading class com/android/dx/ssa/InterferenceRegisterMapper done
Event: 0.644 loading class com/android/dx/ssa/back/FirstFitLocalCombiningAllocator$1
Event: 0.644 loading class com/android/dx/ssa/back/FirstFitLocalCombiningAllocator$1 done


Dynamic libraries:
0x00007ff752c70000 - 0x00007ff752ca1000 	D:\AndroidStudio\androidStudio\jre\bin\java.exe
0x00007ffd97050000 - 0x00007ffd97221000 	C:\WINDOWS\SYSTEM32\ntdll.dll
0x00007ffd94600000 - 0x00007ffd946ab000 	C:\WINDOWS\System32\KERNEL32.DLL
0x00007ffd93bf0000 - 0x00007ffd93e0d000 	C:\WINDOWS\System32\KERNELBASE.dll
0x00007ffd957b0000 - 0x00007ffd95852000 	C:\WINDOWS\System32\ADVAPI32.dll
0x00007ffd95860000 - 0x00007ffd958fe000 	C:\WINDOWS\System32\msvcrt.dll
0x00007ffd95290000 - 0x00007ffd952e9000 	C:\WINDOWS\System32\sechost.dll
0x00007ffd95940000 - 0x00007ffd95a61000 	C:\WINDOWS\System32\RPCRT4.dll
0x00007ffd94a10000 - 0x00007ffd94b75000 	C:\WINDOWS\System32\USER32.dll
0x00007ffd93a40000 - 0x00007ffd93a5e000 	C:\WINDOWS\System32\win32u.dll
0x00007ffd947b0000 - 0x00007ffd947e4000 	C:\WINDOWS\System32\GDI32.dll
0x00007ffd93a60000 - 0x00007ffd93be2000 	C:\WINDOWS\System32\gdi32full.dll
0x00007ffd8ea20000 - 0x00007ffd8ec99000 	C:\WINDOWS\WinSxS\amd64_microsoft.windows.common-controls_6595b64144ccf1df_6.0.14393.0_none_2d0f50fcbdb171b8\COMCTL32.dll
0x00007ffd94e80000 - 0x00007ffd95147000 	C:\WINDOWS\System32\combase.dll
0x00007ffd93660000 - 0x00007ffd93755000 	C:\WINDOWS\System32\ucrtbase.dll
0x00007ffd93540000 - 0x00007ffd935aa000 	C:\WINDOWS\System32\bcryptPrimitives.dll
0x00007ffd95910000 - 0x00007ffd9593e000 	C:\WINDOWS\System32\IMM32.DLL
0x000000006d310000 - 0x000000006d3e2000 	D:\AndroidStudio\androidStudio\jre\jre\bin\msvcr100.dll
0x000000006d3f0000 - 0x000000006dc24000 	D:\AndroidStudio\androidStudio\jre\jre\bin\server\jvm.dll
0x00007ffd945f0000 - 0x00007ffd945f8000 	C:\WINDOWS\System32\PSAPI.DLL
0x00007ffd85390000 - 0x00007ffd85399000 	C:\WINDOWS\SYSTEM32\WSOCK32.dll
0x00007ffd952f0000 - 0x00007ffd9535a000 	C:\WINDOWS\System32\WS2_32.dll
0x00007ffd91870000 - 0x00007ffd91893000 	C:\WINDOWS\SYSTEM32\WINMM.dll
0x00007ffd8f8c0000 - 0x00007ffd8f8ca000 	C:\WINDOWS\SYSTEM32\VERSION.dll
0x00007ffd91810000 - 0x00007ffd9183b000 	C:\WINDOWS\SYSTEM32\WINMMBASE.dll
0x00007ffd94590000 - 0x00007ffd945d2000 	C:\WINDOWS\System32\cfgmgr32.dll
0x00007ffd8ee90000 - 0x00007ffd8ee9f000 	D:\AndroidStudio\androidStudio\jre\jre\bin\verify.dll
0x00007ffd88620000 - 0x00007ffd88649000 	D:\AndroidStudio\androidStudio\jre\jre\bin\java.dll
0x00007ffd8ea00000 - 0x00007ffd8ea16000 	D:\AndroidStudio\androidStudio\jre\jre\bin\zip.dll
0x00007ffd95ad0000 - 0x00007ffd96fd8000 	C:\WINDOWS\System32\SHELL32.dll
0x00007ffd93e10000 - 0x00007ffd944ea000 	C:\WINDOWS\System32\windows.storage.dll
0x00007ffd934d0000 - 0x00007ffd9351c000 	C:\WINDOWS\System32\powrprof.dll
0x00007ffd94d20000 - 0x00007ffd94d72000 	C:\WINDOWS\System32\shlwapi.dll
0x00007ffd934c0000 - 0x00007ffd934cf000 	C:\WINDOWS\System32\kernel.appcore.dll
0x00007ffd935b0000 - 0x00007ffd93659000 	C:\WINDOWS\System32\shcore.dll
0x00007ffd93520000 - 0x00007ffd93534000 	C:\WINDOWS\System32\profapi.dll

VM Arguments:
jvm_args: -Djava.awt.headless=true -Xmx1024M -Dfile.encoding=windows-1252 -Duser.country=US -Duser.language=en -Duser.variant 
java_command: com.android.dx.command.Main --dex --force-jumbo --multi-dex --output C:\Development\Android\vuforia-sdk-android-6-0-117\samples\VuforiaSamples-6-0-112 -Full\app\build\intermediates\transforms\dex\debug\folders\1000\5\slice_8 C:\Development\Android\vuforia-sdk-android-6-0-117\samples\VuforiaSamples-6-0-112 -Full\app\build\intermediates\transforms\instantRunSlicer\debug\folders\1\5\slice_8
java_class_path (initial): D:\AndroidStudio\SDK_\build-tools\22.0.1\lib\dx.jar
Launcher Type: SUN_STANDARD

Environment Variables:
JAVA_HOME=C:\Program Files (x86)\Java\jdk1.8.0_101
PATH=C:\ProgramData\Oracle\Java\javapath;C:\Program Files (x86)\Intel\iCLS Client\;C:\Program Files\Intel\iCLS Client\;C:\Program Files (x86)\PC Connectivity Solution\;C:\Windows\system32;C:\Windows;C:\Windows\System32\Wbem;C:\Windows\System32\WindowsPowerShell\v1.0\;C:\Program Files (x86)\GtkSharp\2.12\bin;C:\Program Files (x86)\Intel\Intel(R) Management Engine Components\DAL;C:\Program Files\Intel\Intel(R) Management Engine Components\DAL;C:\Program Files (x86)\Intel\Intel(R) Management Engine Components\IPT;C:\Program Files\Intel\Intel(R) Management Engine Components\IPT;C:\Program Files (x86)\NVIDIA Corporation\PhysX\Common;C:\WINDOWS\system32;C:\WINDOWS;C:\WINDOWS\System32\Wbem;C:\WINDOWS\System32\WindowsPowerShell\v1.0\;G:\App_Using\windowKit\Windows Performance Toolkit\;C:\Program Files\Intel\WiFi\bin\;C:\Program Files\Common Files\Intel\WirelessCommon\;C:\Program Files (x86)\Skype\Phone\;C:\WINDOWS\system32\config\systemprofile\.dnx\bin;C:\Program Files\Microsoft DNX\Dnvm\;C:\Program Files\Microsoft SQL Server\120\Tools\Binn\;C:\Program Files\Microsoft SQL Server\130\Tools\Binn\;C:\Program Files (x86)\nodejs\;C:\Program Files\Git\cm;C:\Program Files (x86)\SQL\100\Tools\Binn\;C:\Program Files\SQL\100\Tools\Binn\;C:\Program Files\SQL\100\DTS\Binn\;C:\Program Files (x86)\SQL\100\Tools\Binn\VSShell\Common7\IDE\;C:\Program Files (x86)\Microsoft Visual Studio 9.0\Common7\IDE\PrivateAssemblies\;C:\Program Files (x86)\SQL\100\DTS\Binn\;C:\Program Files (x86)\Java\jdk1.8.0_101\bin;C:\Program Files\Intel\WiFi\bin\;C:\Program Files\Common Files\Intel\WirelessCommon\;C:\Users\QuocToan\AppData\Local\Microsoft\WindowsApps;C:\Users\QuocToan\AppData\Roaming\npm
USERNAME=QuocToan
OS=Windows_NT
PROCESSOR_IDENTIFIER=Intel64 Family 6 Model 94 Stepping 3, GenuineIntel



---------------  S Y S T E M  ---------------

OS: Windows 10.0 , 64 bit Build 14393 (10.0.14393.0)

CPU:total 4 (4 cores per cpu, 1 threads per core) family 6 model 94 stepping 3, cmov, cx8, fxsr, mmx, sse, sse2, sse3, ssse3, sse4.1, sse4.2, popcnt, avx, avx2, aes, clmul, erms, rtm, 3dnowpref, lzcnt, tsc, tscinvbit, bmi1, bmi2, adx

Memory: 4k page, physical 8298364k(1309136k free), swap 8298364k(220664k free)

vm_info: OpenJDK 64-Bit Server VM (25.76-b03) for windows-amd64 JRE (1.8.0_76-release-b03), built on Jun 29 2016 19:09:20 by "ralucas" with MS VC++ 10.0 (VS2010)

time: Mon Oct 24 20:34:36 2016
elapsed time: 0 seconds (0d 0h 0m 0s)

