#
# There is insufficient memory for the Java Runtime Environment to continue.
# Native memory allocation (malloc) failed to allocate 32744 bytes for ChunkPool::allocate
# Possible reasons:
#   The system is out of physical RAM or swap space
#   In 32 bit mode, the process size limit was hit
# Possible solutions:
#   Reduce memory load on the system
#   Increase physical memory or swap space
#   Check if swap backing store is full
#   Use 64 bit Java on a 64 bit OS
#   Decrease Java heap size (-Xmx/-Xms)
#   Decrease number of Java threads
#   Decrease Java thread stack sizes (-Xss)
#   Set larger code cache with -XX:ReservedCodeCacheSize=
# This output file may be truncated or incomplete.
#
#  Out of Memory Error (allocation.cpp:273), pid=6080, tid=0x00000000000032b0
#
# JRE version: OpenJDK Runtime Environment (8.0_76-b03) (build 1.8.0_76-release-b03)
# Java VM: OpenJDK 64-Bit Server VM (25.76-b03 mixed mode windows-amd64 compressed oops)
# Failed to write core dump. Minidumps are not enabled by default on client versions of Windows
#

---------------  T H R E A D  ---------------

Current thread (0x0000000014e5c800):  JavaThread "C1 CompilerThread2" daemon [_thread_in_native, id=12976, stack(0x0000000016a40000,0x0000000016b40000)]

Stack: [0x0000000016a40000,0x0000000016b40000]
[error occurred during error reporting (printing stack bounds), id 0xc0000005]

Native frames: (J=compiled Java code, j=interpreted, Vv=VM code, C=native code)


Current CompileTask:
C1:   1080   45  s!   3       sun.misc.URLClassPath::getLoader (197 bytes)


---------------  P R O C E S S  ---------------

Java Threads: ( => current thread )
  0x0000000016645800 JavaThread "Service Thread" daemon [_thread_blocked, id=4696, stack(0x0000000016b40000,0x0000000016c40000)]
=>0x0000000014e5c800 JavaThread "C1 CompilerThread2" daemon [_thread_in_native, id=12976, stack(0x0000000016a40000,0x0000000016b40000)]
  0x0000000014e00000 JavaThread "C2 CompilerThread1" daemon [_thread_blocked, id=5456, stack(0x0000000016540000,0x0000000016640000)]
  0x0000000014dfd000 JavaThread "C2 CompilerThread0" daemon [_thread_in_vm, id=13080, stack(0x0000000016440000,0x0000000016540000)]
  0x0000000014dfb800 JavaThread "Attach Listener" daemon [_thread_blocked, id=11480, stack(0x0000000016340000,0x0000000016440000)]
  0x000000000272e000 JavaThread "Signal Dispatcher" daemon [_thread_blocked, id=12956, stack(0x0000000016240000,0x0000000016340000)]
  0x0000000014de8000 JavaThread "Finalizer" daemon [_thread_blocked, id=1100, stack(0x0000000016050000,0x0000000016150000)]
  0x0000000014dc7000 JavaThread "Reference Handler" daemon [_thread_blocked, id=6068, stack(0x0000000015f50000,0x0000000016050000)]
  0x00000000025ae000 JavaThread "main" [_thread_blocked, id=8724, stack(0x0000000002450000,0x0000000002550000)]

Other Threads:
  0x0000000014dc5000 VMThread [stack: 0x0000000015e50000,0x0000000015f50000] [id=788]
  0x0000000016646000 WatcherThread [stack: 0x0000000016c40000,0x0000000016d40000] [id=5224]

VM state:synchronizing (normal execution)

VM Mutex/Monitor currently owned by a thread:  ([mutex/lock_event])
[0x00000000025ada30] Threads_lock - owner thread: 0x0000000014dc5000
[0x00000000025ad530] Heap_lock - owner thread: 0x00000000025ae000

Heap:
 PSYoungGen      total 38400K, used 33280K [0x00000000eab00000, 0x00000000ed580000, 0x0000000100000000)
  eden space 33280K, 100% used [0x00000000eab00000,0x00000000ecb80000,0x00000000ecb80000)
  from space 5120K, 0% used [0x00000000ed080000,0x00000000ed080000,0x00000000ed580000)
  to   space 5120K, 0% used [0x00000000ecb80000,0x00000000ecb80000,0x00000000ed080000)
 ParOldGen       total 87552K, used 0K [0x00000000c0000000, 0x00000000c5580000, 0x00000000eab00000)
  object space 87552K, 0% used [0x00000000c0000000,0x00000000c0000000,0x00000000c5580000)
 Metaspace       used 5124K, capacity 6704K, committed 6784K, reserved 1056768K
  class space    used 519K, capacity 616K, committed 640K, reserved 1048576K

Card table byte_map: [0x0000000011af0000,0x0000000011d00000] byte_map_base: 0x00000000114f0000

Marking Bits: (ParMarkBitMap*) 0x0000000076a69d00
 Begin Bits: [0x0000000012260000, 0x0000000013260000)
 End Bits:   [0x0000000013260000, 0x0000000014260000)

Polling page: 0x00000000008b0000

CodeCache: size=245760Kb used=1498Kb max_used=1510Kb free=244262Kb
 bounds [0x0000000002730000, 0x00000000029a0000, 0x0000000011730000]
 total_blobs=446 nmethods=189 adapters=171
 compilation: enabled

Compilation events (10 events):
Event: 0.084 Thread 0x0000000014e5c800 nmethod 38 0x0000000002846e50 code [0x0000000002846fa0, 0x0000000002847110]
Event: 0.085 Thread 0x0000000014e5c800   40       1       java.net.URL::getProtocol (5 bytes)
Event: 0.085 Thread 0x0000000014e5c800 nmethod 40 0x0000000002847190 code [0x00000000028472e0, 0x00000000028473f0]
Event: 0.086 Thread 0x0000000014e5c800   41       3       java.lang.String::indexOf (166 bytes)
Event: 0.086 Thread 0x0000000014e5c800 nmethod 41 0x0000000002847450 code [0x0000000002847600, 0x0000000002847c50]
Event: 0.086 Thread 0x0000000014e5c800   42       3       java.util.HashMap::getNode (148 bytes)
Event: 0.087 Thread 0x0000000014e5c800 nmethod 42 0x0000000002848010 code [0x00000000028481e0, 0x0000000002848b88]
Event: 0.087 Thread 0x0000000014e5c800   43       1       java.lang.String::length (6 bytes)
Event: 0.087 Thread 0x0000000014e5c800 nmethod 43 0x0000000002848e50 code [0x0000000002848fa0, 0x00000000028490b0]
Event: 0.087 Thread 0x0000000014e5c800   45  s!   3       sun.misc.URLClassPath::getLoader (197 bytes)

GC Heap History (0 events):
No events

Deoptimization events (0 events):
No events

Internal exceptions (2 events):
Event: 0.024 Thread 0x00000000025ae000 Exception <a 'java/lang/NoSuchMethodError': Method sun.misc.Unsafe.defineClass(Ljava/lang/String;[BII)Ljava/lang/Class; name or signature does not match> (0x00000000eab07cc0) thrown at [C:\src\android\AOSP-openjdk\external\jetbrains\jdk\hotspot\src\share\víÆR™?
Event: 0.024 Thread 0x00000000025ae000 Exception <a 'java/lang/NoSuchMethodError': Method sun.misc.Unsafe.prefetchRead(Ljava/lang/Object;J)V name or signature does not match> (0x00000000eab07fa8) thrown at [C:\src\android\AOSP-openjdk\external\jetbrains\jdk\hotspot\src\share\vm\prims\jni.cpp, l

Events (10 events):
Event: 0.087 loading class java/security/GeneralSecurityException done
Event: 0.087 loading class java/security/NoSuchAlgorithmException done
Event: 0.087 loading class java/security/DigestException
Event: 0.087 loading class java/security/DigestException done
Event: 0.087 loading class com/android/dx/util/AnnotatedOutput
Event: 0.087 loading class com/android/dx/util/AnnotatedOutput done
Event: 0.087 loading class com/android/dx/util/Output
Event: 0.087 loading class com/android/dx/util/Output done
Event: 0.088 loading class com/android/dex/util/ByteOutput
Event: 0.088 loading class com/android/dex/util/ByteOutput done


Dynamic libraries:
0x00007ff7998d0000 - 0x00007ff799901000 	D:\AndroidStudio\androidStudio\jre\bin\java.exe
0x00007ff8765d0000 - 0x00007ff8767a1000 	C:\WINDOWS\SYSTEM32\ntdll.dll
0x00007ff875bb0000 - 0x00007ff875c5b000 	C:\WINDOWS\System32\KERNEL32.DLL
0x00007ff872ac0000 - 0x00007ff872cdd000 	C:\WINDOWS\System32\KERNELBASE.dll
0x00007ff8760f0000 - 0x00007ff876192000 	C:\WINDOWS\System32\ADVAPI32.dll
0x00007ff876050000 - 0x00007ff8760ee000 	C:\WINDOWS\System32\msvcrt.dll
0x00007ff874460000 - 0x00007ff8744b9000 	C:\WINDOWS\System32\sechost.dll
0x00007ff875f20000 - 0x00007ff876041000 	C:\WINDOWS\System32\RPCRT4.dll
0x00007ff873e10000 - 0x00007ff873f75000 	C:\WINDOWS\System32\USER32.dll
0x00007ff8738e0000 - 0x00007ff8738fe000 	C:\WINDOWS\System32\win32u.dll
0x00007ff873d00000 - 0x00007ff873d34000 	C:\WINDOWS\System32\GDI32.dll
0x00007ff8739d0000 - 0x00007ff873b52000 	C:\WINDOWS\System32\gdi32full.dll
0x00007ff86b370000 - 0x00007ff86b5e9000 	C:\WINDOWS\WinSxS\amd64_microsoft.windows.common-controls_6595b64144ccf1df_6.0.14393.447_none_42191651c6827bb3\COMCTL32.dll
0x00007ff874190000 - 0x00007ff874457000 	C:\WINDOWS\System32\combase.dll
0x00007ff872eb0000 - 0x00007ff872fa5000 	C:\WINDOWS\System32\ucrtbase.dll
0x00007ff873960000 - 0x00007ff8739ca000 	C:\WINDOWS\System32\bcryptPrimitives.dll
0x00007ff875c60000 - 0x00007ff875c8e000 	C:\WINDOWS\System32\IMM32.DLL
0x00000000761b0000 - 0x0000000076282000 	D:\AndroidStudio\androidStudio\jre\jre\bin\msvcr100.dll
0x00000000762b0000 - 0x0000000076ae4000 	D:\AndroidStudio\androidStudio\jre\jre\bin\server\jvm.dll
0x00007ff8744d0000 - 0x00007ff8744d8000 	C:\WINDOWS\System32\PSAPI.DLL
0x00007ff8515a0000 - 0x00007ff8515a9000 	C:\WINDOWS\SYSTEM32\WSOCK32.dll
0x00007ff873d40000 - 0x00007ff873daa000 	C:\WINDOWS\System32\WS2_32.dll
0x00007ff870f40000 - 0x00007ff870f63000 	C:\WINDOWS\SYSTEM32\WINMM.dll
0x00007ff86c2d0000 - 0x00007ff86c2da000 	C:\WINDOWS\SYSTEM32\VERSION.dll
0x00007ff870ee0000 - 0x00007ff870f0b000 	C:\WINDOWS\SYSTEM32\WINMMBASE.dll
0x00007ff872fb0000 - 0x00007ff872ff2000 	C:\WINDOWS\System32\cfgmgr32.dll
0x00007ff8703a0000 - 0x00007ff8703af000 	D:\AndroidStudio\androidStudio\jre\jre\bin\verify.dll
0x00007ff867350000 - 0x00007ff867379000 	D:\AndroidStudio\androidStudio\jre\jre\bin\java.dll
0x00007ff867310000 - 0x00007ff867326000 	D:\AndroidStudio\androidStudio\jre\jre\bin\zip.dll
0x00007ff874640000 - 0x00007ff875b49000 	C:\WINDOWS\System32\SHELL32.dll
0x00007ff8730b0000 - 0x00007ff87378a000 	C:\WINDOWS\System32\windows.storage.dll
0x00007ff872a30000 - 0x00007ff872a7c000 	C:\WINDOWS\System32\powrprof.dll
0x00007ff874130000 - 0x00007ff874182000 	C:\WINDOWS\System32\shlwapi.dll
0x00007ff872a80000 - 0x00007ff872a8f000 	C:\WINDOWS\System32\kernel.appcore.dll
0x00007ff873790000 - 0x00007ff873839000 	C:\WINDOWS\System32\shcore.dll
0x00007ff872aa0000 - 0x00007ff872ab4000 	C:\WINDOWS\System32\profapi.dll

VM Arguments:
jvm_args: -Djava.awt.headless=true -Xmx1024M -Dfile.encoding=windows-1252 -Duser.country=US -Duser.language=en -Duser.variant 
java_command: com.android.dx.command.Main --dex --force-jumbo --multi-dex --output C:\Development\Android\vuforia-sdk-android-6-0-117\samples\VuforiaSamples-6-0-112 -Full - Split Render\app\build\intermediates\transforms\dex\debug\folders\1000\5\slice_3 C:\Development\Android\vuforia-sdk-android-6-0-117\samples\VuforiaSamples-6-0-112 -Full - Split Render\app\build\intermediates\transforms\instantRunSlicer\debug\folders\1\5\slice_3
java_class_path (initial): D:\AndroidStudio\SDK_\build-tools\22.0.1\lib\dx.jar
Launcher Type: SUN_STANDARD

Environment Variables:
JAVA_HOME=C:\Program Files (x86)\Java\jdk1.8.0_101
PATH=C:\ProgramData\Oracle\Java\javapath;C:\Program Files (x86)\Intel\iCLS Client\;C:\Program Files\Intel\iCLS Client\;C:\Program Files (x86)\PC Connectivity Solution\;C:\Windows\system32;C:\Windows;C:\Windows\System32\Wbem;C:\Windows\System32\WindowsPowerShell\v1.0\;C:\Program Files (x86)\GtkSharp\2.12\bin;C:\Program Files (x86)\Intel\Intel(R) Management Engine Components\DAL;C:\Program Files\Intel\Intel(R) Management Engine Components\DAL;C:\Program Files (x86)\Intel\Intel(R) Management Engine Components\IPT;C:\Program Files\Intel\Intel(R) Management Engine Components\IPT;C:\Program Files (x86)\NVIDIA Corporation\PhysX\Common;C:\WINDOWS\system32;C:\WINDOWS;C:\WINDOWS\System32\Wbem;C:\WINDOWS\System32\WindowsPowerShell\v1.0\;G:\App_Using\windowKit\Windows Performance Toolkit\;C:\Program Files (x86)\Skype\Phone\;C:\Users\QuocToan\.dnx\bin;C:\Program Files\Microsoft DNX\Dnvm\;C:\Program Files\Microsoft SQL Server\120\Tools\Binn\;C:\Program Files\Microsoft SQL Server\130\Tools\Binn\;C:\Program Files (x86)\nodejs\;C:\Program Files\Git\cm;C:\Program Files (x86)\SQL\100\Tools\Binn\;C:\Program Files\SQL\100\Tools\Binn\;C:\Program Files\SQL\100\DTS\Binn\;C:\Program Files (x86)\SQL\100\Tools\Binn\VSShell\Common7\IDE\;C:\Program Files (x86)\Microsoft Visual Studio 9.0\Common7\IDE\PrivateAssemblies\;C:\Program Files (x86)\SQL\100\DTS\Binn\;C:\Program Files\Intel\WiFi\bin\;C:\Program Files\Common Files\Intel\WirelessCommon\;C:\Program Files (x86)\Java\jdk1.8.0_101\bin;C:\Program Files\Intel\WiFi\bin\;C:\Program Files\Common Files\Intel\WirelessCommon\;C:\Users\QuocToan\AppData\Local\Microsoft\WindowsApps;C:\Users\QuocToan\AppData\Roaming\npm
USERNAME=QuocToan
OS=Windows_NT
PROCESSOR_IDENTIFIER=Intel64 Family 6 Model 94 Stepping 3, GenuineIntel



---------------  S Y S T E M  ---------------

OS: Windows 10.0 , 64 bit Build 14393 (10.0.14393.0)

CPU:total 4 (4 cores per cpu, 1 threads per core) family 6 model 94 stepping 3, cmov, cx8, fxsr, mmx, sse, sse2, sse3, ssse3, sse4.1, sse4.2, popcnt, avx, avx2, aes, clmul, erms, rtm, 3dnowpref, lzcnt, tsc, tscinvbit, bmi1, bmi2, adx

Memory: 4k page, physical 8298364k(1200156k free), swap 8298364k(374712k free)

vm_info: OpenJDK 64-Bit Server VM (25.76-b03) for windows-amd64 JRE (1.8.0_76-release-b03), built on Jun 29 2016 19:09:20 by "ralucas" with MS VC++ 10.0 (VS2010)

time: Sat Nov 26 05:39:22 2016
elapsed time: 2 seconds (0d 0h 0m 2s)

