#
# There is insufficient memory for the Java Runtime Environment to continue.
# Native memory allocation (malloc) failed to allocate 32744 bytes for ChunkPool::allocate
# Possible reasons:
#   The system is out of physical RAM or swap space
#   In 32 bit mode, the process size limit was hit
# Possible solutions:
#   Reduce memory load on the system
#   Increase physical memory or swap space
#   Check if swap backing store is full
#   Use 64 bit Java on a 64 bit OS
#   Decrease Java heap size (-Xmx/-Xms)
#   Decrease number of Java threads
#   Decrease Java thread stack sizes (-Xss)
#   Set larger code cache with -XX:ReservedCodeCacheSize=
# This output file may be truncated or incomplete.
#
#  Out of Memory Error (allocation.cpp:273), pid=5896, tid=0x00000000000021a4
#
# JRE version: OpenJDK Runtime Environment (8.0_76-b03) (build 1.8.0_76-release-b03)
# Java VM: OpenJDK 64-Bit Server VM (25.76-b03 mixed mode windows-amd64 compressed oops)
# Failed to write core dump. Minidumps are not enabled by default on client versions of Windows
#

---------------  T H R E A D  ---------------

Current thread (0x0000000014d39800):  JavaThread "C2 CompilerThread1" daemon [_thread_in_native, id=8612, stack(0x0000000016440000,0x0000000016540000)]

Stack: [0x0000000016440000,0x0000000016540000]
[error occurred during error reporting (printing stack bounds), id 0xc0000005]

Native frames: (J=compiled Java code, j=interpreted, Vv=VM code, C=native code)


Current CompileTask:
C2:   4381 1406   !   4       com.android.dx.cf.cst.ConstantPoolParser::parse0 (731 bytes)


---------------  P R O C E S S  ---------------

Java Threads: ( => current thread )
  0x0000000016542800 JavaThread "Service Thread" daemon [_thread_blocked, id=9408, stack(0x0000000016a40000,0x0000000016b40000)]
  0x0000000014d3c800 JavaThread "C1 CompilerThread2" daemon [_thread_in_vm, id=8440, stack(0x0000000016940000,0x0000000016a40000)]
=>0x0000000014d39800 JavaThread "C2 CompilerThread1" daemon [_thread_in_native, id=8612, stack(0x0000000016440000,0x0000000016540000)]
  0x0000000014cde000 JavaThread "C2 CompilerThread0" daemon [_thread_in_native, id=13164, stack(0x0000000016340000,0x0000000016440000)]
  0x0000000014cdc000 JavaThread "Attach Listener" daemon [_thread_blocked, id=6404, stack(0x0000000016240000,0x0000000016340000)]
  0x0000000014cd9000 JavaThread "Signal Dispatcher" daemon [_thread_blocked, id=1916, stack(0x0000000016140000,0x0000000016240000)]
  0x0000000014cc8800 JavaThread "Finalizer" daemon [_thread_blocked, id=10128, stack(0x0000000015f50000,0x0000000016050000)]
  0x0000000014ca7000 JavaThread "Reference Handler" daemon [_thread_blocked, id=13740, stack(0x0000000015e50000,0x0000000015f50000)]
  0x0000000000dde000 JavaThread "main" [_thread_in_Java, id=8200, stack(0x0000000002410000,0x0000000002510000)]

Other Threads:
  0x0000000014ca5000 VMThread [stack: 0x0000000015d50000,0x0000000015e50000] [id=6652]
  0x0000000016543800 WatcherThread [stack: 0x0000000016b40000,0x0000000016c40000] [id=6988]

VM state:not at safepoint (normal execution)

VM Mutex/Monitor currently owned by a thread: None

Heap:
 PSYoungGen      total 71680K, used 16150K [0x00000000eab00000, 0x00000000ef600000, 0x0000000100000000)
  eden space 66560K, 16% used [0x00000000eab00000,0x00000000eb5c98c0,0x00000000eec00000)
  from space 5120K, 99% used [0x00000000ef100000,0x00000000ef5fc030,0x00000000ef600000)
  to   space 5120K, 0% used [0x00000000eec00000,0x00000000eec00000,0x00000000ef100000)
 ParOldGen       total 87552K, used 12078K [0x00000000c0000000, 0x00000000c5580000, 0x00000000eab00000)
  object space 87552K, 13% used [0x00000000c0000000,0x00000000c0bcbbc0,0x00000000c5580000)
 Metaspace       used 5483K, capacity 6960K, committed 7040K, reserved 1056768K
  class space    used 521K, capacity 616K, committed 640K, reserved 1048576K

Card table byte_map: [0x00000000119d0000,0x0000000011be0000] byte_map_base: 0x00000000113d0000

Marking Bits: (ParMarkBitMap*) 0x000000005b349d00
 Begin Bits: [0x0000000012140000, 0x0000000013140000)
 End Bits:   [0x0000000013140000, 0x0000000014140000)

Polling page: 0x0000000000dc0000

CodeCache: size=245760Kb used=6587Kb max_used=6587Kb free=239172Kb
 bounds [0x0000000002610000, 0x0000000002c90000, 0x0000000011610000]
 total_blobs=1716 nmethods=1459 adapters=171
 compilation: enabled

Compilation events (10 events):
Event: 4.125 Thread 0x0000000014d3c800 1467       3       com.android.dx.cf.code.Simulator$SimVisitor::visitBranch (341 bytes)
Event: 4.126 Thread 0x0000000014d3c800 nmethod 1467 0x0000000002c81350 code [0x0000000002c815e0, 0x0000000002c826c8]
Event: 4.127 Thread 0x0000000014d3c800 1468       3       com.android.dx.cf.code.ByteCatchList$Item::covers (22 bytes)
Event: 4.127 Thread 0x0000000014d3c800 nmethod 1468 0x0000000002c82fd0 code [0x0000000002c83120, 0x0000000002c83310]
Event: 4.127 Thread 0x0000000014d3c800 1469       3       com.android.dx.rop.code.Rop::<init> (15 bytes)
Event: 4.127 Thread 0x0000000014d3c800 nmethod 1469 0x0000000002c83390 code [0x0000000002c83500, 0x0000000002c836a8]
Event: 4.128 Thread 0x0000000014d3c800 1470       3       com.android.dx.cf.iface.StdAttributeList::findNext (85 bytes)
Event: 4.129 Thread 0x0000000014d3c800 nmethod 1470 0x0000000002c83750 code [0x0000000002c83940, 0x0000000002c84548]
Event: 4.129 Thread 0x0000000014d3c800 1471       3       com.android.dx.ssa.LocalVariableInfo::addAssignment (43 bytes)
Event: 4.129 Thread 0x0000000014d3c800 nmethod 1471 0x0000000002c84910 code [0x0000000002c84b00, 0x0000000002c85388]

GC Heap History (4 events):
Event: 1.976 GC heap before
{Heap before GC invocations=1 (full 0):
 PSYoungGen      total 38400K, used 33280K [0x00000000eab00000, 0x00000000ed580000, 0x0000000100000000)
  eden space 33280K, 100% used [0x00000000eab00000,0x00000000ecb80000,0x00000000ecb80000)
  from space 5120K, 0% used [0x00000000ed080000,0x00000000ed080000,0x00000000ed580000)
  to   space 5120K, 0% used [0x00000000ecb80000,0x00000000ecb80000,0x00000000ed080000)
 ParOldGen       total 87552K, used 0K [0x00000000c0000000, 0x00000000c5580000, 0x00000000eab00000)
  object space 87552K, 0% used [0x00000000c0000000,0x00000000c0000000,0x00000000c5580000)
 Metaspace       used 5304K, capacity 6768K, committed 7040K, reserved 1056768K
  class space    used 520K, capacity 616K, committed 640K, reserved 1048576K
Event: 2.045 GC heap after
Heap after GC invocations=1 (full 0):
 PSYoungGen      total 38400K, used 5088K [0x00000000eab00000, 0x00000000ef600000, 0x0000000100000000)
  eden space 33280K, 0% used [0x00000000eab00000,0x00000000eab00000,0x00000000ecb80000)
  from space 5120K, 99% used [0x00000000ecb80000,0x00000000ed078030,0x00000000ed080000)
  to   space 5120K, 0% used [0x00000000ef100000,0x00000000ef100000,0x00000000ef600000)
 ParOldGen       total 87552K, used 5766K [0x00000000c0000000, 0x00000000c5580000, 0x00000000eab00000)
  object space 87552K, 6% used [0x00000000c0000000,0x00000000c05a1988,0x00000000c5580000)
 Metaspace       used 5304K, capacity 6768K, committed 7040K, reserved 1056768K
  class space    used 520K, capacity 616K, committed 640K, reserved 1048576K
}
Event: 4.013 GC heap before
{Heap before GC invocations=2 (full 0):
 PSYoungGen      total 38400K, used 38368K [0x00000000eab00000, 0x00000000ef600000, 0x0000000100000000)
  eden space 33280K, 100% used [0x00000000eab00000,0x00000000ecb80000,0x00000000ecb80000)
  from space 5120K, 99% used [0x00000000ecb80000,0x00000000ed078030,0x00000000ed080000)
  to   space 5120K, 0% used [0x00000000ef100000,0x00000000ef100000,0x00000000ef600000)
 ParOldGen       total 87552K, used 5766K [0x00000000c0000000, 0x00000000c5580000, 0x00000000eab00000)
  object space 87552K, 6% used [0x00000000c0000000,0x00000000c05a1988,0x00000000c5580000)
 Metaspace       used 5468K, capacity 6896K, committed 7040K, reserved 1056768K
  class space    used 521K, capacity 616K, committed 640K, reserved 1048576K
Event: 4.073 GC heap after
Heap after GC invocations=2 (full 0):
 PSYoungGen      total 71680K, used 5104K [0x00000000eab00000, 0x00000000ef600000, 0x0000000100000000)
  eden space 66560K, 0% used [0x00000000eab00000,0x00000000eab00000,0x00000000eec00000)
  from space 5120K, 99% used [0x00000000ef100000,0x00000000ef5fc030,0x00000000ef600000)
  to   space 5120K, 0% used [0x00000000eec00000,0x00000000eec00000,0x00000000ef100000)
 ParOldGen       total 87552K, used 12078K [0x00000000c0000000, 0x00000000c5580000, 0x00000000eab00000)
  object space 87552K, 13% used [0x00000000c0000000,0x00000000c0bcbbc0,0x00000000c5580000)
 Metaspace       used 5468K, capacity 6896K, committed 7040K, reserved 1056768K
  class space    used 521K, capacity 616K, committed 640K, reserved 1048576K
}

Deoptimization events (10 events):
Event: 3.575 Thread 0x0000000000dde000 Uncommon trap: reason=bimorphic action=maybe_recompile pc=0x0000000002b9baa0 method=com.android.dx.cf.code.BytecodeArray.parseInstruction(ILcom/android/dx/cf/code/BytecodeArray$Visitor;)I @ 939
Event: 3.575 Thread 0x0000000000dde000 Uncommon trap: reason=bimorphic action=maybe_recompile pc=0x0000000002b9baa0 method=com.android.dx.cf.code.BytecodeArray.parseInstruction(ILcom/android/dx/cf/code/BytecodeArray$Visitor;)I @ 939
Event: 3.581 Thread 0x0000000000dde000 Uncommon trap: reason=unstable_if action=reinterpret pc=0x0000000002a9fb44 method=com.android.dx.rop.code.RegisterSpecSet.put(Lcom/android/dx/rop/code/RegisterSpec;)V @ 77
Event: 3.581 Thread 0x0000000000dde000 Uncommon trap: reason=unstable_if action=reinterpret pc=0x000000000293cbf8 method=com.android.dx.rop.code.RegisterSpecSet.put(Lcom/android/dx/rop/code/RegisterSpec;)V @ 77
Event: 3.581 Thread 0x0000000000dde000 Uncommon trap: reason=unstable_if action=reinterpret pc=0x0000000002a89a44 method=com.android.dx.rop.code.RegisterSpecSet.put(Lcom/android/dx/rop/code/RegisterSpec;)V @ 77
Event: 3.600 Thread 0x0000000000dde000 Uncommon trap: reason=unstable_if action=reinterpret pc=0x0000000002a90ff8 method=com.android.dx.ssa.SsaRenamer$BlockRenamer.addMapping(ILcom/android/dx/rop/code/RegisterSpec;)V @ 120
Event: 3.600 Thread 0x0000000000dde000 Uncommon trap: reason=bimorphic action=maybe_recompile pc=0x0000000002ac5c70 method=com.android.dx.ssa.SCCP.simulatePhi(Lcom/android/dx/ssa/PhiInsn;)V @ 124
Event: 3.605 Thread 0x0000000000dde000 Uncommon trap: reason=unstable_if action=reinterpret pc=0x0000000002b14ebc method=java.util.BitSet.clone()Ljava/lang/Object; @ 4
Event: 3.606 Thread 0x0000000000dde000 Uncommon trap: reason=unstable_if action=reinterpret pc=0x0000000002904250 method=com.android.dx.ssa.SsaRenamer$BlockRenamer.addMapping(ILcom/android/dx/rop/code/RegisterSpec;)V @ 120
Event: 3.999 Thread 0x0000000000dde000 Uncommon trap: reason=class_check action=maybe_recompile pc=0x00000000029d6150 method=java.util.HashMap.putVal(ILjava/lang/Object;Ljava/lang/Object;ZZ)Ljava/lang/Object; @ 203

Internal exceptions (4 events):
Event: 0.023 Thread 0x0000000000dde000 Exception <a 'java/lang/NoSuchMethodError': Method sun.misc.Unsafe.defineClass(Ljava/lang/String;[BII)Ljava/lang/Class; name or signature does not match> (0x00000000eab07cc0) thrown at [C:\src\android\AOSP-openjdk\external\jetbrains\jdk\hotspot\src\share\vËç
Event: 0.023 Thread 0x0000000000dde000 Exception <a 'java/lang/NoSuchMethodError': Method sun.misc.Unsafe.prefetchRead(Ljava/lang/Object;J)V name or signature does not match> (0x00000000eab07fa8) thrown at [C:\src\android\AOSP-openjdk\external\jetbrains\jdk\hotspot\src\share\vm\prims\jni.cpp, lE⁄ı}ë2?
Event: 1.012 Thread 0x0000000000dde000 Implicit null exception at 0x00000000029d2da2 to 0x00000000029d2e9a
Event: 2.738 Thread 0x0000000000dde000 Implicit null exception at 0x00000000028b885e to 0x00000000028bb1a5

Events (10 events):
Event: 3.606 Thread 0x0000000000dde000 Uncommon trap: trap_request=0xffffff65 fr.pc=0x0000000002904250
Event: 3.606 Thread 0x0000000000dde000 DEOPT PACKING pc=0x0000000002904250 sp=0x000000000250dcf0
Event: 3.606 Thread 0x0000000000dde000 DEOPT UNPACKING pc=0x000000000265556a sp=0x000000000250dc80 mode 2
Event: 3.999 Thread 0x0000000000dde000 Uncommon trap: trap_request=0xffffffde fr.pc=0x00000000029d6150
Event: 3.999 Thread 0x0000000000dde000 DEOPT PACKING pc=0x00000000029d6150 sp=0x000000000250dda0
Event: 3.999 Thread 0x0000000000dde000 DEOPT UNPACKING pc=0x000000000265556a sp=0x000000000250dd28 mode 2
Event: 4.013 Executing VM operation: ParallelGCFailedAllocation
Event: 4.073 Executing VM operation: ParallelGCFailedAllocation done
Event: 4.132 Executing VM operation: EnableBiasedLocking
Event: 4.133 Executing VM operation: EnableBiasedLocking done


Dynamic libraries:
0x00007ff70bc50000 - 0x00007ff70bc81000 	D:\AndroidStudio\androidStudio\jre\bin\java.exe
0x00007ffc86740000 - 0x00007ffc86911000 	C:\WINDOWS\SYSTEM32\ntdll.dll
0x00007ffc854d0000 - 0x00007ffc8557b000 	C:\WINDOWS\System32\KERNEL32.DLL
0x00007ffc83900000 - 0x00007ffc83b1d000 	C:\WINDOWS\System32\KERNELBASE.dll
0x00007ffc85dc0000 - 0x00007ffc85e62000 	C:\WINDOWS\System32\ADVAPI32.dll
0x00007ffc865a0000 - 0x00007ffc8663e000 	C:\WINDOWS\System32\msvcrt.dll
0x00007ffc852b0000 - 0x00007ffc85309000 	C:\WINDOWS\System32\sechost.dll
0x00007ffc85640000 - 0x00007ffc85761000 	C:\WINDOWS\System32\RPCRT4.dll
0x00007ffc85a10000 - 0x00007ffc85b75000 	C:\WINDOWS\System32\USER32.dll
0x00007ffc82c30000 - 0x00007ffc82c4e000 	C:\WINDOWS\System32\win32u.dll
0x00007ffc85d80000 - 0x00007ffc85db4000 	C:\WINDOWS\System32\GDI32.dll
0x00007ffc83480000 - 0x00007ffc83602000 	C:\WINDOWS\System32\gdi32full.dll
0x00007ffc7d060000 - 0x00007ffc7d2d9000 	C:\WINDOWS\WinSxS\amd64_microsoft.windows.common-controls_6595b64144ccf1df_6.0.14393.0_none_2d0f50fcbdb171b8\COMCTL32.dll
0x00007ffc862d0000 - 0x00007ffc86597000 	C:\WINDOWS\System32\combase.dll
0x00007ffc83380000 - 0x00007ffc83475000 	C:\WINDOWS\System32\ucrtbase.dll
0x00007ffc837e0000 - 0x00007ffc8384a000 	C:\WINDOWS\System32\bcryptPrimitives.dll
0x00007ffc85e70000 - 0x00007ffc85e9e000 	C:\WINDOWS\System32\IMM32.DLL
0x000000005a980000 - 0x000000005aa52000 	D:\AndroidStudio\androidStudio\jre\jre\bin\msvcr100.dll
0x000000005ab90000 - 0x000000005b3c4000 	D:\AndroidStudio\androidStudio\jre\jre\bin\server\jvm.dll
0x00007ffc85770000 - 0x00007ffc85778000 	C:\WINDOWS\System32\PSAPI.DLL
0x00007ffc7ca90000 - 0x00007ffc7ca99000 	C:\WINDOWS\SYSTEM32\WSOCK32.dll
0x00007ffc859a0000 - 0x00007ffc85a0a000 	C:\WINDOWS\System32\WS2_32.dll
0x00007ffc80520000 - 0x00007ffc80543000 	C:\WINDOWS\SYSTEM32\WINMM.dll
0x00007ffc7f080000 - 0x00007ffc7f08a000 	C:\WINDOWS\SYSTEM32\VERSION.dll
0x00007ffc804f0000 - 0x00007ffc8051b000 	C:\WINDOWS\SYSTEM32\WINMMBASE.dll
0x00007ffc83330000 - 0x00007ffc83372000 	C:\WINDOWS\System32\cfgmgr32.dll
0x00007ffc7e010000 - 0x00007ffc7e01f000 	D:\AndroidStudio\androidStudio\jre\jre\bin\verify.dll
0x00007ffc6a9d0000 - 0x00007ffc6a9f9000 	D:\AndroidStudio\androidStudio\jre\jre\bin\java.dll
0x00007ffc76730000 - 0x00007ffc76746000 	D:\AndroidStudio\androidStudio\jre\jre\bin\zip.dll
0x00007ffc83d30000 - 0x00007ffc85238000 	C:\WINDOWS\System32\SHELL32.dll
0x00007ffc82c50000 - 0x00007ffc8332a000 	C:\WINDOWS\System32\windows.storage.dll
0x00007ffc82bc0000 - 0x00007ffc82c0c000 	C:\WINDOWS\System32\powrprof.dll
0x00007ffc83cd0000 - 0x00007ffc83d22000 	C:\WINDOWS\System32\shlwapi.dll
0x00007ffc82c10000 - 0x00007ffc82c1f000 	C:\WINDOWS\System32\kernel.appcore.dll
0x00007ffc83850000 - 0x00007ffc838f9000 	C:\WINDOWS\System32\shcore.dll
0x00007ffc82ba0000 - 0x00007ffc82bb4000 	C:\WINDOWS\System32\profapi.dll

VM Arguments:
jvm_args: -Djava.awt.headless=true -Xmx1024M -Dfile.encoding=windows-1252 -Duser.country=US -Duser.language=en -Duser.variant 
java_command: com.android.dx.command.Main --dex --force-jumbo --multi-dex --output C:\Development\Android\vuforia-sdk-android-6-0-117\samples\VuforiaSamples-6-0-112 - Copy\app\build\intermediates\transforms\dex\debug\folders\1000\5\slice_6 C:\Development\Android\vuforia-sdk-android-6-0-117\samples\VuforiaSamples-6-0-112 - Copy\app\build\intermediates\transforms\instantRunSlicer\debug\folders\1\5\slice_6
java_class_path (initial): D:\AndroidStudio\SDK_\build-tools\22.0.1\lib\dx.jar
Launcher Type: SUN_STANDARD

Environment Variables:
JAVA_HOME=C:\Program Files (x86)\Java\jdk1.8.0_101
PATH=C:\ProgramData\Oracle\Java\javapath;C:\Program Files (x86)\Intel\iCLS Client\;C:\Program Files\Intel\iCLS Client\;C:\Program Files (x86)\PC Connectivity Solution\;C:\Windows\system32;C:\Windows;C:\Windows\System32\Wbem;C:\Windows\System32\WindowsPowerShell\v1.0\;C:\Program Files (x86)\GtkSharp\2.12\bin;C:\Program Files (x86)\Intel\Intel(R) Management Engine Components\DAL;C:\Program Files\Intel\Intel(R) Management Engine Components\DAL;C:\Program Files (x86)\Intel\Intel(R) Management Engine Components\IPT;C:\Program Files\Intel\Intel(R) Management Engine Components\IPT;C:\Program Files (x86)\NVIDIA Corporation\PhysX\Common;C:\WINDOWS\system32;C:\WINDOWS;C:\WINDOWS\System32\Wbem;C:\WINDOWS\System32\WindowsPowerShell\v1.0\;G:\App_Using\windowKit\Windows Performance Toolkit\;C:\Program Files\Intel\WiFi\bin\;C:\Program Files\Common Files\Intel\WirelessCommon\;C:\Program Files (x86)\Skype\Phone\;C:\WINDOWS\system32\config\systemprofile\.dnx\bin;C:\Program Files\Microsoft DNX\Dnvm\;C:\Program Files\Microsoft SQL Server\120\Tools\Binn\;C:\Program Files\Microsoft SQL Server\130\Tools\Binn\;C:\Program Files (x86)\nodejs\;C:\Program Files\Git\cm;C:\Program Files (x86)\Java\jdk1.8.0_101\bin;C:\Program Files\Intel\WiFi\bin\;C:\Program Files\Common Files\Intel\WirelessCommon\;C:\Users\QuocToan\AppData\Local\Microsoft\WindowsApps;C:\Users\QuocToan\AppData\Roaming\npm
USERNAME=QuocToan
OS=Windows_NT
PROCESSOR_IDENTIFIER=Intel64 Family 6 Model 94 Stepping 3, GenuineIntel



---------------  S Y S T E M  ---------------

OS: Windows 10.0 , 64 bit Build 14393 (10.0.14393.0)

CPU:total 4 (4 cores per cpu, 1 threads per core) family 6 model 94 stepping 3, cmov, cx8, fxsr, mmx, sse, sse2, sse3, ssse3, sse4.1, sse4.2, popcnt, avx, avx2, aes, clmul, erms, rtm, 3dnowpref, lzcnt, tsc, tscinvbit, bmi1, bmi2, adx

Memory: 4k page, physical 8298364k(1138680k free), swap 8298364k(4100k free)

vm_info: OpenJDK 64-Bit Server VM (25.76-b03) for windows-amd64 JRE (1.8.0_76-release-b03), built on Jun 29 2016 19:09:20 by "ralucas" with MS VC++ 10.0 (VS2010)

time: Sun Oct 09 16:15:47 2016
elapsed time: 4 seconds (0d 0h 0m 4s)

