#
# There is insufficient memory for the Java Runtime Environment to continue.
# Native memory allocation (malloc) failed to allocate 1048576 bytes for AllocateHeap
# Possible reasons:
#   The system is out of physical RAM or swap space
#   In 32 bit mode, the process size limit was hit
# Possible solutions:
#   Reduce memory load on the system
#   Increase physical memory or swap space
#   Check if swap backing store is full
#   Use 64 bit Java on a 64 bit OS
#   Decrease Java heap size (-Xmx/-Xms)
#   Decrease number of Java threads
#   Decrease Java thread stack sizes (-Xss)
#   Set larger code cache with -XX:ReservedCodeCacheSize=
# This output file may be truncated or incomplete.
#
#  Out of Memory Error (memory/allocation.inline.hpp:61), pid=7912, tid=0x0000000000003620
#
# JRE version:  (8.0_76-b03) (build )
# Java VM: OpenJDK 64-Bit Server VM (25.76-b03 mixed mode windows-amd64 compressed oops)
# Failed to write core dump. Minidumps are not enabled by default on client versions of Windows
#

---------------  T H R E A D  ---------------

Current thread (0x000000000272e000):  JavaThread "Unknown thread" [_thread_in_vm, id=13856, stack(0x00000000027f0000,0x00000000028f0000)]

Stack: [0x00000000027f0000,0x00000000028f0000]
[error occurred during error reporting (printing stack bounds), id 0xc0000005]

Native frames: (J=compiled Java code, j=interpreted, Vv=VM code, C=native code)


---------------  P R O C E S S  ---------------

Java Threads: ( => current thread )

Other Threads:

=>0x000000000272e000 (exited) JavaThread "Unknown thread" [_thread_in_vm, id=13856, stack(0x00000000027f0000,0x00000000028f0000)]

VM state:not at safepoint (normal execution)

VM Mutex/Monitor currently owned by a thread: None

Heap:
 PSYoungGen      total 38400K, used 665K [0x00000000eab00000, 0x00000000ed580000, 0x0000000100000000)
  eden space 33280K, 2% used [0x00000000eab00000,0x00000000eaba6670,0x00000000ecb80000)
  from space 5120K, 0% used [0x00000000ed080000,0x00000000ed080000,0x00000000ed580000)
  to   space 5120K, 0% used [0x00000000ecb80000,0x00000000ecb80000,0x00000000ed080000)
 ParOldGen       total 87552K, used 0K [0x00000000c0000000, 0x00000000c5580000, 0x00000000eab00000)
  object space 87552K, 0% used [0x00000000c0000000,0x00000000c0000000,0x00000000c5580000)
 Metaspace       used 771K, capacity 4480K, committed 4480K, reserved 1056768K
  class space    used 73K, capacity 384K, committed 384K, reserved 1048576K

Card table byte_map: [0x0000000011db0000,0x0000000011fc0000] byte_map_base: 0x00000000117b0000

Marking Bits: (ParMarkBitMap*) 0x000000005b349d00
 Begin Bits: [0x0000000012520000, 0x0000000013520000)
 End Bits:   [0x0000000013520000, 0x0000000014520000)

Polling page: 0x0000000000d90000

CodeCache: size=245760Kb used=328Kb max_used=328Kb free=245431Kb
 bounds [0x00000000029f0000, 0x0000000002c60000, 0x00000000119f0000]
 total_blobs=57 nmethods=0 adapters=38
 compilation: enabled

Compilation events (0 events):
No events

GC Heap History (0 events):
No events

Deoptimization events (0 events):
No events

Internal exceptions (0 events):
No events

Events (10 events):
Event: 0.015 loading class java/lang/Short
Event: 0.015 loading class java/lang/Short done
Event: 0.015 loading class java/lang/Integer
Event: 0.015 loading class java/lang/Integer done
Event: 0.015 loading class java/lang/Long
Event: 0.016 loading class java/lang/Long done
Event: 0.016 loading class java/lang/NullPointerException
Event: 0.016 loading class java/lang/NullPointerException done
Event: 0.016 loading class java/lang/ArithmeticException
Event: 0.016 loading class java/lang/ArithmeticException done


Dynamic libraries:
0x00007ff70bc50000 - 0x00007ff70bc81000 	D:\AndroidStudio\androidStudio\jre\bin\java.exe
0x00007ffc86740000 - 0x00007ffc86911000 	C:\WINDOWS\SYSTEM32\ntdll.dll
0x00007ffc854d0000 - 0x00007ffc8557b000 	C:\WINDOWS\System32\KERNEL32.DLL
0x00007ffc83900000 - 0x00007ffc83b1d000 	C:\WINDOWS\System32\KERNELBASE.dll
0x00007ffc85dc0000 - 0x00007ffc85e62000 	C:\WINDOWS\System32\ADVAPI32.dll
0x00007ffc865a0000 - 0x00007ffc8663e000 	C:\WINDOWS\System32\msvcrt.dll
0x00007ffc852b0000 - 0x00007ffc85309000 	C:\WINDOWS\System32\sechost.dll
0x00007ffc85640000 - 0x00007ffc85761000 	C:\WINDOWS\System32\RPCRT4.dll
0x00007ffc85a10000 - 0x00007ffc85b75000 	C:\WINDOWS\System32\USER32.dll
0x00007ffc82c30000 - 0x00007ffc82c4e000 	C:\WINDOWS\System32\win32u.dll
0x00007ffc85d80000 - 0x00007ffc85db4000 	C:\WINDOWS\System32\GDI32.dll
0x00007ffc83480000 - 0x00007ffc83602000 	C:\WINDOWS\System32\gdi32full.dll
0x00007ffc7d060000 - 0x00007ffc7d2d9000 	C:\WINDOWS\WinSxS\amd64_microsoft.windows.common-controls_6595b64144ccf1df_6.0.14393.0_none_2d0f50fcbdb171b8\COMCTL32.dll
0x00007ffc862d0000 - 0x00007ffc86597000 	C:\WINDOWS\System32\combase.dll
0x00007ffc83380000 - 0x00007ffc83475000 	C:\WINDOWS\System32\ucrtbase.dll
0x00007ffc837e0000 - 0x00007ffc8384a000 	C:\WINDOWS\System32\bcryptPrimitives.dll
0x00007ffc85e70000 - 0x00007ffc85e9e000 	C:\WINDOWS\System32\IMM32.DLL
0x000000005a980000 - 0x000000005aa52000 	D:\AndroidStudio\androidStudio\jre\jre\bin\msvcr100.dll
0x000000005ab90000 - 0x000000005b3c4000 	D:\AndroidStudio\androidStudio\jre\jre\bin\server\jvm.dll
0x00007ffc85770000 - 0x00007ffc85778000 	C:\WINDOWS\System32\PSAPI.DLL
0x00007ffc7ca90000 - 0x00007ffc7ca99000 	C:\WINDOWS\SYSTEM32\WSOCK32.dll
0x00007ffc859a0000 - 0x00007ffc85a0a000 	C:\WINDOWS\System32\WS2_32.dll
0x00007ffc80520000 - 0x00007ffc80543000 	C:\WINDOWS\SYSTEM32\WINMM.dll
0x00007ffc7f080000 - 0x00007ffc7f08a000 	C:\WINDOWS\SYSTEM32\VERSION.dll
0x00007ffc804f0000 - 0x00007ffc8051b000 	C:\WINDOWS\SYSTEM32\WINMMBASE.dll
0x00007ffc83330000 - 0x00007ffc83372000 	C:\WINDOWS\System32\cfgmgr32.dll
0x00007ffc7e010000 - 0x00007ffc7e01f000 	D:\AndroidStudio\androidStudio\jre\jre\bin\verify.dll
0x00007ffc6a9d0000 - 0x00007ffc6a9f9000 	D:\AndroidStudio\androidStudio\jre\jre\bin\java.dll
0x00007ffc76730000 - 0x00007ffc76746000 	D:\AndroidStudio\androidStudio\jre\jre\bin\zip.dll

VM Arguments:
jvm_args: -Djava.awt.headless=true -Xmx1024M -Dfile.encoding=windows-1252 -Duser.country=US -Duser.language=en -Duser.variant 
java_command: com.android.dx.command.Main --dex --force-jumbo --multi-dex --output C:\Development\Android\vuforia-sdk-android-6-0-117\samples\VuforiaSamples-6-0-112\app\build\intermediates\transforms\dex\debug\folders\1000\5\slice_7 C:\Development\Android\vuforia-sdk-android-6-0-117\samples\VuforiaSamples-6-0-112\app\build\intermediates\transforms\instantRunSlicer\debug\folders\1\5\slice_7
java_class_path (initial): D:\AndroidStudio\SDK_\build-tools\22.0.1\lib\dx.jar
Launcher Type: SUN_STANDARD

Environment Variables:
JAVA_HOME=C:\Program Files (x86)\Java\jdk1.8.0_101
PATH=C:\ProgramData\Oracle\Java\javapath;C:\Program Files (x86)\Intel\iCLS Client\;C:\Program Files\Intel\iCLS Client\;C:\Program Files (x86)\PC Connectivity Solution\;C:\Windows\system32;C:\Windows;C:\Windows\System32\Wbem;C:\Windows\System32\WindowsPowerShell\v1.0\;C:\Program Files (x86)\GtkSharp\2.12\bin;C:\Program Files (x86)\Intel\Intel(R) Management Engine Components\DAL;C:\Program Files\Intel\Intel(R) Management Engine Components\DAL;C:\Program Files (x86)\Intel\Intel(R) Management Engine Components\IPT;C:\Program Files\Intel\Intel(R) Management Engine Components\IPT;C:\Program Files (x86)\NVIDIA Corporation\PhysX\Common;C:\WINDOWS\system32;C:\WINDOWS;C:\WINDOWS\System32\Wbem;C:\WINDOWS\System32\WindowsPowerShell\v1.0\;G:\App_Using\windowKit\Windows Performance Toolkit\;C:\Program Files\Intel\WiFi\bin\;C:\Program Files\Common Files\Intel\WirelessCommon\;C:\Program Files (x86)\Skype\Phone\;C:\WINDOWS\system32\config\systemprofile\.dnx\bin;C:\Program Files\Microsoft DNX\Dnvm\;C:\Program Files\Microsoft SQL Server\120\Tools\Binn\;C:\Program Files\Microsoft SQL Server\130\Tools\Binn\;C:\Program Files (x86)\nodejs\;C:\Program Files\Git\cm;C:\Program Files (x86)\Java\jdk1.8.0_101\bin;C:\Program Files\Intel\WiFi\bin\;C:\Program Files\Common Files\Intel\WirelessCommon\;C:\Users\QuocToan\AppData\Local\Microsoft\WindowsApps;C:\Users\QuocToan\AppData\Roaming\npm
USERNAME=QuocToan
OS=Windows_NT
PROCESSOR_IDENTIFIER=Intel64 Family 6 Model 94 Stepping 3, GenuineIntel



---------------  S Y S T E M  ---------------

OS: Windows 10.0 , 64 bit Build 14393 (10.0.14393.0)

CPU:total 4 (4 cores per cpu, 1 threads per core) family 6 model 94 stepping 3, cmov, cx8, fxsr, mmx, sse, sse2, sse3, ssse3, sse4.1, sse4.2, popcnt, avx, avx2, aes, clmul, erms, rtm, 3dnowpref, lzcnt, tsc, tscinvbit, bmi1, bmi2, adx

Memory: 4k page, physical 8298364k(1312120k free), swap 8298364k(5412k free)

vm_info: OpenJDK 64-Bit Server VM (25.76-b03) for windows-amd64 JRE (1.8.0_76-release-b03), built on Jun 29 2016 19:09:20 by "ralucas" with MS VC++ 10.0 (VS2010)

time: Sun Oct 09 15:20:10 2016
elapsed time: 0 seconds (0d 0h 0m 0s)

